# JRE version: OpenJDK Runtime Environment (8.0_222-b10) (build 1.8.0_222-b10)
# Java VM: OpenJDK 64-Bit Server VM (25.222-b10 mixed mode linux-amd64 compressed oops)
Heap:
 def new generation   total 6144K, used 0K [0x00000000c0000000, 0x00000000c06a0000, 0x00000000d5550000)
  eden space 5504K,   0% used [0x00000000c0000000, 0x00000000c0000000, 0x00000000c0560000)
  from space 640K,   0% used [0x00000000c0560000, 0x00000000c0560000, 0x00000000c0600000)
  to   space 640K,   0% used [0x00000000c0600000, 0x00000000c0600000, 0x00000000c06a0000)
 tenured generation   total 13504K, used 11582K [0x00000000d5550000, 0x00000000d6280000, 0x0000000100000000)
   the space 13504K,  85% used [0x00000000d5550000, 0x00000000d609fa68, 0x00000000d609fc00, 0x00000000d6280000)
 Metaspace       used 41982K, capacity 42266K, committed 42496K, reserved 1085440K
  class space    used 5774K, capacity 5874K, committed 5888K, reserved 1048576K
GC Heap History (155 events):
Event: 0.610 GC heap before
{Heap before GC invocations=0 (full 0):
 def new generation   total 4928K, used 4416K [0x00000000c0000000, 0x00000000c0550000, 0x00000000d5550000)
  eden space 4416K, 100% used [0x00000000c0000000, 0x00000000c0450000, 0x00000000c0450000)
  from space 512K,   0% used [0x00000000c0450000, 0x00000000c0450000, 0x00000000c04d0000)
  to   space 512K,   0% used [0x00000000c04d0000, 0x00000000c04d0000, 0x00000000c0550000)
 tenured generation   total 10944K, used 0K [0x00000000d5550000, 0x00000000d6000000, 0x0000000100000000)
   the space 10944K,   0% used [0x00000000d5550000, 0x00000000d5550000, 0x00000000d5550200, 0x00000000d6000000)
 Metaspace       used 3076K, capacity 4490K, committed 4864K, reserved 1056768K
  class space    used 281K, capacity 386K, committed 512K, reserved 1048576K
Event: 0.612 GC heap after
Heap after GC invocations=1 (full 0):
 def new generation   total 4928K, used 511K [0x00000000c0000000, 0x00000000c0550000, 0x00000000d5550000)
  eden space 4416K,   0% used [0x00000000c0000000, 0x00000000c0000000, 0x00000000c0450000)
  from space 512K,  99% used [0x00000000c04d0000, 0x00000000c054fff8, 0x00000000c0550000)
  to   space 512K,   0% used [0x00000000c0450000, 0x00000000c0450000, 0x00000000c04d0000)
 tenured generation   total 10944K, used 642K [0x00000000d5550000, 0x00000000d6000000, 0x0000000100000000)
   the space 10944K,   5% used [0x00000000d5550000, 0x00000000d55f0a28, 0x00000000d55f0c00, 0x00000000d6000000)
 Metaspace       used 3076K, capacity 4490K, committed 4864K, reserved 1056768K
  class space    used 281K, capacity 386K, committed 512K, reserved 1048576K
}
Event: 0.807 GC heap before
{Heap before GC invocations=1 (full 0):
 def new generation   total 4928K, used 4927K [0x00000000c0000000, 0x00000000c0550000, 0x00000000d5550000)
  eden space 4416K, 100% used [0x00000000c0000000, 0x00000000c0450000, 0x00000000c0450000)
  from space 512K,  99% used [0x00000000c04d0000, 0x00000000c054fff8, 0x00000000c0550000)
  to   space 512K,   0% used [0x00000000c0450000, 0x00000000c0450000, 0x00000000c04d0000)
 tenured generation   total 10944K, used 642K [0x00000000d5550000, 0x00000000d6000000, 0x0000000100000000)
   the space 10944K,   5% used [0x00000000d5550000, 0x00000000d55f0a28, 0x00000000d55f0c00, 0x00000000d6000000)
 Metaspace       used 3559K, capacity 4920K, committed 5120K, reserved 1056768K
  class space    used 322K, capacity 424K, committed 512K, reserved 1048576K
Event: 0.809 GC heap after
Heap after GC invocations=2 (full 0):
 def new generation   total 4928K, used 481K [0x00000000c0000000, 0x00000000c0550000, 0x00000000d5550000)
  eden space 4416K,   0% used [0x00000000c0000000, 0x00000000c0000000, 0x00000000c0450000)
  from space 512K,  94% used [0x00000000c0450000, 0x00000000c04c8738, 0x00000000c04d0000)
  to   space 512K,   0% used [0x00000000c04d0000, 0x00000000c04d0000, 0x00000000c0550000)
 tenured generation   total 10944K, used 1153K [0x00000000d5550000, 0x00000000d6000000, 0x0000000100000000)
   the space 10944K,  10% used [0x00000000d5550000, 0x00000000d56704d0, 0x00000000d5670600, 0x00000000d6000000)
 Metaspace       used 3559K, capacity 4920K, committed 5120K, reserved 1056768K
  class space    used 322K, capacity 424K, committed 512K, reserved 1048576K
}
Event: 1.009 GC heap before
{Heap before GC invocations=2 (full 0):
 def new generation   total 4928K, used 4897K [0x00000000c0000000, 0x00000000c0550000, 0x00000000d5550000)
  eden space 4416K, 100% used [0x00000000c0000000, 0x00000000c0450000, 0x00000000c0450000)
  from space 512K,  94% used [0x00000000c0450000, 0x00000000c04c8738, 0x00000000c04d0000)
  to   space 512K,   0% used [0x00000000c04d0000, 0x00000000c04d0000, 0x00000000c0550000)
 tenured generation   total 10944K, used 1153K [0x00000000d5550000, 0x00000000d6000000, 0x0000000100000000)
   the space 10944K,  10% used [0x00000000d5550000, 0x00000000d56704d0, 0x00000000d5670600, 0x00000000d6000000)
 Metaspace       used 3948K, capacity 5176K, committed 5376K, reserved 1056768K
  class space    used 392K, capacity 488K, committed 512K, reserved 1048576K
Event: 1.009 GC heap after
Heap after GC invocations=3 (full 0):
 def new generation   total 4928K, used 463K [0x00000000c0000000, 0x00000000c0550000, 0x00000000d5550000)
  eden space 4416K,   0% used [0x00000000c0000000, 0x00000000c0000000, 0x00000000c0450000)
  from space 512K,  90% used [0x00000000c04d0000, 0x00000000c0543d60, 0x00000000c0550000)
  to   space 512K,   0% used [0x00000000c0450000, 0x00000000c0450000, 0x00000000c04d0000)
 tenured generation   total 10944K, used 1266K [0x00000000d5550000, 0x00000000d6000000, 0x0000000100000000)
   the space 10944K,  11% used [0x00000000d5550000, 0x00000000d568cab8, 0x00000000d568cc00, 0x00000000d6000000)
 Metaspace       used 3948K, capacity 5176K, committed 5376K, reserved 1056768K
  class space    used 392K, capacity 488K, committed 512K, reserved 1048576K
}
Event: 1.095 GC heap before
{Heap before GC invocations=3 (full 0):
 def new generation   total 4928K, used 4879K [0x00000000c0000000, 0x00000000c0550000, 0x00000000d5550000)
  eden space 4416K, 100% used [0x00000000c0000000, 0x00000000c0450000, 0x00000000c0450000)
  from space 512K,  90% used [0x00000000c04d0000, 0x00000000c0543d60, 0x00000000c0550000)
  to   space 512K,   0% used [0x00000000c0450000, 0x00000000c0450000, 0x00000000c04d0000)
 tenured generation   total 10944K, used 1266K [0x00000000d5550000, 0x00000000d6000000, 0x0000000100000000)
   the space 10944K,  11% used [0x00000000d5550000, 0x00000000d568cab8, 0x00000000d568cc00, 0x00000000d6000000)
 Metaspace       used 4327K, capacity 5496K, committed 5760K, reserved 1056768K
  class space    used 448K, capacity 552K, committed 640K, reserved 1048576K
Event: 1.096 GC heap after
Heap after GC invocations=4 (full 0):
 def new generation   total 4928K, used 348K [0x00000000c0000000, 0x00000000c0550000, 0x00000000d5550000)
  eden space 4416K,   0% used [0x00000000c0000000, 0x00000000c0000000, 0x00000000c0450000)
  from space 512K,  68% used [0x00000000c0450000, 0x00000000c04a7250, 0x00000000c04d0000)
  to   space 512K,   0% used [0x00000000c04d0000, 0x00000000c04d0000, 0x00000000c0550000)
 tenured generation   total 10944K, used 1368K [0x00000000d5550000, 0x00000000d6000000, 0x0000000100000000)
   the space 10944K,  12% used [0x00000000d5550000, 0x00000000d56a6308, 0x00000000d56a6400, 0x00000000d6000000)
 Metaspace       used 4327K, capacity 5496K, committed 5760K, reserved 1056768K
  class space    used 448K, capacity 552K, committed 640K, reserved 1048576K
}
Event: 1.158 GC heap before
{Heap before GC invocations=4 (full 0):
 def new generation   total 4928K, used 4764K [0x00000000c0000000, 0x00000000c0550000, 0x00000000d5550000)
  eden space 4416K, 100% used [0x00000000c0000000, 0x00000000c0450000, 0x00000000c0450000)
  from space 512K,  68% used [0x00000000c0450000, 0x00000000c04a7250, 0x00000000c04d0000)
  to   space 512K,   0% used [0x00000000c04d0000, 0x00000000c04d0000, 0x00000000c0550000)
 tenured generation   total 10944K, used 1368K [0x00000000d5550000, 0x00000000d6000000, 0x0000000100000000)
   the space 10944K,  12% used [0x00000000d5550000, 0x00000000d56a6308, 0x00000000d56a6400, 0x00000000d6000000)
 Metaspace       used 4668K, capacity 5816K, committed 6016K, reserved 1056768K
  class space    used 513K, capacity 616K, committed 640K, reserved 1048576K
Event: 1.158 GC heap after
Heap after GC invocations=5 (full 0):
 def new generation   total 4928K, used 301K [0x00000000c0000000, 0x00000000c0550000, 0x00000000d5550000)
  eden space 4416K,   0% used [0x00000000c0000000, 0x00000000c0000000, 0x00000000c0450000)
  from space 512K,  58% used [0x00000000c04d0000, 0x00000000c051b680, 0x00000000c0550000)
  to   space 512K,   0% used [0x00000000c0450000, 0x00000000c0450000, 0x00000000c04d0000)
 tenured generation   total 10944K, used 1418K [0x00000000d5550000, 0x00000000d6000000, 0x0000000100000000)
   the space 10944K,  12% used [0x00000000d5550000, 0x00000000d56b2b68, 0x00000000d56b2c00, 0x00000000d6000000)
 Metaspace       used 4668K, capacity 5816K, committed 6016K, reserved 1056768K
  class space    used 513K, capacity 616K, committed 640K, reserved 1048576K
}
Event: 1.218 GC heap before
{Heap before GC invocations=5 (full 0):
 def new generation   total 4928K, used 4717K [0x00000000c0000000, 0x00000000c0550000, 0x00000000d5550000)
  eden space 4416K, 100% used [0x00000000c0000000, 0x00000000c0450000, 0x00000000c0450000)
  from space 512K,  58% used [0x00000000c04d0000, 0x00000000c051b680, 0x00000000c0550000)
  to   space 512K,   0% used [0x00000000c0450000, 0x00000000c0450000, 0x00000000c04d0000)
 tenured generation   total 10944K, used 1418K [0x00000000d5550000, 0x00000000d6000000, 0x0000000100000000)
   the space 10944K,  12% used [0x00000000d5550000, 0x00000000d56b2b68, 0x00000000d56b2c00, 0x00000000d6000000)
 Metaspace       used 5105K, capacity 6136K, committed 6400K, reserved 1056768K
  class space    used 607K, capacity 680K, committed 768K, reserved 1048576K
Event: 1.218 GC heap after
Heap after GC invocations=6 (full 0):
 def new generation   total 4928K, used 288K [0x00000000c0000000, 0x00000000c0550000, 0x00000000d5550000)
  eden space 4416K,   0% used [0x00000000c0000000, 0x00000000c0000000, 0x00000000c0450000)
  from space 512K,  56% used [0x00000000c0450000, 0x00000000c0498208, 0x00000000c04d0000)
  to   space 512K,   0% used [0x00000000c04d0000, 0x00000000c04d0000, 0x00000000c0550000)
 tenured generation   total 10944K, used 1438K [0x00000000d5550000, 0x00000000d6000000, 0x0000000100000000)
   the space 10944K,  13% used [0x00000000d5550000, 0x00000000d56b7aa8, 0x00000000d56b7c00, 0x00000000d6000000)
 Metaspace       used 5105K, capacity 6136K, committed 6400K, reserved 1056768K
  class space    used 607K, capacity 680K, committed 768K, reserved 1048576K
}
Event: 1.276 GC heap before
{Heap before GC invocations=6 (full 0):
 def new generation   total 4928K, used 4704K [0x00000000c0000000, 0x00000000c0550000, 0x00000000d5550000)
  eden space 4416K, 100% used [0x00000000c0000000, 0x00000000c0450000, 0x00000000c0450000)
  from space 512K,  56% used [0x00000000c0450000, 0x00000000c0498208, 0x00000000c04d0000)
  to   space 512K,   0% used [0x00000000c04d0000, 0x00000000c04d0000, 0x00000000c0550000)
 tenured generation   total 10944K, used 1438K [0x00000000d5550000, 0x00000000d6000000, 0x0000000100000000)
   the space 10944K,  13% used [0x00000000d5550000, 0x00000000d56b7aa8, 0x00000000d56b7c00, 0x00000000d6000000)
 Metaspace       used 5478K, capacity 6552K, committed 6784K, reserved 1056768K
  class space    used 744K, capacity 840K, committed 896K, reserved 1048576K
Event: 1.277 GC heap after
Heap after GC invocations=7 (full 0):
 def new generation   total 4928K, used 277K [0x00000000c0000000, 0x00000000c0550000, 0x00000000d5550000)
  eden space 4416K,   0% used [0x00000000c0000000, 0x00000000c0000000, 0x00000000c0450000)
  from space 512K,  54% used [0x00000000c04d0000, 0x00000000c05154f0, 0x00000000c0550000)
  to   space 512K,   0% used [0x00000000c0450000, 0x00000000c0450000, 0x00000000c04d0000)
 tenured generation   total 10944K, used 1462K [0x00000000d5550000, 0x00000000d6000000, 0x0000000100000000)
   the space 10944K,  13% used [0x00000000d5550000, 0x00000000d56bd8a8, 0x00000000d56bda00, 0x00000000d6000000)
 Metaspace       used 5478K, capacity 6552K, committed 6784K, reserved 1056768K
  class space    used 744K, capacity 840K, committed 896K, reserved 1048576K
}
Event: 1.354 GC heap before
{Heap before GC invocations=7 (full 0):
 def new generation   total 4928K, used 4693K [0x00000000c0000000, 0x00000000c0550000, 0x00000000d5550000)
  eden space 4416K, 100% used [0x00000000c0000000, 0x00000000c0450000, 0x00000000c0450000)
  from space 512K,  54% used [0x00000000c04d0000, 0x00000000c05154f0, 0x00000000c0550000)
  to   space 512K,   0% used [0x00000000c0450000, 0x00000000c0450000, 0x00000000c04d0000)
 tenured generation   total 10944K, used 1462K [0x00000000d5550000, 0x00000000d6000000, 0x0000000100000000)
   the space 10944K,  13% used [0x00000000d5550000, 0x00000000d56bd8a8, 0x00000000d56bda00, 0x00000000d6000000)
 Metaspace       used 5908K, capacity 6904K, committed 7040K, reserved 1056768K
  class space    used 796K, capacity 872K, committed 896K, reserved 1048576K
Event: 1.354 GC heap after
Heap after GC invocations=8 (full 0):
 def new generation   total 4928K, used 322K [0x00000000c0000000, 0x00000000c0550000, 0x00000000d5550000)
  eden space 4416K,   0% used [0x00000000c0000000, 0x00000000c0000000, 0x00000000c0450000)
  from space 512K,  62% used [0x00000000c0450000, 0x00000000c04a0820, 0x00000000c04d0000)
  to   space 512K,   0% used [0x00000000c04d0000, 0x00000000c04d0000, 0x00000000c0550000)
 tenured generation   total 10944K, used 1497K [0x00000000d5550000, 0x00000000d6000000, 0x0000000100000000)
   the space 10944K,  13% used [0x00000000d5550000, 0x00000000d56c6540, 0x00000000d56c6600, 0x00000000d6000000)
 Metaspace       used 5908K, capacity 6904K, committed 7040K, reserved 1056768K
  class space    used 796K, capacity 872K, committed 896K, reserved 1048576K
}
Event: 1.399 GC heap before
{Heap before GC invocations=8 (full 0):
 def new generation   total 4928K, used 4738K [0x00000000c0000000, 0x00000000c0550000, 0x00000000d5550000)
  eden space 4416K, 100% used [0x00000000c0000000, 0x00000000c0450000, 0x00000000c0450000)
  from space 512K,  62% used [0x00000000c0450000, 0x00000000c04a0820, 0x00000000c04d0000)
  to   space 512K,   0% used [0x00000000c04d0000, 0x00000000c04d0000, 0x00000000c0550000)
 tenured generation   total 10944K, used 1497K [0x00000000d5550000, 0x00000000d6000000, 0x0000000100000000)
   the space 10944K,  13% used [0x00000000d5550000, 0x00000000d56c6540, 0x00000000d56c6600, 0x00000000d6000000)
 Metaspace       used 6182K, capacity 7160K, committed 7424K, reserved 1056768K
  class space    used 853K, capacity 936K, committed 1024K, reserved 1048576K
Event: 1.400 GC heap after
Heap after GC invocations=9 (full 0):
 def new generation   total 4928K, used 245K [0x00000000c0000000, 0x00000000c0550000, 0x00000000d5550000)
  eden space 4416K,   0% used [0x00000000c0000000, 0x00000000c0000000, 0x00000000c0450000)
  from space 512K,  47% used [0x00000000c04d0000, 0x00000000c050d530, 0x00000000c0550000)
  to   space 512K,   0% used [0x00000000c0450000, 0x00000000c0450000, 0x00000000c04d0000)
 tenured generation   total 10944K, used 1546K [0x00000000d5550000, 0x00000000d6000000, 0x0000000100000000)
   the space 10944K,  14% used [0x00000000d5550000, 0x00000000d56d28b8, 0x00000000d56d2a00, 0x00000000d6000000)
 Metaspace       used 6182K, capacity 7160K, committed 7424K, reserved 1056768K
  class space    used 853K, capacity 936K, committed 1024K, reserved 1048576K
}
Event: 1.534 GC heap before
{Heap before GC invocations=9 (full 0):
 def new generation   total 4928K, used 4661K [0x00000000c0000000, 0x00000000c0550000, 0x00000000d5550000)
  eden space 4416K, 100% used [0x00000000c0000000, 0x00000000c0450000, 0x00000000c0450000)
  from space 512K,  47% used [0x00000000c04d0000, 0x00000000c050d530, 0x00000000c0550000)
  to   space 512K,   0% used [0x00000000c0450000, 0x00000000c0450000, 0x00000000c04d0000)
 tenured generation   total 10944K, used 1546K [0x00000000d5550000, 0x00000000d6000000, 0x0000000100000000)
   the space 10944K,  14% used [0x00000000d5550000, 0x00000000d56d28b8, 0x00000000d56d2a00, 0x00000000d6000000)
 Metaspace       used 7309K, capacity 7612K, committed 7680K, reserved 1056768K
  class space    used 984K, capacity 1004K, committed 1024K, reserved 1048576K
Event: 1.535 GC heap after
Heap after GC invocations=10 (full 0):
 def new generation   total 4928K, used 511K [0x00000000c0000000, 0x00000000c0550000, 0x00000000d5550000)
  eden space 4416K,   0% used [0x00000000c0000000, 0x00000000c0000000, 0x00000000c0450000)
  from space 512K,  99% used [0x00000000c0450000, 0x00000000c04cfff8, 0x00000000c04d0000)
  to   space 512K,   0% used [0x00000000c04d0000, 0x00000000c04d0000, 0x00000000c0550000)
 tenured generation   total 10944K, used 1565K [0x00000000d5550000, 0x00000000d6000000, 0x0000000100000000)
   the space 10944K,  14% used [0x00000000d5550000, 0x00000000d56d7500, 0x00000000d56d7600, 0x00000000d6000000)
 Metaspace       used 7309K, capacity 7612K, committed 7680K, reserved 1056768K
  class space    used 984K, capacity 1004K, committed 1024K, reserved 1048576K
}
Event: 1.600 GC heap before
{Heap before GC invocations=10 (full 0):
 def new generation   total 4928K, used 4927K [0x00000000c0000000, 0x00000000c0550000, 0x00000000d5550000)
  eden space 4416K, 100% used [0x00000000c0000000, 0x00000000c0450000, 0x00000000c0450000)
  from space 512K,  99% used [0x00000000c0450000, 0x00000000c04cfff8, 0x00000000c04d0000)
  to   space 512K,   0% used [0x00000000c04d0000, 0x00000000c04d0000, 0x00000000c0550000)
 tenured generation   total 10944K, used 1565K [0x00000000d5550000, 0x00000000d6000000, 0x0000000100000000)
   the space 10944K,  14% used [0x00000000d5550000, 0x00000000d56d7500, 0x00000000d56d7600, 0x00000000d6000000)
 Metaspace       used 7688K, capacity 7872K, committed 8064K, reserved 1056768K
  class space    used 1033K, capacity 1072K, committed 1152K, reserved 1048576K
Event: 1.602 GC heap after
Heap after GC invocations=11 (full 0):
 def new generation   total 4928K, used 229K [0x00000000c0000000, 0x00000000c0550000, 0x00000000d5550000)
  eden space 4416K,   0% used [0x00000000c0000000, 0x00000000c0000000, 0x00000000c0450000)
  from space 512K,  44% used [0x00000000c04d0000, 0x00000000c0509510, 0x00000000c0550000)
  to   space 512K,   0% used [0x00000000c0450000, 0x00000000c0450000, 0x00000000c04d0000)
 tenured generation   total 10944K, used 1772K [0x00000000d5550000, 0x00000000d6000000, 0x0000000100000000)
   the space 10944K,  16% used [0x00000000d5550000, 0x00000000d570b360, 0x00000000d570b400, 0x00000000d6000000)
 Metaspace       used 7688K, capacity 7872K, committed 8064K, reserved 1056768K
  class space    used 1033K, capacity 1072K, committed 1152K, reserved 1048576K
}
Event: 1.810 GC heap before
{Heap before GC invocations=11 (full 0):
 def new generation   total 4928K, used 4645K [0x00000000c0000000, 0x00000000c0550000, 0x00000000d5550000)
  eden space 4416K, 100% used [0x00000000c0000000, 0x00000000c0450000, 0x00000000c0450000)
  from space 512K,  44% used [0x00000000c04d0000, 0x00000000c0509510, 0x00000000c0550000)
  to   space 512K,   0% used [0x00000000c0450000, 0x00000000c0450000, 0x00000000c04d0000)
 tenured generation   total 10944K, used 1772K [0x00000000d5550000, 0x00000000d6000000, 0x0000000100000000)
   the space 10944K,  16% used [0x00000000d5550000, 0x00000000d570b360, 0x00000000d570b400, 0x00000000d6000000)
 Metaspace       used 9023K, capacity 9136K, committed 9216K, reserved 1056768K
  class space    used 1183K, capacity 1232K, committed 1280K, reserved 1048576K
Event: 1.811 GC heap after
Heap after GC invocations=12 (full 0):
 def new generation   total 4928K, used 512K [0x00000000c0000000, 0x00000000c0550000, 0x00000000d5550000)
  eden space 4416K,   0% used [0x00000000c0000000, 0x00000000c0000000, 0x00000000c0450000)
  from space 512K, 100% used [0x00000000c0450000, 0x00000000c04d0000, 0x00000000c04d0000)
  to   space 512K,   0% used [0x00000000c04d0000, 0x00000000c04d0000, 0x00000000c0550000)
 tenured generation   total 10944K, used 1849K [0x00000000d5550000, 0x00000000d6000000, 0x0000000100000000)
   the space 10944K,  16% used [0x00000000d5550000, 0x00000000d571e6f0, 0x00000000d571e800, 0x00000000d6000000)
 Metaspace       used 9023K, capacity 9136K, committed 9216K, reserved 1056768K
  class space    used 1183K, capacity 1232K, committed 1280K, reserved 1048576K
}
Event: 1.867 GC heap before
{Heap before GC invocations=12 (full 0):
 def new generation   total 4928K, used 4928K [0x00000000c0000000, 0x00000000c0550000, 0x00000000d5550000)
  eden space 4416K, 100% used [0x00000000c0000000, 0x00000000c0450000, 0x00000000c0450000)
  from space 512K, 100% used [0x00000000c0450000, 0x00000000c04d0000, 0x00000000c04d0000)
  to   space 512K,   0% used [0x00000000c04d0000, 0x00000000c04d0000, 0x00000000c0550000)
 tenured generation   total 10944K, used 1849K [0x00000000d5550000, 0x00000000d6000000, 0x0000000100000000)
   the space 10944K,  16% used [0x00000000d5550000, 0x00000000d571e6f0, 0x00000000d571e800, 0x00000000d6000000)
 Metaspace       used 9388K, capacity 9520K, committed 9856K, reserved 1058816K
  class space    used 1258K, capacity 1296K, committed 1408K, reserved 1048576K
Event: 1.869 GC heap after
Heap after GC invocations=13 (full 0):
 def new generation   total 4928K, used 356K [0x00000000c0000000, 0x00000000c0550000, 0x00000000d5550000)
  eden space 4416K,   0% used [0x00000000c0000000, 0x00000000c0000000, 0x00000000c0450000)
  from space 512K,  69% used [0x00000000c04d0000, 0x00000000c0529298, 0x00000000c0550000)
  to   space 512K,   0% used [0x00000000c0450000, 0x00000000c0450000, 0x00000000c04d0000)
 tenured generation   total 10944K, used 2280K [0x00000000d5550000, 0x00000000d6000000, 0x0000000100000000)
   the space 10944K,  20% used [0x00000000d5550000, 0x00000000d578a068, 0x00000000d578a200, 0x00000000d6000000)
 Metaspace       used 9388K, capacity 9520K, committed 9856K, reserved 1058816K
  class space    used 1258K, capacity 1296K, committed 1408K, reserved 1048576K
}
Event: 1.913 GC heap before
{Heap before GC invocations=13 (full 0):
 def new generation   total 4928K, used 4772K [0x00000000c0000000, 0x00000000c0550000, 0x00000000d5550000)
  eden space 4416K, 100% used [0x00000000c0000000, 0x00000000c0450000, 0x00000000c0450000)
  from space 512K,  69% used [0x00000000c04d0000, 0x00000000c0529298, 0x00000000c0550000)
  to   space 512K,   0% used [0x00000000c0450000, 0x00000000c0450000, 0x00000000c04d0000)
 tenured generation   total 10944K, used 2280K [0x00000000d5550000, 0x00000000d6000000, 0x0000000100000000)
   the space 10944K,  20% used [0x00000000d5550000, 0x00000000d578a068, 0x00000000d578a200, 0x00000000d6000000)
 Metaspace       used 9719K, capacity 9808K, committed 10112K, reserved 1058816K
  class space    used 1291K, capacity 1328K, committed 1408K, reserved 1048576K
Event: 1.915 GC heap after
Heap after GC invocations=14 (full 0):
 def new generation   total 4928K, used 376K [0x00000000c0000000, 0x00000000c0550000, 0x00000000d5550000)
  eden space 4416K,   0% used [0x00000000c0000000, 0x00000000c0000000, 0x00000000c0450000)
  from space 512K,  73% used [0x00000000c0450000, 0x00000000c04ae078, 0x00000000c04d0000)
  to   space 512K,   0% used [0x00000000c04d0000, 0x00000000c04d0000, 0x00000000c0550000)
 tenured generation   total 10944K, used 2341K [0x00000000d5550000, 0x00000000d6000000, 0x0000000100000000)
   the space 10944K,  21% used [0x00000000d5550000, 0x00000000d5799418, 0x00000000d5799600, 0x00000000d6000000)
 Metaspace       used 9719K, capacity 9808K, committed 10112K, reserved 1058816K
  class space    used 1291K, capacity 1328K, committed 1408K, reserved 1048576K
}
Event: 1.957 GC heap before
{Heap before GC invocations=14 (full 0):
 def new generation   total 4928K, used 4780K [0x00000000c0000000, 0x00000000c0550000, 0x00000000d5550000)
  eden space 4416K,  99% used [0x00000000c0000000, 0x00000000c044d0f0, 0x00000000c0450000)
  from space 512K,  73% used [0x00000000c0450000, 0x00000000c04ae078, 0x00000000c04d0000)
  to   space 512K,   0% used [0x00000000c04d0000, 0x00000000c04d0000, 0x00000000c0550000)
 tenured generation   total 10944K, used 2341K [0x00000000d5550000, 0x00000000d6000000, 0x0000000100000000)
   the space 10944K,  21% used [0x00000000d5550000, 0x00000000d5799418, 0x00000000d5799600, 0x00000000d6000000)
 Metaspace       used 10012K, capacity 10096K, committed 10368K, reserved 1058816K
  class space    used 1318K, capacity 1360K, committed 1408K, reserved 1048576K
Event: 1.958 GC heap after
Heap after GC invocations=15 (full 0):
 def new generation   total 4928K, used 331K [0x00000000c0000000, 0x00000000c0550000, 0x00000000d5550000)
  eden space 4416K,   0% used [0x00000000c0000000, 0x00000000c0000000, 0x00000000c0450000)
  from space 512K,  64% used [0x00000000c04d0000, 0x00000000c0522e88, 0x00000000c0550000)
  to   space 512K,   0% used [0x00000000c0450000, 0x00000000c0450000, 0x00000000c04d0000)
 tenured generation   total 10944K, used 2383K [0x00000000d5550000, 0x00000000d6000000, 0x0000000100000000)
   the space 10944K,  21% used [0x00000000d5550000, 0x00000000d57a3dc8, 0x00000000d57a3e00, 0x00000000d6000000)
 Metaspace       used 10012K, capacity 10096K, committed 10368K, reserved 1058816K
  class space    used 1318K, capacity 1360K, committed 1408K, reserved 1048576K
}
Event: 1.980 GC heap before
{Heap before GC invocations=15 (full 0):
 def new generation   total 4928K, used 4747K [0x00000000c0000000, 0x00000000c0550000, 0x00000000d5550000)
  eden space 4416K, 100% used [0x00000000c0000000, 0x00000000c0450000, 0x00000000c0450000)
  from space 512K,  64% used [0x00000000c04d0000, 0x00000000c0522e88, 0x00000000c0550000)
  to   space 512K,   0% used [0x00000000c0450000, 0x00000000c0450000, 0x00000000c04d0000)
 tenured generation   total 10944K, used 2383K [0x00000000d5550000, 0x00000000d6000000, 0x0000000100000000)
   the space 10944K,  21% used [0x00000000d5550000, 0x00000000d57a3dc8, 0x00000000d57a3e00, 0x00000000d6000000)
 Metaspace       used 10282K, capacity 10352K, committed 10496K, reserved 1058816K
  class space    used 1375K, capacity 1424K, committed 1536K, reserved 1048576K
Event: 1.981 GC heap after
Heap after GC invocations=16 (full 0):
 def new generation   total 4928K, used 284K [0x00000000c0000000, 0x00000000c0550000, 0x00000000d5550000)
  eden space 4416K,   0% used [0x00000000c0000000, 0x00000000c0000000, 0x00000000c0450000)
  from space 512K,  55% used [0x00000000c0450000, 0x00000000c04970e8, 0x00000000c04d0000)
  to   space 512K,   0% used [0x00000000c04d0000, 0x00000000c04d0000, 0x00000000c0550000)
 tenured generation   total 10944K, used 2428K [0x00000000d5550000, 0x00000000d6000000, 0x0000000100000000)
   the space 10944K,  22% used [0x00000000d5550000, 0x00000000d57af0d0, 0x00000000d57af200, 0x00000000d6000000)
 Metaspace       used 10282K, capacity 10352K, committed 10496K, reserved 1058816K
  class space    used 1375K, capacity 1424K, committed 1536K, reserved 1048576K
}
Event: 2.009 GC heap before
{Heap before GC invocations=16 (full 0):
 def new generation   total 4928K, used 4700K [0x00000000c0000000, 0x00000000c0550000, 0x00000000d5550000)
  eden space 4416K, 100% used [0x00000000c0000000, 0x00000000c0450000, 0x00000000c0450000)
  from space 512K,  55% used [0x00000000c0450000, 0x00000000c04970e8, 0x00000000c04d0000)
  to   space 512K,   0% used [0x00000000c04d0000, 0x00000000c04d0000, 0x00000000c0550000)
 tenured generation   total 10944K, used 2428K [0x00000000d5550000, 0x00000000d6000000, 0x0000000100000000)
   the space 10944K,  22% used [0x00000000d5550000, 0x00000000d57af0d0, 0x00000000d57af200, 0x00000000d6000000)
 Metaspace       used 10434K, capacity 10480K, committed 10752K, reserved 1058816K
  class space    used 1405K, capacity 1424K, committed 1536K, reserved 1048576K
Event: 2.010 GC heap after
Heap after GC invocations=17 (full 0):
 def new generation   total 4928K, used 155K [0x00000000c0000000, 0x00000000c0550000, 0x00000000d5550000)
  eden space 4416K,   0% used [0x00000000c0000000, 0x00000000c0000000, 0x00000000c0450000)
  from space 512K,  30% used [0x00000000c04d0000, 0x00000000c04f6d08, 0x00000000c0550000)
  to   space 512K,   0% used [0x00000000c0450000, 0x00000000c0450000, 0x00000000c04d0000)
 tenured generation   total 10944K, used 2469K [0x00000000d5550000, 0x00000000d6000000, 0x0000000100000000)
   the space 10944K,  22% used [0x00000000d5550000, 0x00000000d57b9688, 0x00000000d57b9800, 0x00000000d6000000)
 Metaspace       used 10434K, capacity 10480K, committed 10752K, reserved 1058816K
  class space    used 1405K, capacity 1424K, committed 1536K, reserved 1048576K
}
Event: 2.083 GC heap before
{Heap before GC invocations=17 (full 0):
 def new generation   total 4928K, used 4571K [0x00000000c0000000, 0x00000000c0550000, 0x00000000d5550000)
  eden space 4416K, 100% used [0x00000000c0000000, 0x00000000c0450000, 0x00000000c0450000)
  from space 512K,  30% used [0x00000000c04d0000, 0x00000000c04f6d08, 0x00000000c0550000)
  to   space 512K,   0% used [0x00000000c0450000, 0x00000000c0450000, 0x00000000c04d0000)
 tenured generation   total 10944K, used 2469K [0x00000000d5550000, 0x00000000d6000000, 0x0000000100000000)
   the space 10944K,  22% used [0x00000000d5550000, 0x00000000d57b9688, 0x00000000d57b9800, 0x00000000d6000000)
 Metaspace       used 10990K, capacity 11152K, committed 11264K, reserved 1058816K
  class space    used 1465K, capacity 1520K, committed 1536K, reserved 1048576K
Event: 2.084 GC heap after
Heap after GC invocations=18 (full 0):
 def new generation   total 4928K, used 416K [0x00000000c0000000, 0x00000000c0550000, 0x00000000d5550000)
  eden space 4416K,   0% used [0x00000000c0000000, 0x00000000c0000000, 0x00000000c0450000)
  from space 512K,  81% used [0x00000000c0450000, 0x00000000c04b8148, 0x00000000c04d0000)
  to   space 512K,   0% used [0x00000000c04d0000, 0x00000000c04d0000, 0x00000000c0550000)
 tenured generation   total 10944K, used 2469K [0x00000000d5550000, 0x00000000d6000000, 0x0000000100000000)
   the space 10944K,  22% used [0x00000000d5550000, 0x00000000d57b9688, 0x00000000d57b9800, 0x00000000d6000000)
 Metaspace       used 10990K, capacity 11152K, committed 11264K, reserved 1058816K
  class space    used 1465K, capacity 1520K, committed 1536K, reserved 1048576K
}
Event: 2.149 GC heap before
{Heap before GC invocations=18 (full 0):
 def new generation   total 4928K, used 4832K [0x00000000c0000000, 0x00000000c0550000, 0x00000000d5550000)
  eden space 4416K, 100% used [0x00000000c0000000, 0x00000000c0450000, 0x00000000c0450000)
  from space 512K,  81% used [0x00000000c0450000, 0x00000000c04b8148, 0x00000000c04d0000)
  to   space 512K,   0% used [0x00000000c04d0000, 0x00000000c04d0000, 0x00000000c0550000)
 tenured generation   total 10944K, used 2469K [0x00000000d5550000, 0x00000000d6000000, 0x0000000100000000)
   the space 10944K,  22% used [0x00000000d5550000, 0x00000000d57b9688, 0x00000000d57b9800, 0x00000000d6000000)
 Metaspace       used 11404K, capacity 11440K, committed 11648K, reserved 1058816K
  class space    used 1531K, capacity 1552K, committed 1664K, reserved 1048576K
Event: 2.151 GC heap after
Heap after GC invocations=19 (full 0):
 def new generation   total 4928K, used 402K [0x00000000c0000000, 0x00000000c0550000, 0x00000000d5550000)
  eden space 4416K,   0% used [0x00000000c0000000, 0x00000000c0000000, 0x00000000c0450000)
  from space 512K,  78% used [0x00000000c04d0000, 0x00000000c0534960, 0x00000000c0550000)
  to   space 512K,   0% used [0x00000000c0450000, 0x00000000c0450000, 0x00000000c04d0000)
 tenured generation   total 10944K, used 2574K [0x00000000d5550000, 0x00000000d6000000, 0x0000000100000000)
   the space 10944K,  23% used [0x00000000d5550000, 0x00000000d57d3888, 0x00000000d57d3a00, 0x00000000d6000000)
 Metaspace       used 11404K, capacity 11440K, committed 11648K, reserved 1058816K
  class space    used 1531K, capacity 1552K, committed 1664K, reserved 1048576K
}
Event: 2.220 GC heap before
{Heap before GC invocations=19 (full 0):
 def new generation   total 4928K, used 4818K [0x00000000c0000000, 0x00000000c0550000, 0x00000000d5550000)
  eden space 4416K, 100% used [0x00000000c0000000, 0x00000000c0450000, 0x00000000c0450000)
  from space 512K,  78% used [0x00000000c04d0000, 0x00000000c0534960, 0x00000000c0550000)
  to   space 512K,   0% used [0x00000000c0450000, 0x00000000c0450000, 0x00000000c04d0000)
 tenured generation   total 10944K, used 2574K [0x00000000d5550000, 0x00000000d6000000, 0x0000000100000000)
   the space 10944K,  23% used [0x00000000d5550000, 0x00000000d57d3888, 0x00000000d57d3a00, 0x00000000d6000000)
 Metaspace       used 11834K, capacity 11984K, committed 12160K, reserved 1060864K
  class space    used 1608K, capacity 1648K, committed 1664K, reserved 1048576K
Event: 2.221 GC heap after
Heap after GC invocations=20 (full 0):
 def new generation   total 4928K, used 392K [0x00000000c0000000, 0x00000000c0550000, 0x00000000d5550000)
  eden space 4416K,   0% used [0x00000000c0000000, 0x00000000c0000000, 0x00000000c0450000)
  from space 512K,  76% used [0x00000000c0450000, 0x00000000c04b22d0, 0x00000000c04d0000)
  to   space 512K,   0% used [0x00000000c04d0000, 0x00000000c04d0000, 0x00000000c0550000)
 tenured generation   total 10944K, used 2655K [0x00000000d5550000, 0x00000000d6000000, 0x0000000100000000)
   the space 10944K,  24% used [0x00000000d5550000, 0x00000000d57e7eb8, 0x00000000d57e8000, 0x00000000d6000000)
 Metaspace       used 11834K, capacity 11984K, committed 12160K, reserved 1060864K
  class space    used 1608K, capacity 1648K, committed 1664K, reserved 1048576K
}
Event: 2.298 GC heap before
{Heap before GC invocations=20 (full 0):
 def new generation   total 4928K, used 4808K [0x00000000c0000000, 0x00000000c0550000, 0x00000000d5550000)
  eden space 4416K, 100% used [0x00000000c0000000, 0x00000000c0450000, 0x00000000c0450000)
  from space 512K,  76% used [0x00000000c0450000, 0x00000000c04b22d0, 0x00000000c04d0000)
  to   space 512K,   0% used [0x00000000c04d0000, 0x00000000c04d0000, 0x00000000c0550000)
 tenured generation   total 10944K, used 2655K [0x00000000d5550000, 0x00000000d6000000, 0x0000000100000000)
   the space 10944K,  24% used [0x00000000d5550000, 0x00000000d57e7eb8, 0x00000000d57e8000, 0x00000000d6000000)
 Metaspace       used 12487K, capacity 12624K, committed 12800K, reserved 1060864K
  class space    used 1757K, capacity 1776K, committed 1792K, reserved 1048576K
Event: 2.299 GC heap after
Heap after GC invocations=21 (full 0):
 def new generation   total 4928K, used 511K [0x00000000c0000000, 0x00000000c0550000, 0x00000000d5550000)
  eden space 4416K,   0% used [0x00000000c0000000, 0x00000000c0000000, 0x00000000c0450000)
  from space 512K,  99% used [0x00000000c04d0000, 0x00000000c054ffc0, 0x00000000c0550000)
  to   space 512K,   0% used [0x00000000c0450000, 0x00000000c0450000, 0x00000000c04d0000)
 tenured generation   total 10944K, used 2728K [0x00000000d5550000, 0x00000000d6000000, 0x0000000100000000)
   the space 10944K,  24% used [0x00000000d5550000, 0x00000000d57fa1a0, 0x00000000d57fa200, 0x00000000d6000000)
 Metaspace       used 12487K, capacity 12624K, committed 12800K, reserved 1060864K
  class space    used 1757K, capacity 1776K, committed 1792K, reserved 1048576K
}
Event: 2.383 GC heap before
{Heap before GC invocations=21 (full 0):
 def new generation   total 4928K, used 4927K [0x00000000c0000000, 0x00000000c0550000, 0x00000000d5550000)
  eden space 4416K, 100% used [0x00000000c0000000, 0x00000000c0450000, 0x00000000c0450000)
  from space 512K,  99% used [0x00000000c04d0000, 0x00000000c054ffc0, 0x00000000c0550000)
  to   space 512K,   0% used [0x00000000c0450000, 0x00000000c0450000, 0x00000000c04d0000)
 tenured generation   total 10944K, used 2728K [0x00000000d5550000, 0x00000000d6000000, 0x0000000100000000)
   the space 10944K,  24% used [0x00000000d5550000, 0x00000000d57fa1a0, 0x00000000d57fa200, 0x00000000d6000000)
 Metaspace       used 13301K, capacity 13392K, committed 13440K, reserved 1060864K
  class space    used 1871K, capacity 1904K, committed 1920K, reserved 1048576K
Event: 2.385 GC heap after
Heap after GC invocations=22 (full 0):
 def new generation   total 4928K, used 512K [0x00000000c0000000, 0x00000000c0550000, 0x00000000d5550000)
  eden space 4416K,   0% used [0x00000000c0000000, 0x00000000c0000000, 0x00000000c0450000)
  from space 512K, 100% used [0x00000000c0450000, 0x00000000c04d0000, 0x00000000c04d0000)
  to   space 512K,   0% used [0x00000000c04d0000, 0x00000000c04d0000, 0x00000000c0550000)
 tenured generation   total 10944K, used 3124K [0x00000000d5550000, 0x00000000d6000000, 0x0000000100000000)
   the space 10944K,  28% used [0x00000000d5550000, 0x00000000d585d1c0, 0x00000000d585d200, 0x00000000d6000000)
 Metaspace       used 13301K, capacity 13392K, committed 13440K, reserved 1060864K
  class space    used 1871K, capacity 1904K, committed 1920K, reserved 1048576K
}
Event: 2.480 GC heap before
{Heap before GC invocations=22 (full 0):
 def new generation   total 4928K, used 4928K [0x00000000c0000000, 0x00000000c0550000, 0x00000000d5550000)
  eden space 4416K, 100% used [0x00000000c0000000, 0x00000000c0450000, 0x00000000c0450000)
  from space 512K, 100% used [0x00000000c0450000, 0x00000000c04d0000, 0x00000000c04d0000)
  to   space 512K,   0% used [0x00000000c04d0000, 0x00000000c04d0000, 0x00000000c0550000)
 tenured generation   total 10944K, used 3124K [0x00000000d5550000, 0x00000000d6000000, 0x0000000100000000)
   the space 10944K,  28% used [0x00000000d5550000, 0x00000000d585d1c0, 0x00000000d585d200, 0x00000000d6000000)
 Metaspace       used 13597K, capacity 13712K, committed 13824K, reserved 1060864K
  class space    used 1919K, capacity 1968K, committed 2048K, reserved 1048576K
Event: 2.482 GC heap after
Heap after GC invocations=23 (full 0):
 def new generation   total 4928K, used 512K [0x00000000c0000000, 0x00000000c0550000, 0x00000000d5550000)
  eden space 4416K,   0% used [0x00000000c0000000, 0x00000000c0000000, 0x00000000c0450000)
  from space 512K, 100% used [0x00000000c04d0000, 0x00000000c0550000, 0x00000000c0550000)
  to   space 512K,   0% used [0x00000000c0450000, 0x00000000c0450000, 0x00000000c04d0000)
 tenured generation   total 10944K, used 3462K [0x00000000d5550000, 0x00000000d6000000, 0x0000000100000000)
   the space 10944K,  31% used [0x00000000d5550000, 0x00000000d58b1ad8, 0x00000000d58b1c00, 0x00000000d6000000)
 Metaspace       used 13597K, capacity 13712K, committed 13824K, reserved 1060864K
  class space    used 1919K, capacity 1968K, committed 2048K, reserved 1048576K
}
Event: 2.640 GC heap before
{Heap before GC invocations=23 (full 0):
 def new generation   total 4928K, used 4928K [0x00000000c0000000, 0x00000000c0550000, 0x00000000d5550000)
  eden space 4416K, 100% used [0x00000000c0000000, 0x00000000c0450000, 0x00000000c0450000)
  from space 512K, 100% used [0x00000000c04d0000, 0x00000000c0550000, 0x00000000c0550000)
  to   space 512K,   0% used [0x00000000c0450000, 0x00000000c0450000, 0x00000000c04d0000)
 tenured generation   total 10944K, used 3462K [0x00000000d5550000, 0x00000000d6000000, 0x0000000100000000)
   the space 10944K,  31% used [0x00000000d5550000, 0x00000000d58b1ad8, 0x00000000d58b1c00, 0x00000000d6000000)
 Metaspace       used 14200K, capacity 14288K, committed 14336K, reserved 1060864K
  class space    used 1990K, capacity 2032K, committed 2048K, reserved 1048576K
Event: 2.642 GC heap after
Heap after GC invocations=24 (full 0):
 def new generation   total 4928K, used 437K [0x00000000c0000000, 0x00000000c0550000, 0x00000000d5550000)
  eden space 4416K,   0% used [0x00000000c0000000, 0x00000000c0000000, 0x00000000c0450000)
  from space 512K,  85% used [0x00000000c0450000, 0x00000000c04bd678, 0x00000000c04d0000)
  to   space 512K,   0% used [0x00000000c04d0000, 0x00000000c04d0000, 0x00000000c0550000)
 tenured generation   total 10944K, used 3583K [0x00000000d5550000, 0x00000000d6000000, 0x0000000100000000)
   the space 10944K,  32% used [0x00000000d5550000, 0x00000000d58cfc20, 0x00000000d58cfe00, 0x00000000d6000000)
 Metaspace       used 14200K, capacity 14288K, committed 14336K, reserved 1060864K
  class space    used 1990K, capacity 2032K, committed 2048K, reserved 1048576K
}
Event: 2.694 GC heap before
{Heap before GC invocations=24 (full 0):
 def new generation   total 4928K, used 4853K [0x00000000c0000000, 0x00000000c0550000, 0x00000000d5550000)
  eden space 4416K, 100% used [0x00000000c0000000, 0x00000000c0450000, 0x00000000c0450000)
  from space 512K,  85% used [0x00000000c0450000, 0x00000000c04bd678, 0x00000000c04d0000)
  to   space 512K,   0% used [0x00000000c04d0000, 0x00000000c04d0000, 0x00000000c0550000)
 tenured generation   total 10944K, used 3583K [0x00000000d5550000, 0x00000000d6000000, 0x0000000100000000)
   the space 10944K,  32% used [0x00000000d5550000, 0x00000000d58cfc20, 0x00000000d58cfe00, 0x00000000d6000000)
 Metaspace       used 14446K, capacity 14576K, committed 14720K, reserved 1062912K
  class space    used 2022K, capacity 2064K, committed 2176K, reserved 1048576K
Event: 2.695 GC heap after
Heap after GC invocations=25 (full 0):
 def new generation   total 4928K, used 255K [0x00000000c0000000, 0x00000000c0550000, 0x00000000d5550000)
  eden space 4416K,   0% used [0x00000000c0000000, 0x00000000c0000000, 0x00000000c0450000)
  from space 512K,  49% used [0x00000000c04d0000, 0x00000000c050fd00, 0x00000000c0550000)
  to   space 512K,   0% used [0x00000000c0450000, 0x00000000c0450000, 0x00000000c04d0000)
 tenured generation   total 10944K, used 3721K [0x00000000d5550000, 0x00000000d6000000, 0x0000000100000000)
   the space 10944K,  34% used [0x00000000d5550000, 0x00000000d58f2428, 0x00000000d58f2600, 0x00000000d6000000)
 Metaspace       used 14446K, capacity 14576K, committed 14720K, reserved 1062912K
  class space    used 2022K, capacity 2064K, committed 2176K, reserved 1048576K
}
Event: 2.790 GC heap before
{Heap before GC invocations=25 (full 0):
 def new generation   total 4928K, used 4671K [0x00000000c0000000, 0x00000000c0550000, 0x00000000d5550000)
  eden space 4416K, 100% used [0x00000000c0000000, 0x00000000c0450000, 0x00000000c0450000)
  from space 512K,  49% used [0x00000000c04d0000, 0x00000000c050fd00, 0x00000000c0550000)
  to   space 512K,   0% used [0x00000000c0450000, 0x00000000c0450000, 0x00000000c04d0000)
 tenured generation   total 10944K, used 3721K [0x00000000d5550000, 0x00000000d6000000, 0x0000000100000000)
   the space 10944K,  34% used [0x00000000d5550000, 0x00000000d58f2428, 0x00000000d58f2600, 0x00000000d6000000)
 Metaspace       used 14924K, capacity 15024K, committed 15232K, reserved 1062912K
  class space    used 2074K, capacity 2128K, committed 2176K, reserved 1048576K
Event: 2.791 GC heap after
Heap after GC invocations=26 (full 0):
 def new generation   total 4928K, used 307K [0x00000000c0000000, 0x00000000c0550000, 0x00000000d5550000)
  eden space 4416K,   0% used [0x00000000c0000000, 0x00000000c0000000, 0x00000000c0450000)
  from space 512K,  60% used [0x00000000c0450000, 0x00000000c049ccd0, 0x00000000c04d0000)
  to   space 512K,   0% used [0x00000000c04d0000, 0x00000000c04d0000, 0x00000000c0550000)
 tenured generation   total 10944K, used 3721K [0x00000000d5550000, 0x00000000d6000000, 0x0000000100000000)
   the space 10944K,  34% used [0x00000000d5550000, 0x00000000d58f2428, 0x00000000d58f2600, 0x00000000d6000000)
 Metaspace       used 14924K, capacity 15024K, committed 15232K, reserved 1062912K
  class space    used 2074K, capacity 2128K, committed 2176K, reserved 1048576K
}
Event: 2.887 GC heap before
{Heap before GC invocations=26 (full 0):
 def new generation   total 4928K, used 4723K [0x00000000c0000000, 0x00000000c0550000, 0x00000000d5550000)
  eden space 4416K, 100% used [0x00000000c0000000, 0x00000000c0450000, 0x00000000c0450000)
  from space 512K,  60% used [0x00000000c0450000, 0x00000000c049ccd0, 0x00000000c04d0000)
  to   space 512K,   0% used [0x00000000c04d0000, 0x00000000c04d0000, 0x00000000c0550000)
 tenured generation   total 10944K, used 3721K [0x00000000d5550000, 0x00000000d6000000, 0x0000000100000000)
   the space 10944K,  34% used [0x00000000d5550000, 0x00000000d58f2428, 0x00000000d58f2600, 0x00000000d6000000)
 Metaspace       used 15086K, capacity 15216K, committed 15488K, reserved 1062912K
  class space    used 2093K, capacity 2128K, committed 2176K, reserved 1048576K
Event: 2.888 GC heap after
Heap after GC invocations=27 (full 0):
 def new generation   total 4928K, used 511K [0x00000000c0000000, 0x00000000c0550000, 0x00000000d5550000)
  eden space 4416K,   0% used [0x00000000c0000000, 0x00000000c0000000, 0x00000000c0450000)
  from space 512K,  99% used [0x00000000c04d0000, 0x00000000c054fff0, 0x00000000c0550000)
  to   space 512K,   0% used [0x00000000c0450000, 0x00000000c0450000, 0x00000000c04d0000)
 tenured generation   total 10944K, used 3891K [0x00000000d5550000, 0x00000000d6000000, 0x0000000100000000)
   the space 10944K,  35% used [0x00000000d5550000, 0x00000000d591cdc0, 0x00000000d591ce00, 0x00000000d6000000)
 Metaspace       used 15086K, capacity 15216K, committed 15488K, reserved 1062912K
  class space    used 2093K, capacity 2128K, committed 2176K, reserved 1048576K
}
Event: 3.125 GC heap before
{Heap before GC invocations=27 (full 0):
 def new generation   total 4928K, used 4927K [0x00000000c0000000, 0x00000000c0550000, 0x00000000d5550000)
  eden space 4416K, 100% used [0x00000000c0000000, 0x00000000c0450000, 0x00000000c0450000)
  from space 512K,  99% used [0x00000000c04d0000, 0x00000000c054fff0, 0x00000000c0550000)
  to   space 512K,   0% used [0x00000000c0450000, 0x00000000c0450000, 0x00000000c04d0000)
 tenured generation   total 10944K, used 3891K [0x00000000d5550000, 0x00000000d6000000, 0x0000000100000000)
   the space 10944K,  35% used [0x00000000d5550000, 0x00000000d591cdc0, 0x00000000d591ce00, 0x00000000d6000000)
 Metaspace       used 16368K, capacity 16586K, committed 16768K, reserved 1062912K
  class space    used 2230K, capacity 2307K, committed 2432K, reserved 1048576K
Event: 3.127 GC heap after
Heap after GC invocations=28 (full 0):
 def new generation   total 4928K, used 387K [0x00000000c0000000, 0x00000000c0550000, 0x00000000d5550000)
  eden space 4416K,   0% used [0x00000000c0000000, 0x00000000c0000000, 0x00000000c0450000)
  from space 512K,  75% used [0x00000000c0450000, 0x00000000c04b0f90, 0x00000000c04d0000)
  to   space 512K,   0% used [0x00000000c04d0000, 0x00000000c04d0000, 0x00000000c0550000)
 tenured generation   total 10944K, used 3973K [0x00000000d5550000, 0x00000000d6000000, 0x0000000100000000)
   the space 10944K,  36% used [0x00000000d5550000, 0x00000000d5931650, 0x00000000d5931800, 0x00000000d6000000)
 Metaspace       used 16368K, capacity 16586K, committed 16768K, reserved 1062912K
  class space    used 2230K, capacity 2307K, committed 2432K, reserved 1048576K
}
Event: 3.204 GC heap before
{Heap before GC invocations=28 (full 0):
 def new generation   total 4928K, used 4803K [0x00000000c0000000, 0x00000000c0550000, 0x00000000d5550000)
  eden space 4416K, 100% used [0x00000000c0000000, 0x00000000c0450000, 0x00000000c0450000)
  from space 512K,  75% used [0x00000000c0450000, 0x00000000c04b0f90, 0x00000000c04d0000)
  to   space 512K,   0% used [0x00000000c04d0000, 0x00000000c04d0000, 0x00000000c0550000)
 tenured generation   total 10944K, used 3973K [0x00000000d5550000, 0x00000000d6000000, 0x0000000100000000)
   the space 10944K,  36% used [0x00000000d5550000, 0x00000000d5931650, 0x00000000d5931800, 0x00000000d6000000)
 Metaspace       used 16725K, capacity 16982K, committed 17280K, reserved 1064960K
  class space    used 2271K, capacity 2373K, committed 2432K, reserved 1048576K
Event: 3.206 GC heap after
Heap after GC invocations=29 (full 0):
 def new generation   total 4928K, used 511K [0x00000000c0000000, 0x00000000c0550000, 0x00000000d5550000)
  eden space 4416K,   0% used [0x00000000c0000000, 0x00000000c0000000, 0x00000000c0450000)
  from space 512K,  99% used [0x00000000c04d0000, 0x00000000c054fff0, 0x00000000c0550000)
  to   space 512K,   0% used [0x00000000c0450000, 0x00000000c0450000, 0x00000000c04d0000)
 tenured generation   total 10944K, used 4362K [0x00000000d5550000, 0x00000000d6000000, 0x0000000100000000)
   the space 10944K,  39% used [0x00000000d5550000, 0x00000000d5992948, 0x00000000d5992a00, 0x00000000d6000000)
 Metaspace       used 16725K, capacity 16982K, committed 17280K, reserved 1064960K
  class space    used 2271K, capacity 2373K, committed 2432K, reserved 1048576K
}
Event: 3.283 GC heap before
{Heap before GC invocations=29 (full 0):
 def new generation   total 4928K, used 4927K [0x00000000c0000000, 0x00000000c0550000, 0x00000000d5550000)
  eden space 4416K, 100% used [0x00000000c0000000, 0x00000000c0450000, 0x00000000c0450000)
  from space 512K,  99% used [0x00000000c04d0000, 0x00000000c054fff0, 0x00000000c0550000)
  to   space 512K,   0% used [0x00000000c0450000, 0x00000000c0450000, 0x00000000c04d0000)
 tenured generation   total 10944K, used 4362K [0x00000000d5550000, 0x00000000d6000000, 0x0000000100000000)
   the space 10944K,  39% used [0x00000000d5550000, 0x00000000d5992948, 0x00000000d5992a00, 0x00000000d6000000)
 Metaspace       used 16853K, capacity 17110K, committed 17280K, reserved 1064960K
  class space    used 2283K, capacity 2373K, committed 2432K, reserved 1048576K
Event: 3.285 GC heap after
Heap after GC invocations=30 (full 0):
 def new generation   total 4928K, used 289K [0x00000000c0000000, 0x00000000c0550000, 0x00000000d5550000)
  eden space 4416K,   0% used [0x00000000c0000000, 0x00000000c0000000, 0x00000000c0450000)
  from space 512K,  56% used [0x00000000c0450000, 0x00000000c0498650, 0x00000000c04d0000)
  to   space 512K,   0% used [0x00000000c04d0000, 0x00000000c04d0000, 0x00000000c0550000)
 tenured generation   total 10944K, used 4569K [0x00000000d5550000, 0x00000000d6000000, 0x0000000100000000)
   the space 10944K,  41% used [0x00000000d5550000, 0x00000000d59c6748, 0x00000000d59c6800, 0x00000000d6000000)
 Metaspace       used 16853K, capacity 17110K, committed 17280K, reserved 1064960K
  class space    used 2283K, capacity 2373K, committed 2432K, reserved 1048576K
}
Event: 3.359 GC heap before
{Heap before GC invocations=30 (full 0):
 def new generation   total 4928K, used 4705K [0x00000000c0000000, 0x00000000c0550000, 0x00000000d5550000)
  eden space 4416K, 100% used [0x00000000c0000000, 0x00000000c0450000, 0x00000000c0450000)
  from space 512K,  56% used [0x00000000c0450000, 0x00000000c0498650, 0x00000000c04d0000)
  to   space 512K,   0% used [0x00000000c04d0000, 0x00000000c04d0000, 0x00000000c0550000)
 tenured generation   total 10944K, used 4569K [0x00000000d5550000, 0x00000000d6000000, 0x0000000100000000)
   the space 10944K,  41% used [0x00000000d5550000, 0x00000000d59c6748, 0x00000000d59c6800, 0x00000000d6000000)
 Metaspace       used 17198K, capacity 17430K, committed 17664K, reserved 1064960K
  class space    used 2350K, capacity 2437K, committed 2560K, reserved 1048576K
Event: 3.360 GC heap after
Heap after GC invocations=31 (full 0):
 def new generation   total 4928K, used 287K [0x00000000c0000000, 0x00000000c0550000, 0x00000000d5550000)
  eden space 4416K,   0% used [0x00000000c0000000, 0x00000000c0000000, 0x00000000c0450000)
  from space 512K,  56% used [0x00000000c04d0000, 0x00000000c0517dd0, 0x00000000c0550000)
  to   space 512K,   0% used [0x00000000c0450000, 0x00000000c0450000, 0x00000000c04d0000)
 tenured generation   total 10944K, used 4740K [0x00000000d5550000, 0x00000000d6000000, 0x0000000100000000)
   the space 10944K,  43% used [0x00000000d5550000, 0x00000000d59f1210, 0x00000000d59f1400, 0x00000000d6000000)
 Metaspace       used 17198K, capacity 17430K, committed 17664K, reserved 1064960K
  class space    used 2350K, capacity 2437K, committed 2560K, reserved 1048576K
}
Event: 3.481 GC heap before
{Heap before GC invocations=31 (full 0):
 def new generation   total 4928K, used 4703K [0x00000000c0000000, 0x00000000c0550000, 0x00000000d5550000)
  eden space 4416K, 100% used [0x00000000c0000000, 0x00000000c0450000, 0x00000000c0450000)
  from space 512K,  56% used [0x00000000c04d0000, 0x00000000c0517dd0, 0x00000000c0550000)
  to   space 512K,   0% used [0x00000000c0450000, 0x00000000c0450000, 0x00000000c04d0000)
 tenured generation   total 10944K, used 4740K [0x00000000d5550000, 0x00000000d6000000, 0x0000000100000000)
   the space 10944K,  43% used [0x00000000d5550000, 0x00000000d59f1210, 0x00000000d59f1400, 0x00000000d6000000)
 Metaspace       used 17751K, capacity 17952K, committed 18176K, reserved 1064960K
  class space    used 2418K, capacity 2503K, committed 2560K, reserved 1048576K
Event: 3.483 GC heap after
Heap after GC invocations=32 (full 0):
 def new generation   total 4928K, used 434K [0x00000000c0000000, 0x00000000c0550000, 0x00000000d5550000)
  eden space 4416K,   0% used [0x00000000c0000000, 0x00000000c0000000, 0x00000000c0450000)
  from space 512K,  84% used [0x00000000c0450000, 0x00000000c04bc8f8, 0x00000000c04d0000)
  to   space 512K,   0% used [0x00000000c04d0000, 0x00000000c04d0000, 0x00000000c0550000)
 tenured generation   total 10944K, used 4787K [0x00000000d5550000, 0x00000000d6000000, 0x0000000100000000)
   the space 10944K,  43% used [0x00000000d5550000, 0x00000000d59fcfa0, 0x00000000d59fd000, 0x00000000d6000000)
 Metaspace       used 17751K, capacity 17952K, committed 18176K, reserved 1064960K
  class space    used 2418K, capacity 2503K, committed 2560K, reserved 1048576K
}
Event: 3.559 GC heap before
{Heap before GC invocations=32 (full 0):
 def new generation   total 4928K, used 4850K [0x00000000c0000000, 0x00000000c0550000, 0x00000000d5550000)
  eden space 4416K, 100% used [0x00000000c0000000, 0x00000000c0450000, 0x00000000c0450000)
  from space 512K,  84% used [0x00000000c0450000, 0x00000000c04bc8f8, 0x00000000c04d0000)
  to   space 512K,   0% used [0x00000000c04d0000, 0x00000000c04d0000, 0x00000000c0550000)
 tenured generation   total 10944K, used 4787K [0x00000000d5550000, 0x00000000d6000000, 0x0000000100000000)
   the space 10944K,  43% used [0x00000000d5550000, 0x00000000d59fcfa0, 0x00000000d59fd000, 0x00000000d6000000)
 Metaspace       used 18074K, capacity 18272K, committed 18560K, reserved 1064960K
  class space    used 2489K, capacity 2567K, committed 2688K, reserved 1048576K
Event: 3.561 GC heap after
Heap after GC invocations=33 (full 0):
 def new generation   total 4928K, used 356K [0x00000000c0000000, 0x00000000c0550000, 0x00000000d5550000)
  eden space 4416K,   0% used [0x00000000c0000000, 0x00000000c0000000, 0x00000000c0450000)
  from space 512K,  69% used [0x00000000c04d0000, 0x00000000c0529070, 0x00000000c0550000)
  to   space 512K,   0% used [0x00000000c0450000, 0x00000000c0450000, 0x00000000c04d0000)
 tenured generation   total 10944K, used 4857K [0x00000000d5550000, 0x00000000d6000000, 0x0000000100000000)
   the space 10944K,  44% used [0x00000000d5550000, 0x00000000d5a0e498, 0x00000000d5a0e600, 0x00000000d6000000)
 Metaspace       used 18074K, capacity 18272K, committed 18560K, reserved 1064960K
  class space    used 2489K, capacity 2567K, committed 2688K, reserved 1048576K
}
Event: 3.653 GC heap before
{Heap before GC invocations=33 (full 0):
 def new generation   total 4928K, used 4772K [0x00000000c0000000, 0x00000000c0550000, 0x00000000d5550000)
  eden space 4416K, 100% used [0x00000000c0000000, 0x00000000c0450000, 0x00000000c0450000)
  from space 512K,  69% used [0x00000000c04d0000, 0x00000000c0529070, 0x00000000c0550000)
  to   space 512K,   0% used [0x00000000c0450000, 0x00000000c0450000, 0x00000000c04d0000)
 tenured generation   total 10944K, used 4857K [0x00000000d5550000, 0x00000000d6000000, 0x0000000100000000)
   the space 10944K,  44% used [0x00000000d5550000, 0x00000000d5a0e498, 0x00000000d5a0e600, 0x00000000d6000000)
 Metaspace       used 18673K, capacity 18848K, committed 19072K, reserved 1064960K
  class space    used 2561K, capacity 2631K, committed 2688K, reserved 1048576K
Event: 3.655 GC heap after
Heap after GC invocations=34 (full 0):
 def new generation   total 4928K, used 494K [0x00000000c0000000, 0x00000000c0550000, 0x00000000d5550000)
  eden space 4416K,   0% used [0x00000000c0000000, 0x00000000c0000000, 0x00000000c0450000)
  from space 512K,  96% used [0x00000000c0450000, 0x00000000c04cbbd8, 0x00000000c04d0000)
  to   space 512K,   0% used [0x00000000c04d0000, 0x00000000c04d0000, 0x00000000c0550000)
 tenured generation   total 10944K, used 4920K [0x00000000d5550000, 0x00000000d6000000, 0x0000000100000000)
   the space 10944K,  44% used [0x00000000d5550000, 0x00000000d5a1e128, 0x00000000d5a1e200, 0x00000000d6000000)
 Metaspace       used 18673K, capacity 18848K, committed 19072K, reserved 1064960K
  class space    used 2561K, capacity 2631K, committed 2688K, reserved 1048576K
}
Event: 3.759 GC heap before
{Heap before GC invocations=34 (full 0):
 def new generation   total 4928K, used 4910K [0x00000000c0000000, 0x00000000c0550000, 0x00000000d5550000)
  eden space 4416K, 100% used [0x00000000c0000000, 0x00000000c0450000, 0x00000000c0450000)
  from space 512K,  96% used [0x00000000c0450000, 0x00000000c04cbbd8, 0x00000000c04d0000)
  to   space 512K,   0% used [0x00000000c04d0000, 0x00000000c04d0000, 0x00000000c0550000)
 tenured generation   total 10944K, used 4920K [0x00000000d5550000, 0x00000000d6000000, 0x0000000100000000)
   the space 10944K,  44% used [0x00000000d5550000, 0x00000000d5a1e128, 0x00000000d5a1e200, 0x00000000d6000000)
 Metaspace       used 19149K, capacity 19392K, committed 19712K, reserved 1067008K
  class space    used 2638K, capacity 2727K, committed 2816K, reserved 1048576K
Event: 3.761 GC heap after
Heap after GC invocations=35 (full 0):
 def new generation   total 4928K, used 474K [0x00000000c0000000, 0x00000000c0550000, 0x00000000d5550000)
  eden space 4416K,   0% used [0x00000000c0000000, 0x00000000c0000000, 0x00000000c0450000)
  from space 512K,  92% used [0x00000000c04d0000, 0x00000000c0546838, 0x00000000c0550000)
  to   space 512K,   0% used [0x00000000c0450000, 0x00000000c0450000, 0x00000000c04d0000)
 tenured generation   total 10944K, used 4971K [0x00000000d5550000, 0x00000000d6000000, 0x0000000100000000)
   the space 10944K,  45% used [0x00000000d5550000, 0x00000000d5a2ad10, 0x00000000d5a2ae00, 0x00000000d6000000)
 Metaspace       used 19149K, capacity 19392K, committed 19712K, reserved 1067008K
  class space    used 2638K, capacity 2727K, committed 2816K, reserved 1048576K
}
Event: 3.870 GC heap before
{Heap before GC invocations=35 (full 0):
 def new generation   total 4928K, used 4890K [0x00000000c0000000, 0x00000000c0550000, 0x00000000d5550000)
  eden space 4416K, 100% used [0x00000000c0000000, 0x00000000c0450000, 0x00000000c0450000)
  from space 512K,  92% used [0x00000000c04d0000, 0x00000000c0546838, 0x00000000c0550000)
  to   space 512K,   0% used [0x00000000c0450000, 0x00000000c0450000, 0x00000000c04d0000)
 tenured generation   total 10944K, used 4971K [0x00000000d5550000, 0x00000000d6000000, 0x0000000100000000)
   the space 10944K,  45% used [0x00000000d5550000, 0x00000000d5a2ad10, 0x00000000d5a2ae00, 0x00000000d6000000)
 Metaspace       used 19816K, capacity 20032K, committed 20224K, reserved 1067008K
  class space    used 2720K, capacity 2791K, committed 2816K, reserved 1048576K
Event: 3.872 GC heap after
Heap after GC invocations=36 (full 0):
 def new generation   total 4928K, used 511K [0x00000000c0000000, 0x00000000c0550000, 0x00000000d5550000)
  eden space 4416K,   0% used [0x00000000c0000000, 0x00000000c0000000, 0x00000000c0450000)
  from space 512K,  99% used [0x00000000c0450000, 0x00000000c04cffd8, 0x00000000c04d0000)
  to   space 512K,   0% used [0x00000000c04d0000, 0x00000000c04d0000, 0x00000000c0550000)
 tenured generation   total 10944K, used 5083K [0x00000000d5550000, 0x00000000d6000000, 0x0000000100000000)
   the space 10944K,  46% used [0x00000000d5550000, 0x00000000d5a46e08, 0x00000000d5a47000, 0x00000000d6000000)
 Metaspace       used 19816K, capacity 20032K, committed 20224K, reserved 1067008K
  class space    used 2720K, capacity 2791K, committed 2816K, reserved 1048576K
}
Event: 3.958 GC heap before
{Heap before GC invocations=36 (full 0):
 def new generation   total 4928K, used 4919K [0x00000000c0000000, 0x00000000c0550000, 0x00000000d5550000)
  eden space 4416K,  99% used [0x00000000c0000000, 0x00000000c044de40, 0x00000000c0450000)
  from space 512K,  99% used [0x00000000c0450000, 0x00000000c04cffd8, 0x00000000c04d0000)
  to   space 512K,   0% used [0x00000000c04d0000, 0x00000000c04d0000, 0x00000000c0550000)
 tenured generation   total 10944K, used 5083K [0x00000000d5550000, 0x00000000d6000000, 0x0000000100000000)
   the space 10944K,  46% used [0x00000000d5550000, 0x00000000d5a46e08, 0x00000000d5a47000, 0x00000000d6000000)
 Metaspace       used 20622K, capacity 20800K, committed 21120K, reserved 1067008K
  class space    used 2850K, capacity 2919K, committed 2944K, reserved 1048576K
Event: 3.960 GC heap after
Heap after GC invocations=37 (full 0):
 def new generation   total 4928K, used 511K [0x00000000c0000000, 0x00000000c0550000, 0x00000000d5550000)
  eden space 4416K,   0% used [0x00000000c0000000, 0x00000000c0000000, 0x00000000c0450000)
  from space 512K,  99% used [0x00000000c04d0000, 0x00000000c054fff8, 0x00000000c0550000)
  to   space 512K,   0% used [0x00000000c0450000, 0x00000000c0450000, 0x00000000c04d0000)
 tenured generation   total 10944K, used 5321K [0x00000000d5550000, 0x00000000d6000000, 0x0000000100000000)
   the space 10944K,  48% used [0x00000000d5550000, 0x00000000d5a82420, 0x00000000d5a82600, 0x00000000d6000000)
 Metaspace       used 20622K, capacity 20800K, committed 21120K, reserved 1067008K
  class space    used 2850K, capacity 2919K, committed 2944K, reserved 1048576K
}
Event: 3.967 GC heap before
{Heap before GC invocations=37 (full 0):
 def new generation   total 4928K, used 980K [0x00000000c0000000, 0x00000000c0550000, 0x00000000d5550000)
  eden space 4416K,  10% used [0x00000000c0000000, 0x00000000c0075358, 0x00000000c0450000)
  from space 512K,  99% used [0x00000000c04d0000, 0x00000000c054fff8, 0x00000000c0550000)
  to   space 512K,   0% used [0x00000000c0450000, 0x00000000c0450000, 0x00000000c04d0000)
 tenured generation   total 10944K, used 5321K [0x00000000d5550000, 0x00000000d6000000, 0x0000000100000000)
   the space 10944K,  48% used [0x00000000d5550000, 0x00000000d5a82420, 0x00000000d5a82600, 0x00000000d6000000)
 Metaspace       used 20851K, capacity 21024K, committed 21248K, reserved 1067008K
  class space    used 2865K, capacity 2951K, committed 3072K, reserved 1048576K
Event: 3.983 GC heap after
Heap after GC invocations=38 (full 1):
 def new generation   total 4992K, used 0K [0x00000000c0000000, 0x00000000c0560000, 0x00000000d5550000)
  eden space 4480K,   0% used [0x00000000c0000000, 0x00000000c0000000, 0x00000000c0460000)
  from space 512K,   0% used [0x00000000c0460000, 0x00000000c0460000, 0x00000000c04e0000)
  to   space 512K,   0% used [0x00000000c04e0000, 0x00000000c04e0000, 0x00000000c0560000)
 tenured generation   total 10944K, used 5136K [0x00000000d5550000, 0x00000000d6000000, 0x0000000100000000)
   the space 10944K,  46% used [0x00000000d5550000, 0x00000000d5a543d8, 0x00000000d5a54400, 0x00000000d6000000)
 Metaspace       used 20851K, capacity 21024K, committed 21248K, reserved 1067008K
  class space    used 2865K, capacity 2951K, committed 3072K, reserved 1048576K
}
Event: 4.112 GC heap before
{Heap before GC invocations=38 (full 1):
 def new generation   total 4992K, used 4480K [0x00000000c0000000, 0x00000000c0560000, 0x00000000d5550000)
  eden space 4480K, 100% used [0x00000000c0000000, 0x00000000c0460000, 0x00000000c0460000)
  from space 512K,   0% used [0x00000000c0460000, 0x00000000c0460000, 0x00000000c04e0000)
  to   space 512K,   0% used [0x00000000c04e0000, 0x00000000c04e0000, 0x00000000c0560000)
 tenured generation   total 10944K, used 5136K [0x00000000d5550000, 0x00000000d6000000, 0x0000000100000000)
   the space 10944K,  46% used [0x00000000d5550000, 0x00000000d5a543d8, 0x00000000d5a54400, 0x00000000d6000000)
 Metaspace       used 21936K, capacity 22124K, committed 22400K, reserved 1069056K
  class space    used 3007K, capacity 3081K, committed 3200K, reserved 1048576K
Event: 4.114 GC heap after
Heap after GC invocations=39 (full 1):
 def new generation   total 4992K, used 511K [0x00000000c0000000, 0x00000000c0560000, 0x00000000d5550000)
  eden space 4480K,   0% used [0x00000000c0000000, 0x00000000c0000000, 0x00000000c0460000)
  from space 512K,  99% used [0x00000000c04e0000, 0x00000000c055fff8, 0x00000000c0560000)
  to   space 512K,   0% used [0x00000000c0460000, 0x00000000c0460000, 0x00000000c04e0000)
 tenured generation   total 10944K, used 5399K [0x00000000d5550000, 0x00000000d6000000, 0x0000000100000000)
   the space 10944K,  49% used [0x00000000d5550000, 0x00000000d5a95fd8, 0x00000000d5a96000, 0x00000000d6000000)
 Metaspace       used 21936K, capacity 22124K, committed 22400K, reserved 1069056K
  class space    used 3007K, capacity 3081K, committed 3200K, reserved 1048576K
}
Event: 4.220 GC heap before
{Heap before GC invocations=39 (full 1):
 def new generation   total 4992K, used 4991K [0x00000000c0000000, 0x00000000c0560000, 0x00000000d5550000)
  eden space 4480K, 100% used [0x00000000c0000000, 0x00000000c0460000, 0x00000000c0460000)
  from space 512K,  99% used [0x00000000c04e0000, 0x00000000c055fff8, 0x00000000c0560000)
  to   space 512K,   0% used [0x00000000c0460000, 0x00000000c0460000, 0x00000000c04e0000)
 tenured generation   total 10944K, used 5399K [0x00000000d5550000, 0x00000000d6000000, 0x0000000100000000)
   the space 10944K,  49% used [0x00000000d5550000, 0x00000000d5a95fd8, 0x00000000d5a96000, 0x00000000d6000000)
 Metaspace       used 22497K, capacity 22700K, committed 22912K, reserved 1069056K
  class space    used 3084K, capacity 3145K, committed 3200K, reserved 1048576K
Event: 4.222 GC heap after
Heap after GC invocations=40 (full 1):
 def new generation   total 4992K, used 511K [0x00000000c0000000, 0x00000000c0560000, 0x00000000d5550000)
  eden space 4480K,   0% used [0x00000000c0000000, 0x00000000c0000000, 0x00000000c0460000)
  from space 512K,  99% used [0x00000000c0460000, 0x00000000c04dfca8, 0x00000000c04e0000)
  to   space 512K,   0% used [0x00000000c04e0000, 0x00000000c04e0000, 0x00000000c0560000)
 tenured generation   total 10944K, used 5590K [0x00000000d5550000, 0x00000000d6000000, 0x0000000100000000)
   the space 10944K,  51% used [0x00000000d5550000, 0x00000000d5ac5848, 0x00000000d5ac5a00, 0x00000000d6000000)
 Metaspace       used 22497K, capacity 22700K, committed 22912K, reserved 1069056K
  class space    used 3084K, capacity 3145K, committed 3200K, reserved 1048576K
}
Event: 4.329 GC heap before
{Heap before GC invocations=40 (full 1):
 def new generation   total 4992K, used 4988K [0x00000000c0000000, 0x00000000c0560000, 0x00000000d5550000)
  eden space 4480K,  99% used [0x00000000c0000000, 0x00000000c045f4d0, 0x00000000c0460000)
  from space 512K,  99% used [0x00000000c0460000, 0x00000000c04dfca8, 0x00000000c04e0000)
  to   space 512K,   0% used [0x00000000c04e0000, 0x00000000c04e0000, 0x00000000c0560000)
 tenured generation   total 10944K, used 5590K [0x00000000d5550000, 0x00000000d6000000, 0x0000000100000000)
   the space 10944K,  51% used [0x00000000d5550000, 0x00000000d5ac5848, 0x00000000d5ac5a00, 0x00000000d6000000)
 Metaspace       used 23065K, capacity 23212K, committed 23552K, reserved 1069056K
  class space    used 3159K, capacity 3209K, committed 3328K, reserved 1048576K
Event: 4.331 GC heap after
Heap after GC invocations=41 (full 1):
 def new generation   total 4992K, used 511K [0x00000000c0000000, 0x00000000c0560000, 0x00000000d5550000)
  eden space 4480K,   0% used [0x00000000c0000000, 0x00000000c0000000, 0x00000000c0460000)
  from space 512K,  99% used [0x00000000c04e0000, 0x00000000c055fe70, 0x00000000c0560000)
  to   space 512K,   0% used [0x00000000c0460000, 0x00000000c0460000, 0x00000000c04e0000)
 tenured generation   total 10944K, used 5678K [0x00000000d5550000, 0x00000000d6000000, 0x0000000100000000)
   the space 10944K,  51% used [0x00000000d5550000, 0x00000000d5adb860, 0x00000000d5adba00, 0x00000000d6000000)
 Metaspace       used 23065K, capacity 23212K, committed 23552K, reserved 1069056K
  class space    used 3159K, capacity 3209K, committed 3328K, reserved 1048576K
}
Event: 4.477 GC heap before
{Heap before GC invocations=41 (full 1):
 def new generation   total 4992K, used 4991K [0x00000000c0000000, 0x00000000c0560000, 0x00000000d5550000)
  eden space 4480K, 100% used [0x00000000c0000000, 0x00000000c0460000, 0x00000000c0460000)
  from space 512K,  99% used [0x00000000c04e0000, 0x00000000c055fe70, 0x00000000c0560000)
  to   space 512K,   0% used [0x00000000c0460000, 0x00000000c0460000, 0x00000000c04e0000)
 tenured generation   total 10944K, used 5678K [0x00000000d5550000, 0x00000000d6000000, 0x0000000100000000)
   the space 10944K,  51% used [0x00000000d5550000, 0x00000000d5adb860, 0x00000000d5adba00, 0x00000000d6000000)
 Metaspace       used 23882K, capacity 24036K, committed 24448K, reserved 1071104K
  class space    used 3312K, capacity 3373K, committed 3456K, reserved 1048576K
Event: 4.479 GC heap after
Heap after GC invocations=42 (full 1):
 def new generation   total 4992K, used 511K [0x00000000c0000000, 0x00000000c0560000, 0x00000000d5550000)
  eden space 4480K,   0% used [0x00000000c0000000, 0x00000000c0000000, 0x00000000c0460000)
  from space 512K,  99% used [0x00000000c0460000, 0x00000000c04dfff0, 0x00000000c04e0000)
  to   space 512K,   0% used [0x00000000c04e0000, 0x00000000c04e0000, 0x00000000c0560000)
 tenured generation   total 10944K, used 5923K [0x00000000d5550000, 0x00000000d6000000, 0x0000000100000000)
   the space 10944K,  54% used [0x00000000d5550000, 0x00000000d5b18e58, 0x00000000d5b19000, 0x00000000d6000000)
 Metaspace       used 23882K, capacity 24036K, committed 24448K, reserved 1071104K
  class space    used 3312K, capacity 3373K, committed 3456K, reserved 1048576K
}
Event: 4.574 GC heap before
{Heap before GC invocations=42 (full 1):
 def new generation   total 4992K, used 4991K [0x00000000c0000000, 0x00000000c0560000, 0x00000000d5550000)
  eden space 4480K, 100% used [0x00000000c0000000, 0x00000000c0460000, 0x00000000c0460000)
  from space 512K,  99% used [0x00000000c0460000, 0x00000000c04dfff0, 0x00000000c04e0000)
  to   space 512K,   0% used [0x00000000c04e0000, 0x00000000c04e0000, 0x00000000c0560000)
 tenured generation   total 10944K, used 5923K [0x00000000d5550000, 0x00000000d6000000, 0x0000000100000000)
   the space 10944K,  54% used [0x00000000d5550000, 0x00000000d5b18e58, 0x00000000d5b19000, 0x00000000d6000000)
 Metaspace       used 24443K, capacity 24612K, committed 24960K, reserved 1071104K
  class space    used 3379K, capacity 3437K, committed 3456K, reserved 1048576K
Event: 4.577 GC heap after
Heap after GC invocations=43 (full 1):
 def new generation   total 4992K, used 511K [0x00000000c0000000, 0x00000000c0560000, 0x00000000d5550000)
  eden space 4480K,   0% used [0x00000000c0000000, 0x00000000c0000000, 0x00000000c0460000)
  from space 512K,  99% used [0x00000000c04e0000, 0x00000000c055fff0, 0x00000000c0560000)
  to   space 512K,   0% used [0x00000000c0460000, 0x00000000c0460000, 0x00000000c04e0000)
 tenured generation   total 10944K, used 6153K [0x00000000d5550000, 0x00000000d6000000, 0x0000000100000000)
   the space 10944K,  56% used [0x00000000d5550000, 0x00000000d5b525f0, 0x00000000d5b52600, 0x00000000d6000000)
 Metaspace       used 24443K, capacity 24612K, committed 24960K, reserved 1071104K
  class space    used 3379K, capacity 3437K, committed 3456K, reserved 1048576K
}
Event: 4.686 GC heap before
{Heap before GC invocations=43 (full 1):
 def new generation   total 4992K, used 4991K [0x00000000c0000000, 0x00000000c0560000, 0x00000000d5550000)
  eden space 4480K, 100% used [0x00000000c0000000, 0x00000000c0460000, 0x00000000c0460000)
  from space 512K,  99% used [0x00000000c04e0000, 0x00000000c055fff0, 0x00000000c0560000)
  to   space 512K,   0% used [0x00000000c0460000, 0x00000000c0460000, 0x00000000c04e0000)
 tenured generation   total 10944K, used 6153K [0x00000000d5550000, 0x00000000d6000000, 0x0000000100000000)
   the space 10944K,  56% used [0x00000000d5550000, 0x00000000d5b525f0, 0x00000000d5b52600, 0x00000000d6000000)
 Metaspace       used 24957K, capacity 25220K, committed 25600K, reserved 1071104K
  class space    used 3436K, capacity 3533K, committed 3584K, reserved 1048576K
Event: 4.689 GC heap after
Heap after GC invocations=44 (full 1):
 def new generation   total 4992K, used 512K [0x00000000c0000000, 0x00000000c0560000, 0x00000000d5550000)
  eden space 4480K,   0% used [0x00000000c0000000, 0x00000000c0000000, 0x00000000c0460000)
  from space 512K, 100% used [0x00000000c0460000, 0x00000000c04e0000, 0x00000000c04e0000)
  to   space 512K,   0% used [0x00000000c04e0000, 0x00000000c04e0000, 0x00000000c0560000)
 tenured generation   total 10944K, used 6503K [0x00000000d5550000, 0x00000000d6000000, 0x0000000100000000)
   the space 10944K,  59% used [0x00000000d5550000, 0x00000000d5ba9ec8, 0x00000000d5baa000, 0x00000000d6000000)
 Metaspace       used 24957K, capacity 25220K, committed 25600K, reserved 1071104K
  class space    used 3436K, capacity 3533K, committed 3584K, reserved 1048576K
}
Event: 4.858 GC heap before
{Heap before GC invocations=44 (full 1):
 def new generation   total 4992K, used 4992K [0x00000000c0000000, 0x00000000c0560000, 0x00000000d5550000)
  eden space 4480K, 100% used [0x00000000c0000000, 0x00000000c0460000, 0x00000000c0460000)
  from space 512K, 100% used [0x00000000c0460000, 0x00000000c04e0000, 0x00000000c04e0000)
  to   space 512K,   0% used [0x00000000c04e0000, 0x00000000c04e0000, 0x00000000c0560000)
 tenured generation   total 10944K, used 6503K [0x00000000d5550000, 0x00000000d6000000, 0x0000000100000000)
   the space 10944K,  59% used [0x00000000d5550000, 0x00000000d5ba9ec8, 0x00000000d5baa000, 0x00000000d6000000)
 Metaspace       used 25826K, capacity 26060K, committed 26496K, reserved 1073152K
  class space    used 3552K, capacity 3639K, committed 3712K, reserved 1048576K
Event: 4.862 GC heap after
Heap after GC invocations=45 (full 1):
 def new generation   total 4992K, used 512K [0x00000000c0000000, 0x00000000c0560000, 0x00000000d5550000)
  eden space 4480K,   0% used [0x00000000c0000000, 0x00000000c0000000, 0x00000000c0460000)
  from space 512K, 100% used [0x00000000c04e0000, 0x00000000c0560000, 0x00000000c0560000)
  to   space 512K,   0% used [0x00000000c0460000, 0x00000000c0460000, 0x00000000c04e0000)
 tenured generation   total 10944K, used 7246K [0x00000000d5550000, 0x00000000d6000000, 0x0000000100000000)
   the space 10944K,  66% used [0x00000000d5550000, 0x00000000d5c63840, 0x00000000d5c63a00, 0x00000000d6000000)
 Metaspace       used 25826K, capacity 26060K, committed 26496K, reserved 1073152K
  class space    used 3552K, capacity 3639K, committed 3712K, reserved 1048576K
}
Event: 4.945 GC heap before
{Heap before GC invocations=45 (full 1):
 def new generation   total 4992K, used 4992K [0x00000000c0000000, 0x00000000c0560000, 0x00000000d5550000)
  eden space 4480K, 100% used [0x00000000c0000000, 0x00000000c0460000, 0x00000000c0460000)
  from space 512K, 100% used [0x00000000c04e0000, 0x00000000c0560000, 0x00000000c0560000)
  to   space 512K,   0% used [0x00000000c0460000, 0x00000000c0460000, 0x00000000c04e0000)
 tenured generation   total 10944K, used 7246K [0x00000000d5550000, 0x00000000d6000000, 0x0000000100000000)
   the space 10944K,  66% used [0x00000000d5550000, 0x00000000d5c63840, 0x00000000d5c63a00, 0x00000000d6000000)
 Metaspace       used 25965K, capacity 26206K, committed 26496K, reserved 1073152K
  class space    used 3565K, capacity 3642K, committed 3712K, reserved 1048576K
Event: 4.948 GC heap after
Heap after GC invocations=46 (full 1):
 def new generation   total 4992K, used 292K [0x00000000c0000000, 0x00000000c0560000, 0x00000000d5550000)
  eden space 4480K,   0% used [0x00000000c0000000, 0x00000000c0000000, 0x00000000c0460000)
  from space 512K,  57% used [0x00000000c0460000, 0x00000000c04a90f0, 0x00000000c04e0000)
  to   space 512K,   0% used [0x00000000c04e0000, 0x00000000c04e0000, 0x00000000c0560000)
 tenured generation   total 10944K, used 7732K [0x00000000d5550000, 0x00000000d6000000, 0x0000000100000000)
   the space 10944K,  70% used [0x00000000d5550000, 0x00000000d5cdd278, 0x00000000d5cdd400, 0x00000000d6000000)
 Metaspace       used 25965K, capacity 26206K, committed 26496K, reserved 1073152K
  class space    used 3565K, capacity 3642K, committed 3712K, reserved 1048576K
}
Event: 5.006 GC heap before
{Heap before GC invocations=46 (full 1):
 def new generation   total 4992K, used 4772K [0x00000000c0000000, 0x00000000c0560000, 0x00000000d5550000)
  eden space 4480K, 100% used [0x00000000c0000000, 0x00000000c0460000, 0x00000000c0460000)
  from space 512K,  57% used [0x00000000c0460000, 0x00000000c04a90f0, 0x00000000c04e0000)
  to   space 512K,   0% used [0x00000000c04e0000, 0x00000000c04e0000, 0x00000000c0560000)
 tenured generation   total 10944K, used 7732K [0x00000000d5550000, 0x00000000d6000000, 0x0000000100000000)
   the space 10944K,  70% used [0x00000000d5550000, 0x00000000d5cdd278, 0x00000000d5cdd400, 0x00000000d6000000)
 Metaspace       used 25989K, capacity 26270K, committed 26496K, reserved 1073152K
  class space    used 3566K, capacity 3642K, committed 3712K, reserved 1048576K
Event: 5.007 GC heap after
Heap after GC invocations=47 (full 1):
 def new generation   total 4992K, used 132K [0x00000000c0000000, 0x00000000c0560000, 0x00000000d5550000)
  eden space 4480K,   0% used [0x00000000c0000000, 0x00000000c0000000, 0x00000000c0460000)
  from space 512K,  25% used [0x00000000c04e0000, 0x00000000c05010d8, 0x00000000c0560000)
  to   space 512K,   0% used [0x00000000c0460000, 0x00000000c0460000, 0x00000000c04e0000)
 tenured generation   total 10944K, used 7824K [0x00000000d5550000, 0x00000000d6000000, 0x0000000100000000)
   the space 10944K,  71% used [0x00000000d5550000, 0x00000000d5cf40b8, 0x00000000d5cf4200, 0x00000000d6000000)
 Metaspace       used 25989K, capacity 26270K, committed 26496K, reserved 1073152K
  class space    used 3566K, capacity 3642K, committed 3712K, reserved 1048576K
}
Event: 5.074 GC heap before
{Heap before GC invocations=47 (full 1):
 def new generation   total 4992K, used 4600K [0x00000000c0000000, 0x00000000c0560000, 0x00000000d5550000)
  eden space 4480K,  99% used [0x00000000c0000000, 0x00000000c045cfb8, 0x00000000c0460000)
  from space 512K,  25% used [0x00000000c04e0000, 0x00000000c05010d8, 0x00000000c0560000)
  to   space 512K,   0% used [0x00000000c0460000, 0x00000000c0460000, 0x00000000c04e0000)
 tenured generation   total 10944K, used 7824K [0x00000000d5550000, 0x00000000d6000000, 0x0000000100000000)
   the space 10944K,  71% used [0x00000000d5550000, 0x00000000d5cf40b8, 0x00000000d5cf4200, 0x00000000d6000000)
 Metaspace       used 26099K, capacity 26366K, committed 26752K, reserved 1073152K
  class space    used 3586K, capacity 3674K, committed 3712K, reserved 1048576K
Event: 5.075 GC heap after
Heap after GC invocations=48 (full 1):
 def new generation   total 4992K, used 322K [0x00000000c0000000, 0x00000000c0560000, 0x00000000d5550000)
  eden space 4480K,   0% used [0x00000000c0000000, 0x00000000c0000000, 0x00000000c0460000)
  from space 512K,  62% used [0x00000000c0460000, 0x00000000c04b08a0, 0x00000000c04e0000)
  to   space 512K,   0% used [0x00000000c04e0000, 0x00000000c04e0000, 0x00000000c0560000)
 tenured generation   total 10944K, used 7824K [0x00000000d5550000, 0x00000000d6000000, 0x0000000100000000)
   the space 10944K,  71% used [0x00000000d5550000, 0x00000000d5cf40b8, 0x00000000d5cf4200, 0x00000000d6000000)
 Metaspace       used 26099K, capacity 26366K, committed 26752K, reserved 1073152K
  class space    used 3586K, capacity 3674K, committed 3712K, reserved 1048576K
}
Event: 5.128 GC heap before
{Heap before GC invocations=48 (full 1):
 def new generation   total 4992K, used 4802K [0x00000000c0000000, 0x00000000c0560000, 0x00000000d5550000)
  eden space 4480K, 100% used [0x00000000c0000000, 0x00000000c0460000, 0x00000000c0460000)
  from space 512K,  62% used [0x00000000c0460000, 0x00000000c04b08a0, 0x00000000c04e0000)
  to   space 512K,   0% used [0x00000000c04e0000, 0x00000000c04e0000, 0x00000000c0560000)
 tenured generation   total 10944K, used 7824K [0x00000000d5550000, 0x00000000d6000000, 0x0000000100000000)
   the space 10944K,  71% used [0x00000000d5550000, 0x00000000d5cf40b8, 0x00000000d5cf4200, 0x00000000d6000000)
 Metaspace       used 26466K, capacity 26686K, committed 27136K, reserved 1073152K
  class space    used 3661K, capacity 3738K, committed 3840K, reserved 1048576K
Event: 5.130 GC heap after
Heap after GC invocations=49 (full 1):
 def new generation   total 4992K, used 311K [0x00000000c0000000, 0x00000000c0560000, 0x00000000d5550000)
  eden space 4480K,   0% used [0x00000000c0000000, 0x00000000c0000000, 0x00000000c0460000)
  from space 512K,  60% used [0x00000000c04e0000, 0x00000000c052dd50, 0x00000000c0560000)
  to   space 512K,   0% used [0x00000000c0460000, 0x00000000c0460000, 0x00000000c04e0000)
 tenured generation   total 10944K, used 7967K [0x00000000d5550000, 0x00000000d6000000, 0x0000000100000000)
   the space 10944K,  72% used [0x00000000d5550000, 0x00000000d5d17de0, 0x00000000d5d17e00, 0x00000000d6000000)
 Metaspace       used 26466K, capacity 26686K, committed 27136K, reserved 1073152K
  class space    used 3661K, capacity 3738K, committed 3840K, reserved 1048576K
}
Event: 5.211 GC heap before
{Heap before GC invocations=49 (full 1):
 def new generation   total 4992K, used 4791K [0x00000000c0000000, 0x00000000c0560000, 0x00000000d5550000)
  eden space 4480K, 100% used [0x00000000c0000000, 0x00000000c0460000, 0x00000000c0460000)
  from space 512K,  60% used [0x00000000c04e0000, 0x00000000c052dd50, 0x00000000c0560000)
  to   space 512K,   0% used [0x00000000c0460000, 0x00000000c0460000, 0x00000000c04e0000)
 tenured generation   total 10944K, used 7967K [0x00000000d5550000, 0x00000000d6000000, 0x0000000100000000)
   the space 10944K,  72% used [0x00000000d5550000, 0x00000000d5d17de0, 0x00000000d5d17e00, 0x00000000d6000000)
 Metaspace       used 27000K, capacity 27230K, committed 27392K, reserved 1073152K
  class space    used 3745K, capacity 3834K, committed 3840K, reserved 1048576K
Event: 5.213 GC heap after
Heap after GC invocations=50 (full 1):
 def new generation   total 4992K, used 438K [0x00000000c0000000, 0x00000000c0560000, 0x00000000d5550000)
  eden space 4480K,   0% used [0x00000000c0000000, 0x00000000c0000000, 0x00000000c0460000)
  from space 512K,  85% used [0x00000000c0460000, 0x00000000c04cda48, 0x00000000c04e0000)
  to   space 512K,   0% used [0x00000000c04e0000, 0x00000000c04e0000, 0x00000000c0560000)
 tenured generation   total 10944K, used 8011K [0x00000000d5550000, 0x00000000d6000000, 0x0000000100000000)
   the space 10944K,  73% used [0x00000000d5550000, 0x00000000d5d22da0, 0x00000000d5d22e00, 0x00000000d6000000)
 Metaspace       used 27000K, capacity 27230K, committed 27392K, reserved 1073152K
  class space    used 3745K, capacity 3834K, committed 3840K, reserved 1048576K
}
Event: 5.267 GC heap before
{Heap before GC invocations=50 (full 1):
 def new generation   total 4992K, used 4918K [0x00000000c0000000, 0x00000000c0560000, 0x00000000d5550000)
  eden space 4480K, 100% used [0x00000000c0000000, 0x00000000c0460000, 0x00000000c0460000)
  from space 512K,  85% used [0x00000000c0460000, 0x00000000c04cda48, 0x00000000c04e0000)
  to   space 512K,   0% used [0x00000000c04e0000, 0x00000000c04e0000, 0x00000000c0560000)
 tenured generation   total 10944K, used 8011K [0x00000000d5550000, 0x00000000d6000000, 0x0000000100000000)
   the space 10944K,  73% used [0x00000000d5550000, 0x00000000d5d22da0, 0x00000000d5d22e00, 0x00000000d6000000)
 Metaspace       used 27326K, capacity 27582K, committed 28032K, reserved 1073152K
  class space    used 3794K, capacity 3866K, committed 3968K, reserved 1048576K
Event: 5.268 GC heap after
Heap after GC invocations=51 (full 1):
 def new generation   total 4992K, used 511K [0x00000000c0000000, 0x00000000c0560000, 0x00000000d5550000)
  eden space 4480K,   0% used [0x00000000c0000000, 0x00000000c0000000, 0x00000000c0460000)
  from space 512K,  99% used [0x00000000c04e0000, 0x00000000c055fff0, 0x00000000c0560000)
  to   space 512K,   0% used [0x00000000c0460000, 0x00000000c0460000, 0x00000000c04e0000)
 tenured generation   total 10944K, used 8111K [0x00000000d5550000, 0x00000000d6000000, 0x0000000100000000)
   the space 10944K,  74% used [0x00000000d5550000, 0x00000000d5d3bc08, 0x00000000d5d3be00, 0x00000000d6000000)
 Metaspace       used 27326K, capacity 27582K, committed 28032K, reserved 1073152K
  class space    used 3794K, capacity 3866K, committed 3968K, reserved 1048576K
}
Event: 5.354 GC heap before
{Heap before GC invocations=51 (full 1):
 def new generation   total 4992K, used 4936K [0x00000000c0000000, 0x00000000c0560000, 0x00000000d5550000)
  eden space 4480K,  98% used [0x00000000c0000000, 0x00000000c0452258, 0x00000000c0460000)
  from space 512K,  99% used [0x00000000c04e0000, 0x00000000c055fff0, 0x00000000c0560000)
  to   space 512K,   0% used [0x00000000c0460000, 0x00000000c0460000, 0x00000000c04e0000)
 tenured generation   total 10944K, used 8111K [0x00000000d5550000, 0x00000000d6000000, 0x0000000100000000)
   the space 10944K,  74% used [0x00000000d5550000, 0x00000000d5d3bc08, 0x00000000d5d3be00, 0x00000000d6000000)
 Metaspace       used 27873K, capacity 28094K, committed 28288K, reserved 1073152K
  class space    used 3850K, capacity 3930K, committed 3968K, reserved 1048576K
Event: 5.356 GC heap after
Heap after GC invocations=52 (full 1):
 def new generation   total 4992K, used 511K [0x00000000c0000000, 0x00000000c0560000, 0x00000000d5550000)
  eden space 4480K,   0% used [0x00000000c0000000, 0x00000000c0000000, 0x00000000c0460000)
  from space 512K,  99% used [0x00000000c0460000, 0x00000000c04dffd8, 0x00000000c04e0000)
  to   space 512K,   0% used [0x00000000c04e0000, 0x00000000c04e0000, 0x00000000c0560000)
 tenured generation   total 10944K, used 8449K [0x00000000d5550000, 0x00000000d6000000, 0x0000000100000000)
   the space 10944K,  77% used [0x00000000d5550000, 0x00000000d5d90630, 0x00000000d5d90800, 0x00000000d6000000)
 Metaspace       used 27873K, capacity 28094K, committed 28288K, reserved 1073152K
  class space    used 3850K, capacity 3930K, committed 3968K, reserved 1048576K
}
Event: 5.433 GC heap before
{Heap before GC invocations=52 (full 1):
 def new generation   total 4992K, used 4991K [0x00000000c0000000, 0x00000000c0560000, 0x00000000d5550000)
  eden space 4480K, 100% used [0x00000000c0000000, 0x00000000c0460000, 0x00000000c0460000)
  from space 512K,  99% used [0x00000000c0460000, 0x00000000c04dffd8, 0x00000000c04e0000)
  to   space 512K,   0% used [0x00000000c04e0000, 0x00000000c04e0000, 0x00000000c0560000)
 tenured generation   total 10944K, used 8449K [0x00000000d5550000, 0x00000000d6000000, 0x0000000100000000)
   the space 10944K,  77% used [0x00000000d5550000, 0x00000000d5d90630, 0x00000000d5d90800, 0x00000000d6000000)
 Metaspace       used 28572K, capacity 28798K, committed 29184K, reserved 1075200K
  class space    used 3906K, capacity 3994K, committed 4096K, reserved 1048576K
Event: 5.435 GC heap after
Heap after GC invocations=53 (full 1):
 def new generation   total 4992K, used 511K [0x00000000c0000000, 0x00000000c0560000, 0x00000000d5550000)
  eden space 4480K,   0% used [0x00000000c0000000, 0x00000000c0000000, 0x00000000c0460000)
  from space 512K,  99% used [0x00000000c04e0000, 0x00000000c055fff8, 0x00000000c0560000)
  to   space 512K,   0% used [0x00000000c0460000, 0x00000000c0460000, 0x00000000c04e0000)
 tenured generation   total 10944K, used 8704K [0x00000000d5550000, 0x00000000d6000000, 0x0000000100000000)
   the space 10944K,  79% used [0x00000000d5550000, 0x00000000d5dd0178, 0x00000000d5dd0200, 0x00000000d6000000)
 Metaspace       used 28572K, capacity 28798K, committed 29184K, reserved 1075200K
  class space    used 3906K, capacity 3994K, committed 4096K, reserved 1048576K
}
Event: 5.505 GC heap before
{Heap before GC invocations=53 (full 1):
 def new generation   total 4992K, used 4971K [0x00000000c0000000, 0x00000000c0560000, 0x00000000d5550000)
  eden space 4480K,  99% used [0x00000000c0000000, 0x00000000c045acc8, 0x00000000c0460000)
  from space 512K,  99% used [0x00000000c04e0000, 0x00000000c055fff8, 0x00000000c0560000)
  to   space 512K,   0% used [0x00000000c0460000, 0x00000000c0460000, 0x00000000c04e0000)
 tenured generation   total 10944K, used 8704K [0x00000000d5550000, 0x00000000d6000000, 0x0000000100000000)
   the space 10944K,  79% used [0x00000000d5550000, 0x00000000d5dd0178, 0x00000000d5dd0200, 0x00000000d6000000)
 Metaspace       used 29097K, capacity 29374K, committed 29696K, reserved 1075200K
  class space    used 3967K, capacity 4058K, committed 4096K, reserved 1048576K
Event: 5.506 GC heap after
Heap after GC invocations=54 (full 1):
 def new generation   total 4992K, used 511K [0x00000000c0000000, 0x00000000c0560000, 0x00000000d5550000)
  eden space 4480K,   0% used [0x00000000c0000000, 0x00000000c0000000, 0x00000000c0460000)
  from space 512K,  99% used [0x00000000c0460000, 0x00000000c04dffa8, 0x00000000c04e0000)
  to   space 512K,   0% used [0x00000000c04e0000, 0x00000000c04e0000, 0x00000000c0560000)
 tenured generation   total 10944K, used 8835K [0x00000000d5550000, 0x00000000d6000000, 0x0000000100000000)
   the space 10944K,  80% used [0x00000000d5550000, 0x00000000d5df0c80, 0x00000000d5df0e00, 0x00000000d6000000)
 Metaspace       used 29097K, capacity 29374K, committed 29696K, reserved 1075200K
  class space    used 3967K, capacity 4058K, committed 4096K, reserved 1048576K
}
Event: 5.562 GC heap before
{Heap before GC invocations=54 (full 1):
 def new generation   total 4992K, used 4991K [0x00000000c0000000, 0x00000000c0560000, 0x00000000d5550000)
  eden space 4480K, 100% used [0x00000000c0000000, 0x00000000c0460000, 0x00000000c0460000)
  from space 512K,  99% used [0x00000000c0460000, 0x00000000c04dffa8, 0x00000000c04e0000)
  to   space 512K,   0% used [0x00000000c04e0000, 0x00000000c04e0000, 0x00000000c0560000)
 tenured generation   total 10944K, used 8835K [0x00000000d5550000, 0x00000000d6000000, 0x0000000100000000)
   the space 10944K,  80% used [0x00000000d5550000, 0x00000000d5df0c80, 0x00000000d5df0e00, 0x00000000d6000000)
 Metaspace       used 29535K, capacity 29790K, committed 29952K, reserved 1075200K
  class space    used 4019K, capacity 4090K, committed 4096K, reserved 1048576K
Event: 5.563 GC heap after
Heap after GC invocations=55 (full 1):
 def new generation   total 4992K, used 511K [0x00000000c0000000, 0x00000000c0560000, 0x00000000d5550000)
  eden space 4480K,   0% used [0x00000000c0000000, 0x00000000c0000000, 0x00000000c0460000)
  from space 512K,  99% used [0x00000000c04e0000, 0x00000000c055fe68, 0x00000000c0560000)
  to   space 512K,   0% used [0x00000000c0460000, 0x00000000c0460000, 0x00000000c04e0000)
 tenured generation   total 10944K, used 8982K [0x00000000d5550000, 0x00000000d6000000, 0x0000000100000000)
   the space 10944K,  82% used [0x00000000d5550000, 0x00000000d5e15bd8, 0x00000000d5e15c00, 0x00000000d6000000)
 Metaspace       used 29535K, capacity 29790K, committed 29952K, reserved 1075200K
  class space    used 4019K, capacity 4090K, committed 4096K, reserved 1048576K
}
Event: 5.664 GC heap before
{Heap before GC invocations=55 (full 1):
 def new generation   total 4992K, used 4991K [0x00000000c0000000, 0x00000000c0560000, 0x00000000d5550000)
  eden space 4480K, 100% used [0x00000000c0000000, 0x00000000c0460000, 0x00000000c0460000)
  from space 512K,  99% used [0x00000000c04e0000, 0x00000000c055fe68, 0x00000000c0560000)
  to   space 512K,   0% used [0x00000000c0460000, 0x00000000c0460000, 0x00000000c04e0000)
 tenured generation   total 10944K, used 8982K [0x00000000d5550000, 0x00000000d6000000, 0x0000000100000000)
   the space 10944K,  82% used [0x00000000d5550000, 0x00000000d5e15bd8, 0x00000000d5e15c00, 0x00000000d6000000)
 Metaspace       used 29967K, capacity 30240K, committed 30592K, reserved 1075200K
  class space    used 4091K, capacity 4155K, committed 4224K, reserved 1048576K
Event: 5.666 GC heap after
Heap after GC invocations=56 (full 1):
 def new generation   total 4992K, used 503K [0x00000000c0000000, 0x00000000c0560000, 0x00000000d5550000)
  eden space 4480K,   0% used [0x00000000c0000000, 0x00000000c0000000, 0x00000000c0460000)
  from space 512K,  98% used [0x00000000c0460000, 0x00000000c04dddd8, 0x00000000c04e0000)
  to   space 512K,   0% used [0x00000000c04e0000, 0x00000000c04e0000, 0x00000000c0560000)
 tenured generation   total 10944K, used 9018K [0x00000000d5550000, 0x00000000d6000000, 0x0000000100000000)
   the space 10944K,  82% used [0x00000000d5550000, 0x00000000d5e1e9a0, 0x00000000d5e1ea00, 0x00000000d6000000)
 Metaspace       used 29967K, capacity 30240K, committed 30592K, reserved 1075200K
  class space    used 4091K, capacity 4155K, committed 4224K, reserved 1048576K
}
Event: 5.754 GC heap before
{Heap before GC invocations=56 (full 1):
 def new generation   total 4992K, used 4983K [0x00000000c0000000, 0x00000000c0560000, 0x00000000d5550000)
  eden space 4480K, 100% used [0x00000000c0000000, 0x00000000c0460000, 0x00000000c0460000)
  from space 512K,  98% used [0x00000000c0460000, 0x00000000c04dddd8, 0x00000000c04e0000)
  to   space 512K,   0% used [0x00000000c04e0000, 0x00000000c04e0000, 0x00000000c0560000)
 tenured generation   total 10944K, used 9018K [0x00000000d5550000, 0x00000000d6000000, 0x0000000100000000)
   the space 10944K,  82% used [0x00000000d5550000, 0x00000000d5e1e9a0, 0x00000000d5e1ea00, 0x00000000d6000000)
 Metaspace       used 30362K, capacity 30624K, committed 30848K, reserved 1075200K
  class space    used 4159K, capacity 4219K, committed 4224K, reserved 1048576K
Event: 5.756 GC heap after
Heap after GC invocations=57 (full 1):
 def new generation   total 4992K, used 463K [0x00000000c0000000, 0x00000000c0560000, 0x00000000d5550000)
  eden space 4480K,   0% used [0x00000000c0000000, 0x00000000c0000000, 0x00000000c0460000)
  from space 512K,  90% used [0x00000000c04e0000, 0x00000000c0553f80, 0x00000000c0560000)
  to   space 512K,   0% used [0x00000000c0460000, 0x00000000c0460000, 0x00000000c04e0000)
 tenured generation   total 10944K, used 9148K [0x00000000d5550000, 0x00000000d6000000, 0x0000000100000000)
   the space 10944K,  83% used [0x00000000d5550000, 0x00000000d5e3f018, 0x00000000d5e3f200, 0x00000000d6000000)
 Metaspace       used 30362K, capacity 30624K, committed 30848K, reserved 1075200K
  class space    used 4159K, capacity 4219K, committed 4224K, reserved 1048576K
}
Event: 5.848 GC heap before
{Heap before GC invocations=57 (full 1):
 def new generation   total 4992K, used 4943K [0x00000000c0000000, 0x00000000c0560000, 0x00000000d5550000)
  eden space 4480K, 100% used [0x00000000c0000000, 0x00000000c0460000, 0x00000000c0460000)
  from space 512K,  90% used [0x00000000c04e0000, 0x00000000c0553f80, 0x00000000c0560000)
  to   space 512K,   0% used [0x00000000c0460000, 0x00000000c0460000, 0x00000000c04e0000)
 tenured generation   total 10944K, used 9148K [0x00000000d5550000, 0x00000000d6000000, 0x0000000100000000)
   the space 10944K,  83% used [0x00000000d5550000, 0x00000000d5e3f018, 0x00000000d5e3f200, 0x00000000d6000000)
 Metaspace       used 30810K, capacity 31072K, committed 31488K, reserved 1077248K
  class space    used 4213K, capacity 4283K, committed 4352K, reserved 1048576K
Event: 5.850 GC heap after
Heap after GC invocations=58 (full 1):
 def new generation   total 4992K, used 511K [0x00000000c0000000, 0x00000000c0560000, 0x00000000d5550000)
  eden space 4480K,   0% used [0x00000000c0000000, 0x00000000c0000000, 0x00000000c0460000)
  from space 512K,  99% used [0x00000000c0460000, 0x00000000c04dffc0, 0x00000000c04e0000)
  to   space 512K,   0% used [0x00000000c04e0000, 0x00000000c04e0000, 0x00000000c0560000)
 tenured generation   total 10944K, used 9421K [0x00000000d5550000, 0x00000000d6000000, 0x0000000100000000)
   the space 10944K,  86% used [0x00000000d5550000, 0x00000000d5e834b0, 0x00000000d5e83600, 0x00000000d6000000)
 Metaspace       used 30810K, capacity 31072K, committed 31488K, reserved 1077248K
  class space    used 4213K, capacity 4283K, committed 4352K, reserved 1048576K
}
Event: 5.906 GC heap before
{Heap before GC invocations=58 (full 1):
 def new generation   total 4992K, used 4991K [0x00000000c0000000, 0x00000000c0560000, 0x00000000d5550000)
  eden space 4480K, 100% used [0x00000000c0000000, 0x00000000c0460000, 0x00000000c0460000)
  from space 512K,  99% used [0x00000000c0460000, 0x00000000c04dffc0, 0x00000000c04e0000)
  to   space 512K,   0% used [0x00000000c04e0000, 0x00000000c04e0000, 0x00000000c0560000)
 tenured generation   total 10944K, used 9421K [0x00000000d5550000, 0x00000000d6000000, 0x0000000100000000)
   the space 10944K,  86% used [0x00000000d5550000, 0x00000000d5e834b0, 0x00000000d5e83600, 0x00000000d6000000)
 Metaspace       used 30859K, capacity 31072K, committed 31488K, reserved 1077248K
  class space    used 4217K, capacity 4283K, committed 4352K, reserved 1048576K
Event: 5.907 GC heap after
Heap after GC invocations=59 (full 1):
 def new generation   total 4992K, used 199K [0x00000000c0000000, 0x00000000c0560000, 0x00000000d5550000)
  eden space 4480K,   0% used [0x00000000c0000000, 0x00000000c0000000, 0x00000000c0460000)
  from space 512K,  38% used [0x00000000c04e0000, 0x00000000c0511c48, 0x00000000c0560000)
  to   space 512K,   0% used [0x00000000c0460000, 0x00000000c0460000, 0x00000000c04e0000)
 tenured generation   total 10944K, used 9483K [0x00000000d5550000, 0x00000000d6000000, 0x0000000100000000)
   the space 10944K,  86% used [0x00000000d5550000, 0x00000000d5e92c68, 0x00000000d5e92e00, 0x00000000d6000000)
 Metaspace       used 30859K, capacity 31072K, committed 31488K, reserved 1077248K
  class space    used 4217K, capacity 4283K, committed 4352K, reserved 1048576K
}
Event: 6.019 GC heap before
{Heap before GC invocations=59 (full 1):
 def new generation   total 4992K, used 4679K [0x00000000c0000000, 0x00000000c0560000, 0x00000000d5550000)
  eden space 4480K, 100% used [0x00000000c0000000, 0x00000000c0460000, 0x00000000c0460000)
  from space 512K,  38% used [0x00000000c04e0000, 0x00000000c0511c48, 0x00000000c0560000)
  to   space 512K,   0% used [0x00000000c0460000, 0x00000000c0460000, 0x00000000c04e0000)
 tenured generation   total 10944K, used 9483K [0x00000000d5550000, 0x00000000d6000000, 0x0000000100000000)
   the space 10944K,  86% used [0x00000000d5550000, 0x00000000d5e92c68, 0x00000000d5e92e00, 0x00000000d6000000)
 Metaspace       used 31301K, capacity 31520K, committed 31744K, reserved 1077248K
  class space    used 4274K, capacity 4347K, committed 4352K, reserved 1048576K
Event: 6.021 GC heap after
Heap after GC invocations=60 (full 1):
 def new generation   total 4992K, used 512K [0x00000000c0000000, 0x00000000c0560000, 0x00000000d5550000)
  eden space 4480K,   0% used [0x00000000c0000000, 0x00000000c0000000, 0x00000000c0460000)
  from space 512K, 100% used [0x00000000c0460000, 0x00000000c04e0000, 0x00000000c04e0000)
  to   space 512K,   0% used [0x00000000c04e0000, 0x00000000c04e0000, 0x00000000c0560000)
 tenured generation   total 10944K, used 9525K [0x00000000d5550000, 0x00000000d6000000, 0x0000000100000000)
   the space 10944K,  87% used [0x00000000d5550000, 0x00000000d5e9d458, 0x00000000d5e9d600, 0x00000000d6000000)
 Metaspace       used 31301K, capacity 31520K, committed 31744K, reserved 1077248K
  class space    used 4274K, capacity 4347K, committed 4352K, reserved 1048576K
}
Event: 6.148 GC heap before
{Heap before GC invocations=60 (full 1):
 def new generation   total 4992K, used 4992K [0x00000000c0000000, 0x00000000c0560000, 0x00000000d5550000)
  eden space 4480K, 100% used [0x00000000c0000000, 0x00000000c0460000, 0x00000000c0460000)
  from space 512K, 100% used [0x00000000c0460000, 0x00000000c04e0000, 0x00000000c04e0000)
  to   space 512K,   0% used [0x00000000c04e0000, 0x00000000c04e0000, 0x00000000c0560000)
 tenured generation   total 10944K, used 9525K [0x00000000d5550000, 0x00000000d6000000, 0x0000000100000000)
   the space 10944K,  87% used [0x00000000d5550000, 0x00000000d5e9d458, 0x00000000d5e9d600, 0x00000000d6000000)
 Metaspace       used 31933K, capacity 32140K, committed 32384K, reserved 1077248K
  class space    used 4370K, capacity 4445K, committed 4480K, reserved 1048576K
Event: 6.151 GC heap after
Heap after GC invocations=61 (full 1):
 def new generation   total 4992K, used 511K [0x00000000c0000000, 0x00000000c0560000, 0x00000000d5550000)
  eden space 4480K,   0% used [0x00000000c0000000, 0x00000000c0000000, 0x00000000c0460000)
  from space 512K,  99% used [0x00000000c04e0000, 0x00000000c055fff0, 0x00000000c0560000)
  to   space 512K,   0% used [0x00000000c0460000, 0x00000000c0460000, 0x00000000c04e0000)
 tenured generation   total 10944K, used 10131K [0x00000000d5550000, 0x00000000d6000000, 0x0000000100000000)
   the space 10944K,  92% used [0x00000000d5550000, 0x00000000d5f34c20, 0x00000000d5f34e00, 0x00000000d6000000)
 Metaspace       used 31933K, capacity 32140K, committed 32384K, reserved 1077248K
  class space    used 4370K, capacity 4445K, committed 4480K, reserved 1048576K
}
Event: 6.280 GC heap before
{Heap before GC invocations=61 (full 1):
 def new generation   total 4992K, used 4985K [0x00000000c0000000, 0x00000000c0560000, 0x00000000d5550000)
  eden space 4480K,  99% used [0x00000000c0000000, 0x00000000c045e4f8, 0x00000000c0460000)
  from space 512K,  99% used [0x00000000c04e0000, 0x00000000c055fff0, 0x00000000c0560000)
  to   space 512K,   0% used [0x00000000c0460000, 0x00000000c0460000, 0x00000000c04e0000)
 tenured generation   total 10944K, used 10131K [0x00000000d5550000, 0x00000000d6000000, 0x0000000100000000)
   the space 10944K,  92% used [0x00000000d5550000, 0x00000000d5f34c20, 0x00000000d5f34e00, 0x00000000d6000000)
 Metaspace       used 32656K, capacity 32940K, committed 33280K, reserved 1077248K
  class space    used 4462K, capacity 4541K, committed 4608K, reserved 1048576K
Event: 6.357 GC heap after
Heap after GC invocations=62 (full 2):
 def new generation   total 6144K, used 0K [0x00000000c0000000, 0x00000000c06a0000, 0x00000000d5550000)
  eden space 5504K,   0% used [0x00000000c0000000, 0x00000000c0000000, 0x00000000c0560000)
  from space 640K,   0% used [0x00000000c0560000, 0x00000000c0560000, 0x00000000c0600000)
  to   space 640K,   0% used [0x00000000c0600000, 0x00000000c0600000, 0x00000000c06a0000)
 tenured generation   total 13504K, used 8102K [0x00000000d5550000, 0x00000000d6280000, 0x0000000100000000)
   the space 13504K,  59% used [0x00000000d5550000, 0x00000000d5d39890, 0x00000000d5d39a00, 0x00000000d6280000)
 Metaspace       used 32656K, capacity 32940K, committed 33280K, reserved 1077248K
  class space    used 4462K, capacity 4541K, committed 4608K, reserved 1048576K
}
Event: 6.500 GC heap before
{Heap before GC invocations=62 (full 2):
 def new generation   total 6144K, used 5504K [0x00000000c0000000, 0x00000000c06a0000, 0x00000000d5550000)
  eden space 5504K, 100% used [0x00000000c0000000, 0x00000000c0560000, 0x00000000c0560000)
  from space 640K,   0% used [0x00000000c0560000, 0x00000000c0560000, 0x00000000c0600000)
  to   space 640K,   0% used [0x00000000c0600000, 0x00000000c0600000, 0x00000000c06a0000)
 tenured generation   total 13504K, used 8102K [0x00000000d5550000, 0x00000000d6280000, 0x0000000100000000)
   the space 13504K,  59% used [0x00000000d5550000, 0x00000000d5d39890, 0x00000000d5d39a00, 0x00000000d6280000)
 Metaspace       used 33423K, capacity 33676K, committed 34176K, reserved 1079296K
  class space    used 4567K, capacity 4637K, committed 4736K, reserved 1048576K
Event: 6.503 GC heap after
Heap after GC invocations=63 (full 2):
 def new generation   total 6144K, used 639K [0x00000000c0000000, 0x00000000c06a0000, 0x00000000d5550000)
  eden space 5504K,   0% used [0x00000000c0000000, 0x00000000c0000000, 0x00000000c0560000)
  from space 640K,  99% used [0x00000000c0600000, 0x00000000c069fff0, 0x00000000c06a0000)
  to   space 640K,   0% used [0x00000000c0560000, 0x00000000c0560000, 0x00000000c0600000)
 tenured generation   total 13504K, used 8821K [0x00000000d5550000, 0x00000000d6280000, 0x0000000100000000)
   the space 13504K,  65% used [0x00000000d5550000, 0x00000000d5ded440, 0x00000000d5ded600, 0x00000000d6280000)
 Metaspace       used 33423K, capacity 33676K, committed 34176K, reserved 1079296K
  class space    used 4567K, capacity 4637K, committed 4736K, reserved 1048576K
}
Event: 6.630 GC heap before
{Heap before GC invocations=63 (full 2):
 def new generation   total 6144K, used 6143K [0x00000000c0000000, 0x00000000c06a0000, 0x00000000d5550000)
  eden space 5504K, 100% used [0x00000000c0000000, 0x00000000c0560000, 0x00000000c0560000)
  from space 640K,  99% used [0x00000000c0600000, 0x00000000c069fff0, 0x00000000c06a0000)
  to   space 640K,   0% used [0x00000000c0560000, 0x00000000c0560000, 0x00000000c0600000)
 tenured generation   total 13504K, used 8821K [0x00000000d5550000, 0x00000000d6280000, 0x0000000100000000)
   the space 13504K,  65% used [0x00000000d5550000, 0x00000000d5ded440, 0x00000000d5ded600, 0x00000000d6280000)
 Metaspace       used 34169K, capacity 34444K, committed 34816K, reserved 1079296K
  class space    used 4678K, capacity 4765K, committed 4864K, reserved 1048576K
Event: 6.633 GC heap after
Heap after GC invocations=64 (full 2):
 def new generation   total 6144K, used 640K [0x00000000c0000000, 0x00000000c06a0000, 0x00000000d5550000)
  eden space 5504K,   0% used [0x00000000c0000000, 0x00000000c0000000, 0x00000000c0560000)
  from space 640K, 100% used [0x00000000c0560000, 0x00000000c0600000, 0x00000000c0600000)
  to   space 640K,   0% used [0x00000000c0600000, 0x00000000c0600000, 0x00000000c06a0000)
 tenured generation   total 13504K, used 9822K [0x00000000d5550000, 0x00000000d6280000, 0x0000000100000000)
   the space 13504K,  72% used [0x00000000d5550000, 0x00000000d5ee7848, 0x00000000d5ee7a00, 0x00000000d6280000)
 Metaspace       used 34169K, capacity 34444K, committed 34816K, reserved 1079296K
  class space    used 4678K, capacity 4765K, committed 4864K, reserved 1048576K
}
Event: 6.705 GC heap before
{Heap before GC invocations=64 (full 2):
 def new generation   total 6144K, used 6144K [0x00000000c0000000, 0x00000000c06a0000, 0x00000000d5550000)
  eden space 5504K, 100% used [0x00000000c0000000, 0x00000000c0560000, 0x00000000c0560000)
  from space 640K, 100% used [0x00000000c0560000, 0x00000000c0600000, 0x00000000c0600000)
  to   space 640K,   0% used [0x00000000c0600000, 0x00000000c0600000, 0x00000000c06a0000)
 tenured generation   total 13504K, used 9822K [0x00000000d5550000, 0x00000000d6280000, 0x0000000100000000)
   the space 13504K,  72% used [0x00000000d5550000, 0x00000000d5ee7848, 0x00000000d5ee7a00, 0x00000000d6280000)
 Metaspace       used 34559K, capacity 34796K, committed 35072K, reserved 1079296K
  class space    used 4801K, capacity 4861K, committed 4864K, reserved 1048576K
Event: 6.708 GC heap after
Heap after GC invocations=65 (full 2):
 def new generation   total 6144K, used 540K [0x00000000c0000000, 0x00000000c06a0000, 0x00000000d5550000)
  eden space 5504K,   0% used [0x00000000c0000000, 0x00000000c0000000, 0x00000000c0560000)
  from space 640K,  84% used [0x00000000c0600000, 0x00000000c06873b8, 0x00000000c06a0000)
  to   space 640K,   0% used [0x00000000c0560000, 0x00000000c0560000, 0x00000000c0600000)
 tenured generation   total 13504K, used 10249K [0x00000000d5550000, 0x00000000d6280000, 0x0000000100000000)
   the space 13504K,  75% used [0x00000000d5550000, 0x00000000d5f524b0, 0x00000000d5f52600, 0x00000000d6280000)
 Metaspace       used 34559K, capacity 34796K, committed 35072K, reserved 1079296K
  class space    used 4801K, capacity 4861K, committed 4864K, reserved 1048576K
}
Event: 6.820 GC heap before
{Heap before GC invocations=65 (full 2):
 def new generation   total 6144K, used 6044K [0x00000000c0000000, 0x00000000c06a0000, 0x00000000d5550000)
  eden space 5504K, 100% used [0x00000000c0000000, 0x00000000c0560000, 0x00000000c0560000)
  from space 640K,  84% used [0x00000000c0600000, 0x00000000c06873b8, 0x00000000c06a0000)
  to   space 640K,   0% used [0x00000000c0560000, 0x00000000c0560000, 0x00000000c0600000)
 tenured generation   total 13504K, used 10249K [0x00000000d5550000, 0x00000000d6280000, 0x0000000100000000)
   the space 13504K,  75% used [0x00000000d5550000, 0x00000000d5f524b0, 0x00000000d5f52600, 0x00000000d6280000)
 Metaspace       used 35136K, capacity 35404K, committed 35712K, reserved 1079296K
  class space    used 4869K, capacity 4957K, committed 4992K, reserved 1048576K
Event: 6.822 GC heap after
Heap after GC invocations=66 (full 2):
 def new generation   total 6144K, used 422K [0x00000000c0000000, 0x00000000c06a0000, 0x00000000d5550000)
  eden space 5504K,   0% used [0x00000000c0000000, 0x00000000c0000000, 0x00000000c0560000)
  from space 640K,  65% used [0x00000000c0560000, 0x00000000c05c9978, 0x00000000c0600000)
  to   space 640K,   0% used [0x00000000c0600000, 0x00000000c0600000, 0x00000000c06a0000)
 tenured generation   total 13504K, used 10351K [0x00000000d5550000, 0x00000000d6280000, 0x0000000100000000)
   the space 13504K,  76% used [0x00000000d5550000, 0x00000000d5f6bdc8, 0x00000000d5f6be00, 0x00000000d6280000)
 Metaspace       used 35136K, capacity 35404K, committed 35712K, reserved 1079296K
  class space    used 4869K, capacity 4957K, committed 4992K, reserved 1048576K
}
Event: 6.892 GC heap before
{Heap before GC invocations=66 (full 2):
 def new generation   total 6144K, used 5926K [0x00000000c0000000, 0x00000000c06a0000, 0x00000000d5550000)
  eden space 5504K, 100% used [0x00000000c0000000, 0x00000000c0560000, 0x00000000c0560000)
  from space 640K,  65% used [0x00000000c0560000, 0x00000000c05c9978, 0x00000000c0600000)
  to   space 640K,   0% used [0x00000000c0600000, 0x00000000c0600000, 0x00000000c06a0000)
 tenured generation   total 13504K, used 10351K [0x00000000d5550000, 0x00000000d6280000, 0x0000000100000000)
   the space 13504K,  76% used [0x00000000d5550000, 0x00000000d5f6bdc8, 0x00000000d5f6be00, 0x00000000d6280000)
 Metaspace       used 35669K, capacity 35884K, committed 36352K, reserved 1081344K
  class space    used 4970K, capacity 5053K, committed 5120K, reserved 1048576K
Event: 6.894 GC heap after
Heap after GC invocations=67 (full 2):
 def new generation   total 6144K, used 488K [0x00000000c0000000, 0x00000000c06a0000, 0x00000000d5550000)
  eden space 5504K,   0% used [0x00000000c0000000, 0x00000000c0000000, 0x00000000c0560000)
  from space 640K,  76% used [0x00000000c0600000, 0x00000000c067a058, 0x00000000c06a0000)
  to   space 640K,   0% used [0x00000000c0560000, 0x00000000c0560000, 0x00000000c0600000)
 tenured generation   total 13504K, used 10468K [0x00000000d5550000, 0x00000000d6280000, 0x0000000100000000)
   the space 13504K,  77% used [0x00000000d5550000, 0x00000000d5f89308, 0x00000000d5f89400, 0x00000000d6280000)
 Metaspace       used 35669K, capacity 35884K, committed 36352K, reserved 1081344K
  class space    used 4970K, capacity 5053K, committed 5120K, reserved 1048576K
}
Event: 6.954 GC heap before
{Heap before GC invocations=67 (full 2):
 def new generation   total 6144K, used 5992K [0x00000000c0000000, 0x00000000c06a0000, 0x00000000d5550000)
  eden space 5504K, 100% used [0x00000000c0000000, 0x00000000c0560000, 0x00000000c0560000)
  from space 640K,  76% used [0x00000000c0600000, 0x00000000c067a058, 0x00000000c06a0000)
  to   space 640K,   0% used [0x00000000c0560000, 0x00000000c0560000, 0x00000000c0600000)
 tenured generation   total 13504K, used 10468K [0x00000000d5550000, 0x00000000d6280000, 0x0000000100000000)
   the space 13504K,  77% used [0x00000000d5550000, 0x00000000d5f89308, 0x00000000d5f89400, 0x00000000d6280000)
 Metaspace       used 36234K, capacity 36428K, committed 36736K, reserved 1081344K
  class space    used 5091K, capacity 5149K, committed 5248K, reserved 1048576K
Event: 6.956 GC heap after
Heap after GC invocations=68 (full 2):
 def new generation   total 6144K, used 629K [0x00000000c0000000, 0x00000000c06a0000, 0x00000000d5550000)
  eden space 5504K,   0% used [0x00000000c0000000, 0x00000000c0000000, 0x00000000c0560000)
  from space 640K,  98% used [0x00000000c0560000, 0x00000000c05fd550, 0x00000000c0600000)
  to   space 640K,   0% used [0x00000000c0600000, 0x00000000c0600000, 0x00000000c06a0000)
 tenured generation   total 13504K, used 10514K [0x00000000d5550000, 0x00000000d6280000, 0x0000000100000000)
   the space 13504K,  77% used [0x00000000d5550000, 0x00000000d5f949c0, 0x00000000d5f94a00, 0x00000000d6280000)
 Metaspace       used 36234K, capacity 36428K, committed 36736K, reserved 1081344K
  class space    used 5091K, capacity 5149K, committed 5248K, reserved 1048576K
}
Event: 7.043 GC heap before
{Heap before GC invocations=68 (full 2):
 def new generation   total 6144K, used 6133K [0x00000000c0000000, 0x00000000c06a0000, 0x00000000d5550000)
  eden space 5504K, 100% used [0x00000000c0000000, 0x00000000c0560000, 0x00000000c0560000)
  from space 640K,  98% used [0x00000000c0560000, 0x00000000c05fd550, 0x00000000c0600000)
  to   space 640K,   0% used [0x00000000c0600000, 0x00000000c0600000, 0x00000000c06a0000)
 tenured generation   total 13504K, used 10514K [0x00000000d5550000, 0x00000000d6280000, 0x0000000100000000)
   the space 13504K,  77% used [0x00000000d5550000, 0x00000000d5f949c0, 0x00000000d5f94a00, 0x00000000d6280000)
 Metaspace       used 36564K, capacity 36812K, committed 37248K, reserved 1081344K
  class space    used 5139K, capacity 5213K, committed 5248K, reserved 1048576K
Event: 7.045 GC heap after
Heap after GC invocations=69 (full 2):
 def new generation   total 6144K, used 418K [0x00000000c0000000, 0x00000000c06a0000, 0x00000000d5550000)
  eden space 5504K,   0% used [0x00000000c0000000, 0x00000000c0000000, 0x00000000c0560000)
  from space 640K,  65% used [0x00000000c0600000, 0x00000000c0668970, 0x00000000c06a0000)
  to   space 640K,   0% used [0x00000000c0560000, 0x00000000c0560000, 0x00000000c0600000)
 tenured generation   total 13504K, used 10562K [0x00000000d5550000, 0x00000000d6280000, 0x0000000100000000)
   the space 13504K,  78% used [0x00000000d5550000, 0x00000000d5fa0938, 0x00000000d5fa0a00, 0x00000000d6280000)
 Metaspace       used 36564K, capacity 36812K, committed 37248K, reserved 1081344K
  class space    used 5139K, capacity 5213K, committed 5248K, reserved 1048576K
}
Event: 7.156 GC heap before
{Heap before GC invocations=69 (full 2):
 def new generation   total 6144K, used 5921K [0x00000000c0000000, 0x00000000c06a0000, 0x00000000d5550000)
  eden space 5504K,  99% used [0x00000000c0000000, 0x00000000c055fdc8, 0x00000000c0560000)
  from space 640K,  65% used [0x00000000c0600000, 0x00000000c0668970, 0x00000000c06a0000)
  to   space 640K,   0% used [0x00000000c0560000, 0x00000000c0560000, 0x00000000c0600000)
 tenured generation   total 13504K, used 10562K [0x00000000d5550000, 0x00000000d6280000, 0x0000000100000000)
   the space 13504K,  78% used [0x00000000d5550000, 0x00000000d5fa0938, 0x00000000d5fa0a00, 0x00000000d6280000)
 Metaspace       used 37273K, capacity 37580K, committed 37888K, reserved 1081344K
  class space    used 5236K, capacity 5341K, committed 5376K, reserved 1048576K
Event: 7.162 GC heap after
Heap after GC invocations=70 (full 2):
 def new generation   total 6144K, used 576K [0x00000000c0000000, 0x00000000c06a0000, 0x00000000d5550000)
  eden space 5504K,   0% used [0x00000000c0000000, 0x00000000c0000000, 0x00000000c0560000)
  from space 640K,  90% used [0x00000000c0560000, 0x00000000c05f0118, 0x00000000c0600000)
  to   space 640K,   0% used [0x00000000c0600000, 0x00000000c0600000, 0x00000000c06a0000)
 tenured generation   total 13504K, used 10635K [0x00000000d5550000, 0x00000000d6280000, 0x0000000100000000)
   the space 13504K,  78% used [0x00000000d5550000, 0x00000000d5fb2ec8, 0x00000000d5fb3000, 0x00000000d6280000)
 Metaspace       used 37273K, capacity 37580K, committed 37888K, reserved 1081344K
  class space    used 5236K, capacity 5341K, committed 5376K, reserved 1048576K
}
Event: 7.292 GC heap before
{Heap before GC invocations=70 (full 2):
 def new generation   total 6144K, used 6080K [0x00000000c0000000, 0x00000000c06a0000, 0x00000000d5550000)
  eden space 5504K, 100% used [0x00000000c0000000, 0x00000000c0560000, 0x00000000c0560000)
  from space 640K,  90% used [0x00000000c0560000, 0x00000000c05f0118, 0x00000000c0600000)
  to   space 640K,   0% used [0x00000000c0600000, 0x00000000c0600000, 0x00000000c06a0000)
 tenured generation   total 13504K, used 10635K [0x00000000d5550000, 0x00000000d6280000, 0x0000000100000000)
   the space 13504K,  78% used [0x00000000d5550000, 0x00000000d5fb2ec8, 0x00000000d5fb3000, 0x00000000d6280000)
 Metaspace       used 37615K, capacity 37868K, committed 38144K, reserved 1081344K
  class space    used 5291K, capacity 5373K, committed 5376K, reserved 1048576K
Event: 7.296 GC heap after
Heap after GC invocations=71 (full 2):
 def new generation   total 6144K, used 333K [0x00000000c0000000, 0x00000000c06a0000, 0x00000000d5550000)
  eden space 5504K,   0% used [0x00000000c0000000, 0x00000000c0000000, 0x00000000c0560000)
  from space 640K,  52% used [0x00000000c0600000, 0x00000000c0653650, 0x00000000c06a0000)
  to   space 640K,   0% used [0x00000000c0560000, 0x00000000c0560000, 0x00000000c0600000)
 tenured generation   total 13504K, used 10700K [0x00000000d5550000, 0x00000000d6280000, 0x0000000100000000)
   the space 13504K,  79% used [0x00000000d5550000, 0x00000000d5fc3238, 0x00000000d5fc3400, 0x00000000d6280000)
 Metaspace       used 37615K, capacity 37868K, committed 38144K, reserved 1081344K
  class space    used 5291K, capacity 5373K, committed 5376K, reserved 1048576K
}
Event: 7.480 GC heap before
{Heap before GC invocations=71 (full 2):
 def new generation   total 6144K, used 5832K [0x00000000c0000000, 0x00000000c06a0000, 0x00000000d5550000)
  eden space 5504K,  99% used [0x00000000c0000000, 0x00000000c055eb00, 0x00000000c0560000)
  from space 640K,  52% used [0x00000000c0600000, 0x00000000c0653650, 0x00000000c06a0000)
  to   space 640K,   0% used [0x00000000c0560000, 0x00000000c0560000, 0x00000000c0600000)
 tenured generation   total 13504K, used 10700K [0x00000000d5550000, 0x00000000d6280000, 0x0000000100000000)
   the space 13504K,  79% used [0x00000000d5550000, 0x00000000d5fc3238, 0x00000000d5fc3400, 0x00000000d6280000)
 Metaspace       used 37992K, capacity 38294K, committed 38784K, reserved 1083392K
  class space    used 5348K, capacity 5448K, committed 5504K, reserved 1048576K
Event: 7.482 GC heap after
Heap after GC invocations=72 (full 2):
 def new generation   total 6144K, used 572K [0x00000000c0000000, 0x00000000c06a0000, 0x00000000d5550000)
  eden space 5504K,   0% used [0x00000000c0000000, 0x00000000c0000000, 0x00000000c0560000)
  from space 640K,  89% used [0x00000000c0560000, 0x00000000c05ef3c8, 0x00000000c0600000)
  to   space 640K,   0% used [0x00000000c0600000, 0x00000000c0600000, 0x00000000c06a0000)
 tenured generation   total 13504K, used 10761K [0x00000000d5550000, 0x00000000d6280000, 0x0000000100000000)
   the space 13504K,  79% used [0x00000000d5550000, 0x00000000d5fd2400, 0x00000000d5fd2400, 0x00000000d6280000)
 Metaspace       used 37992K, capacity 38294K, committed 38784K, reserved 1083392K
  class space    used 5348K, capacity 5448K, committed 5504K, reserved 1048576K
}
Event: 7.707 GC heap before
{Heap before GC invocations=72 (full 2):
 def new generation   total 6144K, used 6076K [0x00000000c0000000, 0x00000000c06a0000, 0x00000000d5550000)
  eden space 5504K, 100% used [0x00000000c0000000, 0x00000000c0560000, 0x00000000c0560000)
  from space 640K,  89% used [0x00000000c0560000, 0x00000000c05ef3c8, 0x00000000c0600000)
  to   space 640K,   0% used [0x00000000c0600000, 0x00000000c0600000, 0x00000000c06a0000)
 tenured generation   total 13504K, used 10761K [0x00000000d5550000, 0x00000000d6280000, 0x0000000100000000)
   the space 13504K,  79% used [0x00000000d5550000, 0x00000000d5fd2400, 0x00000000d5fd2400, 0x00000000d6280000)
 Metaspace       used 39309K, capacity 39596K, committed 39936K, reserved 1083392K
  class space    used 5480K, capacity 5583K, committed 5632K, reserved 1048576K
Event: 7.711 GC heap after
Heap after GC invocations=73 (full 2):
 def new generation   total 6144K, used 640K [0x00000000c0000000, 0x00000000c06a0000, 0x00000000d5550000)
  eden space 5504K,   0% used [0x00000000c0000000, 0x00000000c0000000, 0x00000000c0560000)
  from space 640K, 100% used [0x00000000c0600000, 0x00000000c06a0000, 0x00000000c06a0000)
  to   space 640K,   0% used [0x00000000c0560000, 0x00000000c0560000, 0x00000000c0600000)
 tenured generation   total 13504K, used 11339K [0x00000000d5550000, 0x00000000d6280000, 0x0000000100000000)
   the space 13504K,  83% used [0x00000000d5550000, 0x00000000d6062f40, 0x00000000d6063000, 0x00000000d6280000)
 Metaspace       used 39309K, capacity 39596K, committed 39936K, reserved 1083392K
  class space    used 5480K, capacity 5583K, committed 5632K, reserved 1048576K
}
Event: 8.182 GC heap before
{Heap before GC invocations=73 (full 2):
 def new generation   total 6144K, used 6144K [0x00000000c0000000, 0x00000000c06a0000, 0x00000000d5550000)
  eden space 5504K, 100% used [0x00000000c0000000, 0x00000000c0560000, 0x00000000c0560000)
  from space 640K, 100% used [0x00000000c0600000, 0x00000000c06a0000, 0x00000000c06a0000)
  to   space 640K,   0% used [0x00000000c0560000, 0x00000000c0560000, 0x00000000c0600000)
 tenured generation   total 13504K, used 11339K [0x00000000d5550000, 0x00000000d6280000, 0x0000000100000000)
   the space 13504K,  83% used [0x00000000d5550000, 0x00000000d6062f40, 0x00000000d6063000, 0x00000000d6280000)
 Metaspace       used 40241K, capacity 40538K, committed 40832K, reserved 1085440K
  class space    used 5587K, capacity 5682K, committed 5760K, reserved 1048576K
Event: 8.215 GC heap after
Heap after GC invocations=74 (full 2):
 def new generation   total 6144K, used 640K [0x00000000c0000000, 0x00000000c06a0000, 0x00000000d5550000)
  eden space 5504K,   0% used [0x00000000c0000000, 0x00000000c0000000, 0x00000000c0560000)
  from space 640K, 100% used [0x00000000c0560000, 0x00000000c0600000, 0x00000000c0600000)
  to   space 640K,   0% used [0x00000000c0600000, 0x00000000c0600000, 0x00000000c06a0000)
 tenured generation   total 13504K, used 12648K [0x00000000d5550000, 0x00000000d6280000, 0x0000000100000000)
   the space 13504K,  93% used [0x00000000d5550000, 0x00000000d61aa328, 0x00000000d61aa400, 0x00000000d6280000)
 Metaspace       used 40241K, capacity 40538K, committed 40832K, reserved 1085440K
  class space    used 5587K, capacity 5682K, committed 5760K, reserved 1048576K
}
Event: 8.466 GC heap before
{Heap before GC invocations=74 (full 2):
 def new generation   total 6144K, used 6144K [0x00000000c0000000, 0x00000000c06a0000, 0x00000000d5550000)
  eden space 5504K, 100% used [0x00000000c0000000, 0x00000000c0560000, 0x00000000c0560000)
  from space 640K, 100% used [0x00000000c0560000, 0x00000000c0600000, 0x00000000c0600000)
  to   space 640K,   0% used [0x00000000c0600000, 0x00000000c0600000, 0x00000000c06a0000)
 tenured generation   total 13504K, used 12648K [0x00000000d5550000, 0x00000000d6280000, 0x0000000100000000)
   the space 13504K,  93% used [0x00000000d5550000, 0x00000000d61aa328, 0x00000000d61aa400, 0x00000000d6280000)
 Metaspace       used 40735K, capacity 41050K, committed 41344K, reserved 1085440K
  class space    used 5647K, capacity 5746K, committed 5760K, reserved 1048576K
Event: 8.469 GC heap after
Heap after GC invocations=75 (full 2):
 def new generation   total 6144K, used 491K [0x00000000c0000000, 0x00000000c06a0000, 0x00000000d5550000)
  eden space 5504K,   0% used [0x00000000c0000000, 0x00000000c0000000, 0x00000000c0560000)
  from space 640K,  76% used [0x00000000c0600000, 0x00000000c067ae60, 0x00000000c06a0000)
  to   space 640K,   0% used [0x00000000c0560000, 0x00000000c0560000, 0x00000000c0600000)
 tenured generation   total 13504K, used 13288K [0x00000000d5550000, 0x00000000d6280000, 0x0000000100000000)
   the space 13504K,  98% used [0x00000000d5550000, 0x00000000d624a178, 0x00000000d624a200, 0x00000000d6280000)
 Metaspace       used 40735K, capacity 41050K, committed 41344K, reserved 1085440K
  class space    used 5647K, capacity 5746K, committed 5760K, reserved 1048576K
}
Event: 8.523 GC heap before
{Heap before GC invocations=75 (full 2):
 def new generation   total 6144K, used 5995K [0x00000000c0000000, 0x00000000c06a0000, 0x00000000d5550000)
  eden space 5504K, 100% used [0x00000000c0000000, 0x00000000c0560000, 0x00000000c0560000)
  from space 640K,  76% used [0x00000000c0600000, 0x00000000c067ae60, 0x00000000c06a0000)
  to   space 640K,   0% used [0x00000000c0560000, 0x00000000c0560000, 0x00000000c0600000)
 tenured generation   total 13504K, used 13288K [0x00000000d5550000, 0x00000000d6280000, 0x0000000100000000)
   the space 13504K,  98% used [0x00000000d5550000, 0x00000000d624a178, 0x00000000d624a200, 0x00000000d6280000)
 Metaspace       used 41246K, capacity 41530K, committed 41984K, reserved 1085440K
  class space    used 5690K, capacity 5778K, committed 5888K, reserved 1048576K
Event: 8.526 GC heap after
Heap after GC invocations=76 (full 2):
 def new generation   total 6144K, used 607K [0x00000000c0000000, 0x00000000c06a0000, 0x00000000d5550000)
  eden space 5504K,   0% used [0x00000000c0000000, 0x00000000c0000000, 0x00000000c0560000)
  from space 640K,  94% used [0x00000000c0560000, 0x00000000c05f7e08, 0x00000000c0600000)
  to   space 640K,   0% used [0x00000000c0600000, 0x00000000c0600000, 0x00000000c06a0000)
 tenured generation   total 13504K, used 13360K [0x00000000d5550000, 0x00000000d6280000, 0x0000000100000000)
   the space 13504K,  98% used [0x00000000d5550000, 0x00000000d625c0c0, 0x00000000d625c200, 0x00000000d6280000)
 Metaspace       used 41246K, capacity 41530K, committed 41984K, reserved 1085440K
  class space    used 5690K, capacity 5778K, committed 5888K, reserved 1048576K
}
Event: 8.569 GC heap before
{Heap before GC invocations=76 (full 2):
 def new generation   total 6144K, used 6111K [0x00000000c0000000, 0x00000000c06a0000, 0x00000000d5550000)
  eden space 5504K, 100% used [0x00000000c0000000, 0x00000000c0560000, 0x00000000c0560000)
  from space 640K,  94% used [0x00000000c0560000, 0x00000000c05f7e08, 0x00000000c0600000)
  to   space 640K,   0% used [0x00000000c0600000, 0x00000000c0600000, 0x00000000c06a0000)
 tenured generation   total 13504K, used 13360K [0x00000000d5550000, 0x00000000d6280000, 0x0000000100000000)
   the space 13504K,  98% used [0x00000000d5550000, 0x00000000d625c0c0, 0x00000000d625c200, 0x00000000d6280000)
 Metaspace       used 41721K, capacity 41978K, committed 42240K, reserved 1085440K
  class space    used 5741K, capacity 5842K, committed 5888K, reserved 1048576K
Event: 8.571 GC heap after
Heap after GC invocations=77 (full 2):
 def new generation   total 6144K, used 435K [0x00000000c0000000, 0x00000000c06a0000, 0x00000000d5550000)
  eden space 5504K,   0% used [0x00000000c0000000, 0x00000000c0000000, 0x00000000c0560000)
  from space 640K,  68% used [0x00000000c0600000, 0x00000000c066ccf0, 0x00000000c06a0000)
  to   space 640K,   0% used [0x00000000c0560000, 0x00000000c0560000, 0x00000000c0600000)
 tenured generation   total 13504K, used 13454K [0x00000000d5550000, 0x00000000d6280000, 0x0000000100000000)
   the space 13504K,  99% used [0x00000000d5550000, 0x00000000d6273af8, 0x00000000d6273c00, 0x00000000d6280000)
 Metaspace       used 41721K, capacity 41978K, committed 42240K, reserved 1085440K
  class space    used 5741K, capacity 5842K, committed 5888K, reserved 1048576K
}
Event: 8.599 GC heap before
{Heap before GC invocations=77 (full 2):
 def new generation   total 6144K, used 5939K [0x00000000c0000000, 0x00000000c06a0000, 0x00000000d5550000)
  eden space 5504K, 100% used [0x00000000c0000000, 0x00000000c0560000, 0x00000000c0560000)
  from space 640K,  68% used [0x00000000c0600000, 0x00000000c066ccf0, 0x00000000c06a0000)
  to   space 640K,   0% used [0x00000000c0560000, 0x00000000c0560000, 0x00000000c0600000)
 tenured generation   total 13504K, used 13454K [0x00000000d5550000, 0x00000000d6280000, 0x0000000100000000)
   the space 13504K,  99% used [0x00000000d5550000, 0x00000000d6273af8, 0x00000000d6273c00, 0x00000000d6280000)
 Metaspace       used 41982K, capacity 42266K, committed 42496K, reserved 1085440K
  class space    used 5774K, capacity 5874K, committed 5888K, reserved 1048576K

