# JRE version: OpenJDK Runtime Environment (8.0_222-b10) (build 1.8.0_222-b10)
# Java VM: OpenJDK 64-Bit Server VM (25.222-b10 mixed mode linux-amd64 compressed oops)
Heap:
 def new generation   total 4992K, used 4687K [0x00000000c0000000, 0x00000000c0560000, 0x00000000d5550000)
  eden space 4480K,  93% used [0x00000000c0000000, 0x00000000c0415bc0, 0x00000000c0460000)
  from space 512K,  98% used [0x00000000c0460000, 0x00000000c04de078, 0x00000000c04e0000)
  to   space 512K,   0% used [0x00000000c04e0000, 0x00000000c04e0000, 0x00000000c0560000)
 tenured generation   total 10944K, used 8375K [0x00000000d5550000, 0x00000000d6000000, 0x0000000100000000)
   the space 10944K,  76% used [0x00000000d5550000, 0x00000000d5d7dc78, 0x00000000d5d7de00, 0x00000000d6000000)
 Metaspace       used 28546K, capacity 28766K, committed 29056K, reserved 1075200K
  class space    used 3902K, capacity 3962K, committed 3968K, reserved 1048576K
GC Heap History (104 events):
Event: 0.797 GC heap before
{Heap before GC invocations=0 (full 0):
 def new generation   total 4928K, used 4416K [0x00000000c0000000, 0x00000000c0550000, 0x00000000d5550000)
  eden space 4416K, 100% used [0x00000000c0000000, 0x00000000c0450000, 0x00000000c0450000)
  from space 512K,   0% used [0x00000000c0450000, 0x00000000c0450000, 0x00000000c04d0000)
  to   space 512K,   0% used [0x00000000c04d0000, 0x00000000c04d0000, 0x00000000c0550000)
 tenured generation   total 10944K, used 0K [0x00000000d5550000, 0x00000000d6000000, 0x0000000100000000)
   the space 10944K,   0% used [0x00000000d5550000, 0x00000000d5550000, 0x00000000d5550200, 0x00000000d6000000)
 Metaspace       used 3076K, capacity 4490K, committed 4864K, reserved 1056768K
  class space    used 281K, capacity 386K, committed 512K, reserved 1048576K
Event: 0.799 GC heap after
Heap after GC invocations=1 (full 0):
 def new generation   total 4928K, used 512K [0x00000000c0000000, 0x00000000c0550000, 0x00000000d5550000)
  eden space 4416K,   0% used [0x00000000c0000000, 0x00000000c0000000, 0x00000000c0450000)
  from space 512K, 100% used [0x00000000c04d0000, 0x00000000c0550000, 0x00000000c0550000)
  to   space 512K,   0% used [0x00000000c0450000, 0x00000000c0450000, 0x00000000c04d0000)
 tenured generation   total 10944K, used 640K [0x00000000d5550000, 0x00000000d6000000, 0x0000000100000000)
   the space 10944K,   5% used [0x00000000d5550000, 0x00000000d55f02c8, 0x00000000d55f0400, 0x00000000d6000000)
 Metaspace       used 3076K, capacity 4490K, committed 4864K, reserved 1056768K
  class space    used 281K, capacity 386K, committed 512K, reserved 1048576K
}
Event: 0.998 GC heap before
{Heap before GC invocations=1 (full 0):
 def new generation   total 4928K, used 4928K [0x00000000c0000000, 0x00000000c0550000, 0x00000000d5550000)
  eden space 4416K, 100% used [0x00000000c0000000, 0x00000000c0450000, 0x00000000c0450000)
  from space 512K, 100% used [0x00000000c04d0000, 0x00000000c0550000, 0x00000000c0550000)
  to   space 512K,   0% used [0x00000000c0450000, 0x00000000c0450000, 0x00000000c04d0000)
 tenured generation   total 10944K, used 640K [0x00000000d5550000, 0x00000000d6000000, 0x0000000100000000)
   the space 10944K,   5% used [0x00000000d5550000, 0x00000000d55f02c8, 0x00000000d55f0400, 0x00000000d6000000)
 Metaspace       used 3560K, capacity 4920K, committed 5120K, reserved 1056768K
  class space    used 322K, capacity 424K, committed 512K, reserved 1048576K
Event: 1.000 GC heap after
Heap after GC invocations=2 (full 0):
 def new generation   total 4928K, used 483K [0x00000000c0000000, 0x00000000c0550000, 0x00000000d5550000)
  eden space 4416K,   0% used [0x00000000c0000000, 0x00000000c0000000, 0x00000000c0450000)
  from space 512K,  94% used [0x00000000c0450000, 0x00000000c04c8e90, 0x00000000c04d0000)
  to   space 512K,   0% used [0x00000000c04d0000, 0x00000000c04d0000, 0x00000000c0550000)
 tenured generation   total 10944K, used 1151K [0x00000000d5550000, 0x00000000d6000000, 0x0000000100000000)
   the space 10944K,  10% used [0x00000000d5550000, 0x00000000d566fd78, 0x00000000d566fe00, 0x00000000d6000000)
 Metaspace       used 3560K, capacity 4920K, committed 5120K, reserved 1056768K
  class space    used 322K, capacity 424K, committed 512K, reserved 1048576K
}
Event: 1.190 GC heap before
{Heap before GC invocations=2 (full 0):
 def new generation   total 4928K, used 4899K [0x00000000c0000000, 0x00000000c0550000, 0x00000000d5550000)
  eden space 4416K, 100% used [0x00000000c0000000, 0x00000000c0450000, 0x00000000c0450000)
  from space 512K,  94% used [0x00000000c0450000, 0x00000000c04c8e90, 0x00000000c04d0000)
  to   space 512K,   0% used [0x00000000c04d0000, 0x00000000c04d0000, 0x00000000c0550000)
 tenured generation   total 10944K, used 1151K [0x00000000d5550000, 0x00000000d6000000, 0x0000000100000000)
   the space 10944K,  10% used [0x00000000d5550000, 0x00000000d566fd78, 0x00000000d566fe00, 0x00000000d6000000)
 Metaspace       used 3948K, capacity 5176K, committed 5376K, reserved 1056768K
  class space    used 392K, capacity 488K, committed 512K, reserved 1048576K
Event: 1.191 GC heap after
Heap after GC invocations=3 (full 0):
 def new generation   total 4928K, used 463K [0x00000000c0000000, 0x00000000c0550000, 0x00000000d5550000)
  eden space 4416K,   0% used [0x00000000c0000000, 0x00000000c0000000, 0x00000000c0450000)
  from space 512K,  90% used [0x00000000c04d0000, 0x00000000c0543d78, 0x00000000c0550000)
  to   space 512K,   0% used [0x00000000c0450000, 0x00000000c0450000, 0x00000000c04d0000)
 tenured generation   total 10944K, used 1265K [0x00000000d5550000, 0x00000000d6000000, 0x0000000100000000)
   the space 10944K,  11% used [0x00000000d5550000, 0x00000000d568c740, 0x00000000d568c800, 0x00000000d6000000)
 Metaspace       used 3948K, capacity 5176K, committed 5376K, reserved 1056768K
  class space    used 392K, capacity 488K, committed 512K, reserved 1048576K
}
Event: 1.273 GC heap before
{Heap before GC invocations=3 (full 0):
 def new generation   total 4928K, used 4879K [0x00000000c0000000, 0x00000000c0550000, 0x00000000d5550000)
  eden space 4416K, 100% used [0x00000000c0000000, 0x00000000c0450000, 0x00000000c0450000)
  from space 512K,  90% used [0x00000000c04d0000, 0x00000000c0543d78, 0x00000000c0550000)
  to   space 512K,   0% used [0x00000000c0450000, 0x00000000c0450000, 0x00000000c04d0000)
 tenured generation   total 10944K, used 1265K [0x00000000d5550000, 0x00000000d6000000, 0x0000000100000000)
   the space 10944K,  11% used [0x00000000d5550000, 0x00000000d568c740, 0x00000000d568c800, 0x00000000d6000000)
 Metaspace       used 4328K, capacity 5496K, committed 5760K, reserved 1056768K
  class space    used 448K, capacity 552K, committed 640K, reserved 1048576K
Event: 1.274 GC heap after
Heap after GC invocations=4 (full 0):
 def new generation   total 4928K, used 348K [0x00000000c0000000, 0x00000000c0550000, 0x00000000d5550000)
  eden space 4416K,   0% used [0x00000000c0000000, 0x00000000c0000000, 0x00000000c0450000)
  from space 512K,  68% used [0x00000000c0450000, 0x00000000c04a71e0, 0x00000000c04d0000)
  to   space 512K,   0% used [0x00000000c04d0000, 0x00000000c04d0000, 0x00000000c0550000)
 tenured generation   total 10944K, used 1367K [0x00000000d5550000, 0x00000000d6000000, 0x0000000100000000)
   the space 10944K,  12% used [0x00000000d5550000, 0x00000000d56a5f90, 0x00000000d56a6000, 0x00000000d6000000)
 Metaspace       used 4328K, capacity 5496K, committed 5760K, reserved 1056768K
  class space    used 448K, capacity 552K, committed 640K, reserved 1048576K
}
Event: 1.335 GC heap before
{Heap before GC invocations=4 (full 0):
 def new generation   total 4928K, used 4764K [0x00000000c0000000, 0x00000000c0550000, 0x00000000d5550000)
  eden space 4416K, 100% used [0x00000000c0000000, 0x00000000c0450000, 0x00000000c0450000)
  from space 512K,  68% used [0x00000000c0450000, 0x00000000c04a71e0, 0x00000000c04d0000)
  to   space 512K,   0% used [0x00000000c04d0000, 0x00000000c04d0000, 0x00000000c0550000)
 tenured generation   total 10944K, used 1367K [0x00000000d5550000, 0x00000000d6000000, 0x0000000100000000)
   the space 10944K,  12% used [0x00000000d5550000, 0x00000000d56a5f90, 0x00000000d56a6000, 0x00000000d6000000)
 Metaspace       used 4665K, capacity 5816K, committed 6016K, reserved 1056768K
  class space    used 513K, capacity 616K, committed 640K, reserved 1048576K
Event: 1.336 GC heap after
Heap after GC invocations=5 (full 0):
 def new generation   total 4928K, used 301K [0x00000000c0000000, 0x00000000c0550000, 0x00000000d5550000)
  eden space 4416K,   0% used [0x00000000c0000000, 0x00000000c0000000, 0x00000000c0450000)
  from space 512K,  58% used [0x00000000c04d0000, 0x00000000c051b650, 0x00000000c0550000)
  to   space 512K,   0% used [0x00000000c0450000, 0x00000000c0450000, 0x00000000c04d0000)
 tenured generation   total 10944K, used 1417K [0x00000000d5550000, 0x00000000d6000000, 0x0000000100000000)
   the space 10944K,  12% used [0x00000000d5550000, 0x00000000d56b27f0, 0x00000000d56b2800, 0x00000000d6000000)
 Metaspace       used 4665K, capacity 5816K, committed 6016K, reserved 1056768K
  class space    used 513K, capacity 616K, committed 640K, reserved 1048576K
}
Event: 1.401 GC heap before
{Heap before GC invocations=5 (full 0):
 def new generation   total 4928K, used 4717K [0x00000000c0000000, 0x00000000c0550000, 0x00000000d5550000)
  eden space 4416K, 100% used [0x00000000c0000000, 0x00000000c0450000, 0x00000000c0450000)
  from space 512K,  58% used [0x00000000c04d0000, 0x00000000c051b650, 0x00000000c0550000)
  to   space 512K,   0% used [0x00000000c0450000, 0x00000000c0450000, 0x00000000c04d0000)
 tenured generation   total 10944K, used 1417K [0x00000000d5550000, 0x00000000d6000000, 0x0000000100000000)
   the space 10944K,  12% used [0x00000000d5550000, 0x00000000d56b27f0, 0x00000000d56b2800, 0x00000000d6000000)
 Metaspace       used 5105K, capacity 6136K, committed 6400K, reserved 1056768K
  class space    used 607K, capacity 680K, committed 768K, reserved 1048576K
Event: 1.402 GC heap after
Heap after GC invocations=6 (full 0):
 def new generation   total 4928K, used 288K [0x00000000c0000000, 0x00000000c0550000, 0x00000000d5550000)
  eden space 4416K,   0% used [0x00000000c0000000, 0x00000000c0000000, 0x00000000c0450000)
  from space 512K,  56% used [0x00000000c0450000, 0x00000000c0498208, 0x00000000c04d0000)
  to   space 512K,   0% used [0x00000000c04d0000, 0x00000000c04d0000, 0x00000000c0550000)
 tenured generation   total 10944K, used 1437K [0x00000000d5550000, 0x00000000d6000000, 0x0000000100000000)
   the space 10944K,  13% used [0x00000000d5550000, 0x00000000d56b7730, 0x00000000d56b7800, 0x00000000d6000000)
 Metaspace       used 5105K, capacity 6136K, committed 6400K, reserved 1056768K
  class space    used 607K, capacity 680K, committed 768K, reserved 1048576K
}
Event: 1.461 GC heap before
{Heap before GC invocations=6 (full 0):
 def new generation   total 4928K, used 4704K [0x00000000c0000000, 0x00000000c0550000, 0x00000000d5550000)
  eden space 4416K, 100% used [0x00000000c0000000, 0x00000000c0450000, 0x00000000c0450000)
  from space 512K,  56% used [0x00000000c0450000, 0x00000000c0498208, 0x00000000c04d0000)
  to   space 512K,   0% used [0x00000000c04d0000, 0x00000000c04d0000, 0x00000000c0550000)
 tenured generation   total 10944K, used 1437K [0x00000000d5550000, 0x00000000d6000000, 0x0000000100000000)
   the space 10944K,  13% used [0x00000000d5550000, 0x00000000d56b7730, 0x00000000d56b7800, 0x00000000d6000000)
 Metaspace       used 5478K, capacity 6552K, committed 6784K, reserved 1056768K
  class space    used 744K, capacity 840K, committed 896K, reserved 1048576K
Event: 1.462 GC heap after
Heap after GC invocations=7 (full 0):
 def new generation   total 4928K, used 277K [0x00000000c0000000, 0x00000000c0550000, 0x00000000d5550000)
  eden space 4416K,   0% used [0x00000000c0000000, 0x00000000c0000000, 0x00000000c0450000)
  from space 512K,  54% used [0x00000000c04d0000, 0x00000000c05154c0, 0x00000000c0550000)
  to   space 512K,   0% used [0x00000000c0450000, 0x00000000c0450000, 0x00000000c04d0000)
 tenured generation   total 10944K, used 1461K [0x00000000d5550000, 0x00000000d6000000, 0x0000000100000000)
   the space 10944K,  13% used [0x00000000d5550000, 0x00000000d56bd530, 0x00000000d56bd600, 0x00000000d6000000)
 Metaspace       used 5478K, capacity 6552K, committed 6784K, reserved 1056768K
  class space    used 744K, capacity 840K, committed 896K, reserved 1048576K
}
Event: 1.531 GC heap before
{Heap before GC invocations=7 (full 0):
 def new generation   total 4928K, used 4693K [0x00000000c0000000, 0x00000000c0550000, 0x00000000d5550000)
  eden space 4416K, 100% used [0x00000000c0000000, 0x00000000c0450000, 0x00000000c0450000)
  from space 512K,  54% used [0x00000000c04d0000, 0x00000000c05154c0, 0x00000000c0550000)
  to   space 512K,   0% used [0x00000000c0450000, 0x00000000c0450000, 0x00000000c04d0000)
 tenured generation   total 10944K, used 1461K [0x00000000d5550000, 0x00000000d6000000, 0x0000000100000000)
   the space 10944K,  13% used [0x00000000d5550000, 0x00000000d56bd530, 0x00000000d56bd600, 0x00000000d6000000)
 Metaspace       used 5912K, capacity 6904K, committed 7040K, reserved 1056768K
  class space    used 796K, capacity 872K, committed 896K, reserved 1048576K
Event: 1.532 GC heap after
Heap after GC invocations=8 (full 0):
 def new generation   total 4928K, used 322K [0x00000000c0000000, 0x00000000c0550000, 0x00000000d5550000)
  eden space 4416K,   0% used [0x00000000c0000000, 0x00000000c0000000, 0x00000000c0450000)
  from space 512K,  62% used [0x00000000c0450000, 0x00000000c04a09d0, 0x00000000c04d0000)
  to   space 512K,   0% used [0x00000000c04d0000, 0x00000000c04d0000, 0x00000000c0550000)
 tenured generation   total 10944K, used 1496K [0x00000000d5550000, 0x00000000d6000000, 0x0000000100000000)
   the space 10944K,  13% used [0x00000000d5550000, 0x00000000d56c61c8, 0x00000000d56c6200, 0x00000000d6000000)
 Metaspace       used 5912K, capacity 6904K, committed 7040K, reserved 1056768K
  class space    used 796K, capacity 872K, committed 896K, reserved 1048576K
}
Event: 1.579 GC heap before
{Heap before GC invocations=8 (full 0):
 def new generation   total 4928K, used 4738K [0x00000000c0000000, 0x00000000c0550000, 0x00000000d5550000)
  eden space 4416K, 100% used [0x00000000c0000000, 0x00000000c0450000, 0x00000000c0450000)
  from space 512K,  62% used [0x00000000c0450000, 0x00000000c04a09d0, 0x00000000c04d0000)
  to   space 512K,   0% used [0x00000000c04d0000, 0x00000000c04d0000, 0x00000000c0550000)
 tenured generation   total 10944K, used 1496K [0x00000000d5550000, 0x00000000d6000000, 0x0000000100000000)
   the space 10944K,  13% used [0x00000000d5550000, 0x00000000d56c61c8, 0x00000000d56c6200, 0x00000000d6000000)
 Metaspace       used 6185K, capacity 7160K, committed 7424K, reserved 1056768K
  class space    used 853K, capacity 936K, committed 1024K, reserved 1048576K
Event: 1.579 GC heap after
Heap after GC invocations=9 (full 0):
 def new generation   total 4928K, used 245K [0x00000000c0000000, 0x00000000c0550000, 0x00000000d5550000)
  eden space 4416K,   0% used [0x00000000c0000000, 0x00000000c0000000, 0x00000000c0450000)
  from space 512K,  47% used [0x00000000c04d0000, 0x00000000c050d5b0, 0x00000000c0550000)
  to   space 512K,   0% used [0x00000000c0450000, 0x00000000c0450000, 0x00000000c04d0000)
 tenured generation   total 10944K, used 1545K [0x00000000d5550000, 0x00000000d6000000, 0x0000000100000000)
   the space 10944K,  14% used [0x00000000d5550000, 0x00000000d56d2708, 0x00000000d56d2800, 0x00000000d6000000)
 Metaspace       used 6185K, capacity 7160K, committed 7424K, reserved 1056768K
  class space    used 853K, capacity 936K, committed 1024K, reserved 1048576K
}
Event: 1.712 GC heap before
{Heap before GC invocations=9 (full 0):
 def new generation   total 4928K, used 4661K [0x00000000c0000000, 0x00000000c0550000, 0x00000000d5550000)
  eden space 4416K, 100% used [0x00000000c0000000, 0x00000000c0450000, 0x00000000c0450000)
  from space 512K,  47% used [0x00000000c04d0000, 0x00000000c050d5b0, 0x00000000c0550000)
  to   space 512K,   0% used [0x00000000c0450000, 0x00000000c0450000, 0x00000000c04d0000)
 tenured generation   total 10944K, used 1545K [0x00000000d5550000, 0x00000000d6000000, 0x0000000100000000)
   the space 10944K,  14% used [0x00000000d5550000, 0x00000000d56d2708, 0x00000000d56d2800, 0x00000000d6000000)
 Metaspace       used 7309K, capacity 7612K, committed 7680K, reserved 1056768K
  class space    used 984K, capacity 1004K, committed 1024K, reserved 1048576K
Event: 1.713 GC heap after
Heap after GC invocations=10 (full 0):
 def new generation   total 4928K, used 511K [0x00000000c0000000, 0x00000000c0550000, 0x00000000d5550000)
  eden space 4416K,   0% used [0x00000000c0000000, 0x00000000c0000000, 0x00000000c0450000)
  from space 512K,  99% used [0x00000000c0450000, 0x00000000c04cffa8, 0x00000000c04d0000)
  to   space 512K,   0% used [0x00000000c04d0000, 0x00000000c04d0000, 0x00000000c0550000)
 tenured generation   total 10944K, used 1564K [0x00000000d5550000, 0x00000000d6000000, 0x0000000100000000)
   the space 10944K,  14% used [0x00000000d5550000, 0x00000000d56d7280, 0x00000000d56d7400, 0x00000000d6000000)
 Metaspace       used 7309K, capacity 7612K, committed 7680K, reserved 1056768K
  class space    used 984K, capacity 1004K, committed 1024K, reserved 1048576K
}
Event: 1.771 GC heap before
{Heap before GC invocations=10 (full 0):
 def new generation   total 4928K, used 4927K [0x00000000c0000000, 0x00000000c0550000, 0x00000000d5550000)
  eden space 4416K, 100% used [0x00000000c0000000, 0x00000000c0450000, 0x00000000c0450000)
  from space 512K,  99% used [0x00000000c0450000, 0x00000000c04cffa8, 0x00000000c04d0000)
  to   space 512K,   0% used [0x00000000c04d0000, 0x00000000c04d0000, 0x00000000c0550000)
 tenured generation   total 10944K, used 1564K [0x00000000d5550000, 0x00000000d6000000, 0x0000000100000000)
   the space 10944K,  14% used [0x00000000d5550000, 0x00000000d56d7280, 0x00000000d56d7400, 0x00000000d6000000)
 Metaspace       used 7688K, capacity 7872K, committed 8064K, reserved 1056768K
  class space    used 1033K, capacity 1072K, committed 1152K, reserved 1048576K
Event: 1.773 GC heap after
Heap after GC invocations=11 (full 0):
 def new generation   total 4928K, used 229K [0x00000000c0000000, 0x00000000c0550000, 0x00000000d5550000)
  eden space 4416K,   0% used [0x00000000c0000000, 0x00000000c0000000, 0x00000000c0450000)
  from space 512K,  44% used [0x00000000c04d0000, 0x00000000c0509540, 0x00000000c0550000)
  to   space 512K,   0% used [0x00000000c0450000, 0x00000000c0450000, 0x00000000c04d0000)
 tenured generation   total 10944K, used 1771K [0x00000000d5550000, 0x00000000d6000000, 0x0000000100000000)
   the space 10944K,  16% used [0x00000000d5550000, 0x00000000d570afc0, 0x00000000d570b000, 0x00000000d6000000)
 Metaspace       used 7688K, capacity 7872K, committed 8064K, reserved 1056768K
  class space    used 1033K, capacity 1072K, committed 1152K, reserved 1048576K
}
Event: 1.996 GC heap before
{Heap before GC invocations=11 (full 0):
 def new generation   total 4928K, used 4645K [0x00000000c0000000, 0x00000000c0550000, 0x00000000d5550000)
  eden space 4416K, 100% used [0x00000000c0000000, 0x00000000c0450000, 0x00000000c0450000)
  from space 512K,  44% used [0x00000000c04d0000, 0x00000000c0509540, 0x00000000c0550000)
  to   space 512K,   0% used [0x00000000c0450000, 0x00000000c0450000, 0x00000000c04d0000)
 tenured generation   total 10944K, used 1771K [0x00000000d5550000, 0x00000000d6000000, 0x0000000100000000)
   the space 10944K,  16% used [0x00000000d5550000, 0x00000000d570afc0, 0x00000000d570b000, 0x00000000d6000000)
 Metaspace       used 9019K, capacity 9136K, committed 9216K, reserved 1056768K
  class space    used 1183K, capacity 1232K, committed 1280K, reserved 1048576K
Event: 1.998 GC heap after
Heap after GC invocations=12 (full 0):
 def new generation   total 4928K, used 512K [0x00000000c0000000, 0x00000000c0550000, 0x00000000d5550000)
  eden space 4416K,   0% used [0x00000000c0000000, 0x00000000c0000000, 0x00000000c0450000)
  from space 512K, 100% used [0x00000000c0450000, 0x00000000c04d0000, 0x00000000c04d0000)
  to   space 512K,   0% used [0x00000000c04d0000, 0x00000000c04d0000, 0x00000000c0550000)
 tenured generation   total 10944K, used 1848K [0x00000000d5550000, 0x00000000d6000000, 0x0000000100000000)
   the space 10944K,  16% used [0x00000000d5550000, 0x00000000d571e1f0, 0x00000000d571e200, 0x00000000d6000000)
 Metaspace       used 9019K, capacity 9136K, committed 9216K, reserved 1056768K
  class space    used 1183K, capacity 1232K, committed 1280K, reserved 1048576K
}
Event: 2.065 GC heap before
{Heap before GC invocations=12 (full 0):
 def new generation   total 4928K, used 4928K [0x00000000c0000000, 0x00000000c0550000, 0x00000000d5550000)
  eden space 4416K, 100% used [0x00000000c0000000, 0x00000000c0450000, 0x00000000c0450000)
  from space 512K, 100% used [0x00000000c0450000, 0x00000000c04d0000, 0x00000000c04d0000)
  to   space 512K,   0% used [0x00000000c04d0000, 0x00000000c04d0000, 0x00000000c0550000)
 tenured generation   total 10944K, used 1848K [0x00000000d5550000, 0x00000000d6000000, 0x0000000100000000)
   the space 10944K,  16% used [0x00000000d5550000, 0x00000000d571e1f0, 0x00000000d571e200, 0x00000000d6000000)
 Metaspace       used 9384K, capacity 9520K, committed 9856K, reserved 1058816K
  class space    used 1258K, capacity 1296K, committed 1408K, reserved 1048576K
Event: 2.068 GC heap after
Heap after GC invocations=13 (full 0):
 def new generation   total 4928K, used 356K [0x00000000c0000000, 0x00000000c0550000, 0x00000000d5550000)
  eden space 4416K,   0% used [0x00000000c0000000, 0x00000000c0000000, 0x00000000c0450000)
  from space 512K,  69% used [0x00000000c04d0000, 0x00000000c0529310, 0x00000000c0550000)
  to   space 512K,   0% used [0x00000000c0450000, 0x00000000c0450000, 0x00000000c04d0000)
 tenured generation   total 10944K, used 2278K [0x00000000d5550000, 0x00000000d6000000, 0x0000000100000000)
   the space 10944K,  20% used [0x00000000d5550000, 0x00000000d5789ad0, 0x00000000d5789c00, 0x00000000d6000000)
 Metaspace       used 9384K, capacity 9520K, committed 9856K, reserved 1058816K
  class space    used 1258K, capacity 1296K, committed 1408K, reserved 1048576K
}
Event: 2.122 GC heap before
{Heap before GC invocations=13 (full 0):
 def new generation   total 4928K, used 4772K [0x00000000c0000000, 0x00000000c0550000, 0x00000000d5550000)
  eden space 4416K, 100% used [0x00000000c0000000, 0x00000000c0450000, 0x00000000c0450000)
  from space 512K,  69% used [0x00000000c04d0000, 0x00000000c0529310, 0x00000000c0550000)
  to   space 512K,   0% used [0x00000000c0450000, 0x00000000c0450000, 0x00000000c04d0000)
 tenured generation   total 10944K, used 2278K [0x00000000d5550000, 0x00000000d6000000, 0x0000000100000000)
   the space 10944K,  20% used [0x00000000d5550000, 0x00000000d5789ad0, 0x00000000d5789c00, 0x00000000d6000000)
 Metaspace       used 9716K, capacity 9808K, committed 10112K, reserved 1058816K
  class space    used 1291K, capacity 1328K, committed 1408K, reserved 1048576K
Event: 2.123 GC heap after
Heap after GC invocations=14 (full 0):
 def new generation   total 4928K, used 376K [0x00000000c0000000, 0x00000000c0550000, 0x00000000d5550000)
  eden space 4416K,   0% used [0x00000000c0000000, 0x00000000c0000000, 0x00000000c0450000)
  from space 512K,  73% used [0x00000000c0450000, 0x00000000c04ae078, 0x00000000c04d0000)
  to   space 512K,   0% used [0x00000000c04d0000, 0x00000000c04d0000, 0x00000000c0550000)
 tenured generation   total 10944K, used 2339K [0x00000000d5550000, 0x00000000d6000000, 0x0000000100000000)
   the space 10944K,  21% used [0x00000000d5550000, 0x00000000d5798e80, 0x00000000d5799000, 0x00000000d6000000)
 Metaspace       used 9716K, capacity 9808K, committed 10112K, reserved 1058816K
  class space    used 1291K, capacity 1328K, committed 1408K, reserved 1048576K
}
Event: 2.173 GC heap before
{Heap before GC invocations=14 (full 0):
 def new generation   total 4928K, used 4776K [0x00000000c0000000, 0x00000000c0550000, 0x00000000d5550000)
  eden space 4416K,  99% used [0x00000000c0000000, 0x00000000c044c0a0, 0x00000000c0450000)
  from space 512K,  73% used [0x00000000c0450000, 0x00000000c04ae078, 0x00000000c04d0000)
  to   space 512K,   0% used [0x00000000c04d0000, 0x00000000c04d0000, 0x00000000c0550000)
 tenured generation   total 10944K, used 2339K [0x00000000d5550000, 0x00000000d6000000, 0x0000000100000000)
   the space 10944K,  21% used [0x00000000d5550000, 0x00000000d5798e80, 0x00000000d5799000, 0x00000000d6000000)
 Metaspace       used 10008K, capacity 10096K, committed 10368K, reserved 1058816K
  class space    used 1318K, capacity 1360K, committed 1408K, reserved 1048576K
Event: 2.174 GC heap after
Heap after GC invocations=15 (full 0):
 def new generation   total 4928K, used 331K [0x00000000c0000000, 0x00000000c0550000, 0x00000000d5550000)
  eden space 4416K,   0% used [0x00000000c0000000, 0x00000000c0000000, 0x00000000c0450000)
  from space 512K,  64% used [0x00000000c04d0000, 0x00000000c0522e88, 0x00000000c0550000)
  to   space 512K,   0% used [0x00000000c0450000, 0x00000000c0450000, 0x00000000c04d0000)
 tenured generation   total 10944K, used 2382K [0x00000000d5550000, 0x00000000d6000000, 0x0000000100000000)
   the space 10944K,  21% used [0x00000000d5550000, 0x00000000d57a3830, 0x00000000d57a3a00, 0x00000000d6000000)
 Metaspace       used 10008K, capacity 10096K, committed 10368K, reserved 1058816K
  class space    used 1318K, capacity 1360K, committed 1408K, reserved 1048576K
}
Event: 2.198 GC heap before
{Heap before GC invocations=15 (full 0):
 def new generation   total 4928K, used 4747K [0x00000000c0000000, 0x00000000c0550000, 0x00000000d5550000)
  eden space 4416K, 100% used [0x00000000c0000000, 0x00000000c0450000, 0x00000000c0450000)
  from space 512K,  64% used [0x00000000c04d0000, 0x00000000c0522e88, 0x00000000c0550000)
  to   space 512K,   0% used [0x00000000c0450000, 0x00000000c0450000, 0x00000000c04d0000)
 tenured generation   total 10944K, used 2382K [0x00000000d5550000, 0x00000000d6000000, 0x0000000100000000)
   the space 10944K,  21% used [0x00000000d5550000, 0x00000000d57a3830, 0x00000000d57a3a00, 0x00000000d6000000)
 Metaspace       used 10278K, capacity 10352K, committed 10496K, reserved 1058816K
  class space    used 1375K, capacity 1424K, committed 1536K, reserved 1048576K
Event: 2.199 GC heap after
Heap after GC invocations=16 (full 0):
 def new generation   total 4928K, used 284K [0x00000000c0000000, 0x00000000c0550000, 0x00000000d5550000)
  eden space 4416K,   0% used [0x00000000c0000000, 0x00000000c0000000, 0x00000000c0450000)
  from space 512K,  55% used [0x00000000c0450000, 0x00000000c0497120, 0x00000000c04d0000)
  to   space 512K,   0% used [0x00000000c04d0000, 0x00000000c04d0000, 0x00000000c0550000)
 tenured generation   total 10944K, used 2426K [0x00000000d5550000, 0x00000000d6000000, 0x0000000100000000)
   the space 10944K,  22% used [0x00000000d5550000, 0x00000000d57aeb38, 0x00000000d57aec00, 0x00000000d6000000)
 Metaspace       used 10278K, capacity 10352K, committed 10496K, reserved 1058816K
  class space    used 1375K, capacity 1424K, committed 1536K, reserved 1048576K
}
Event: 2.228 GC heap before
{Heap before GC invocations=16 (full 0):
 def new generation   total 4928K, used 4700K [0x00000000c0000000, 0x00000000c0550000, 0x00000000d5550000)
  eden space 4416K, 100% used [0x00000000c0000000, 0x00000000c0450000, 0x00000000c0450000)
  from space 512K,  55% used [0x00000000c0450000, 0x00000000c0497120, 0x00000000c04d0000)
  to   space 512K,   0% used [0x00000000c04d0000, 0x00000000c04d0000, 0x00000000c0550000)
 tenured generation   total 10944K, used 2426K [0x00000000d5550000, 0x00000000d6000000, 0x0000000100000000)
   the space 10944K,  22% used [0x00000000d5550000, 0x00000000d57aeb38, 0x00000000d57aec00, 0x00000000d6000000)
 Metaspace       used 10430K, capacity 10480K, committed 10752K, reserved 1058816K
  class space    used 1405K, capacity 1424K, committed 1536K, reserved 1048576K
Event: 2.229 GC heap after
Heap after GC invocations=17 (full 0):
 def new generation   total 4928K, used 155K [0x00000000c0000000, 0x00000000c0550000, 0x00000000d5550000)
  eden space 4416K,   0% used [0x00000000c0000000, 0x00000000c0000000, 0x00000000c0450000)
  from space 512K,  30% used [0x00000000c04d0000, 0x00000000c04f6d40, 0x00000000c0550000)
  to   space 512K,   0% used [0x00000000c0450000, 0x00000000c0450000, 0x00000000c04d0000)
 tenured generation   total 10944K, used 2468K [0x00000000d5550000, 0x00000000d6000000, 0x0000000100000000)
   the space 10944K,  22% used [0x00000000d5550000, 0x00000000d57b90f0, 0x00000000d57b9200, 0x00000000d6000000)
 Metaspace       used 10430K, capacity 10480K, committed 10752K, reserved 1058816K
  class space    used 1405K, capacity 1424K, committed 1536K, reserved 1048576K
}
Event: 2.332 GC heap before
{Heap before GC invocations=17 (full 0):
 def new generation   total 4928K, used 4571K [0x00000000c0000000, 0x00000000c0550000, 0x00000000d5550000)
  eden space 4416K, 100% used [0x00000000c0000000, 0x00000000c0450000, 0x00000000c0450000)
  from space 512K,  30% used [0x00000000c04d0000, 0x00000000c04f6d40, 0x00000000c0550000)
  to   space 512K,   0% used [0x00000000c0450000, 0x00000000c0450000, 0x00000000c04d0000)
 tenured generation   total 10944K, used 2468K [0x00000000d5550000, 0x00000000d6000000, 0x0000000100000000)
   the space 10944K,  22% used [0x00000000d5550000, 0x00000000d57b90f0, 0x00000000d57b9200, 0x00000000d6000000)
 Metaspace       used 10984K, capacity 11152K, committed 11264K, reserved 1058816K
  class space    used 1465K, capacity 1520K, committed 1536K, reserved 1048576K
Event: 2.334 GC heap after
Heap after GC invocations=18 (full 0):
 def new generation   total 4928K, used 413K [0x00000000c0000000, 0x00000000c0550000, 0x00000000d5550000)
  eden space 4416K,   0% used [0x00000000c0000000, 0x00000000c0000000, 0x00000000c0450000)
  from space 512K,  80% used [0x00000000c0450000, 0x00000000c04b77a8, 0x00000000c04d0000)
  to   space 512K,   0% used [0x00000000c04d0000, 0x00000000c04d0000, 0x00000000c0550000)
 tenured generation   total 10944K, used 2468K [0x00000000d5550000, 0x00000000d6000000, 0x0000000100000000)
   the space 10944K,  22% used [0x00000000d5550000, 0x00000000d57b90f0, 0x00000000d57b9200, 0x00000000d6000000)
 Metaspace       used 10984K, capacity 11152K, committed 11264K, reserved 1058816K
  class space    used 1465K, capacity 1520K, committed 1536K, reserved 1048576K
}
Event: 2.422 GC heap before
{Heap before GC invocations=18 (full 0):
 def new generation   total 4928K, used 4829K [0x00000000c0000000, 0x00000000c0550000, 0x00000000d5550000)
  eden space 4416K, 100% used [0x00000000c0000000, 0x00000000c0450000, 0x00000000c0450000)
  from space 512K,  80% used [0x00000000c0450000, 0x00000000c04b77a8, 0x00000000c04d0000)
  to   space 512K,   0% used [0x00000000c04d0000, 0x00000000c04d0000, 0x00000000c0550000)
 tenured generation   total 10944K, used 2468K [0x00000000d5550000, 0x00000000d6000000, 0x0000000100000000)
   the space 10944K,  22% used [0x00000000d5550000, 0x00000000d57b90f0, 0x00000000d57b9200, 0x00000000d6000000)
 Metaspace       used 11400K, capacity 11440K, committed 11648K, reserved 1058816K
  class space    used 1531K, capacity 1552K, committed 1664K, reserved 1048576K
Event: 2.423 GC heap after
Heap after GC invocations=19 (full 0):
 def new generation   total 4928K, used 404K [0x00000000c0000000, 0x00000000c0550000, 0x00000000d5550000)
  eden space 4416K,   0% used [0x00000000c0000000, 0x00000000c0000000, 0x00000000c0450000)
  from space 512K,  79% used [0x00000000c04d0000, 0x00000000c0535338, 0x00000000c0550000)
  to   space 512K,   0% used [0x00000000c0450000, 0x00000000c0450000, 0x00000000c04d0000)
 tenured generation   total 10944K, used 2570K [0x00000000d5550000, 0x00000000d6000000, 0x0000000100000000)
   the space 10944K,  23% used [0x00000000d5550000, 0x00000000d57d2988, 0x00000000d57d2a00, 0x00000000d6000000)
 Metaspace       used 11400K, capacity 11440K, committed 11648K, reserved 1058816K
  class space    used 1531K, capacity 1552K, committed 1664K, reserved 1048576K
}
Event: 2.491 GC heap before
{Heap before GC invocations=19 (full 0):
 def new generation   total 4928K, used 4820K [0x00000000c0000000, 0x00000000c0550000, 0x00000000d5550000)
  eden space 4416K, 100% used [0x00000000c0000000, 0x00000000c0450000, 0x00000000c0450000)
  from space 512K,  79% used [0x00000000c04d0000, 0x00000000c0535338, 0x00000000c0550000)
  to   space 512K,   0% used [0x00000000c0450000, 0x00000000c0450000, 0x00000000c04d0000)
 tenured generation   total 10944K, used 2570K [0x00000000d5550000, 0x00000000d6000000, 0x0000000100000000)
   the space 10944K,  23% used [0x00000000d5550000, 0x00000000d57d2988, 0x00000000d57d2a00, 0x00000000d6000000)
 Metaspace       used 11828K, capacity 11984K, committed 12160K, reserved 1060864K
  class space    used 1608K, capacity 1648K, committed 1664K, reserved 1048576K
Event: 2.492 GC heap after
Heap after GC invocations=20 (full 0):
 def new generation   total 4928K, used 392K [0x00000000c0000000, 0x00000000c0550000, 0x00000000d5550000)
  eden space 4416K,   0% used [0x00000000c0000000, 0x00000000c0000000, 0x00000000c0450000)
  from space 512K,  76% used [0x00000000c0450000, 0x00000000c04b2338, 0x00000000c04d0000)
  to   space 512K,   0% used [0x00000000c04d0000, 0x00000000c04d0000, 0x00000000c0550000)
 tenured generation   total 10944K, used 2654K [0x00000000d5550000, 0x00000000d6000000, 0x0000000100000000)
   the space 10944K,  24% used [0x00000000d5550000, 0x00000000d57e7920, 0x00000000d57e7a00, 0x00000000d6000000)
 Metaspace       used 11828K, capacity 11984K, committed 12160K, reserved 1060864K
  class space    used 1608K, capacity 1648K, committed 1664K, reserved 1048576K
}
Event: 2.568 GC heap before
{Heap before GC invocations=20 (full 0):
 def new generation   total 4928K, used 4805K [0x00000000c0000000, 0x00000000c0550000, 0x00000000d5550000)
  eden space 4416K,  99% used [0x00000000c0000000, 0x00000000c044f270, 0x00000000c0450000)
  from space 512K,  76% used [0x00000000c0450000, 0x00000000c04b2338, 0x00000000c04d0000)
  to   space 512K,   0% used [0x00000000c04d0000, 0x00000000c04d0000, 0x00000000c0550000)
 tenured generation   total 10944K, used 2654K [0x00000000d5550000, 0x00000000d6000000, 0x0000000100000000)
   the space 10944K,  24% used [0x00000000d5550000, 0x00000000d57e7920, 0x00000000d57e7a00, 0x00000000d6000000)
 Metaspace       used 12480K, capacity 12560K, committed 12800K, reserved 1060864K
  class space    used 1757K, capacity 1776K, committed 1792K, reserved 1048576K
Event: 2.570 GC heap after
Heap after GC invocations=21 (full 0):
 def new generation   total 4928K, used 511K [0x00000000c0000000, 0x00000000c0550000, 0x00000000d5550000)
  eden space 4416K,   0% used [0x00000000c0000000, 0x00000000c0000000, 0x00000000c0450000)
  from space 512K,  99% used [0x00000000c04d0000, 0x00000000c054ff58, 0x00000000c0550000)
  to   space 512K,   0% used [0x00000000c0450000, 0x00000000c0450000, 0x00000000c04d0000)
 tenured generation   total 10944K, used 2726K [0x00000000d5550000, 0x00000000d6000000, 0x0000000100000000)
   the space 10944K,  24% used [0x00000000d5550000, 0x00000000d57f9ba8, 0x00000000d57f9c00, 0x00000000d6000000)
 Metaspace       used 12480K, capacity 12560K, committed 12800K, reserved 1060864K
  class space    used 1757K, capacity 1776K, committed 1792K, reserved 1048576K
}
Event: 2.658 GC heap before
{Heap before GC invocations=21 (full 0):
 def new generation   total 4928K, used 4927K [0x00000000c0000000, 0x00000000c0550000, 0x00000000d5550000)
  eden space 4416K, 100% used [0x00000000c0000000, 0x00000000c0450000, 0x00000000c0450000)
  from space 512K,  99% used [0x00000000c04d0000, 0x00000000c054ff58, 0x00000000c0550000)
  to   space 512K,   0% used [0x00000000c0450000, 0x00000000c0450000, 0x00000000c04d0000)
 tenured generation   total 10944K, used 2726K [0x00000000d5550000, 0x00000000d6000000, 0x0000000100000000)
   the space 10944K,  24% used [0x00000000d5550000, 0x00000000d57f9ba8, 0x00000000d57f9c00, 0x00000000d6000000)
 Metaspace       used 13295K, capacity 13392K, committed 13440K, reserved 1060864K
  class space    used 1871K, capacity 1904K, committed 1920K, reserved 1048576K
Event: 2.660 GC heap after
Heap after GC invocations=22 (full 0):
 def new generation   total 4928K, used 512K [0x00000000c0000000, 0x00000000c0550000, 0x00000000d5550000)
  eden space 4416K,   0% used [0x00000000c0000000, 0x00000000c0000000, 0x00000000c0450000)
  from space 512K, 100% used [0x00000000c0450000, 0x00000000c04d0000, 0x00000000c04d0000)
  to   space 512K,   0% used [0x00000000c04d0000, 0x00000000c04d0000, 0x00000000c0550000)
 tenured generation   total 10944K, used 3123K [0x00000000d5550000, 0x00000000d6000000, 0x0000000100000000)
   the space 10944K,  28% used [0x00000000d5550000, 0x00000000d585cf40, 0x00000000d585d000, 0x00000000d6000000)
 Metaspace       used 13295K, capacity 13392K, committed 13440K, reserved 1060864K
  class space    used 1871K, capacity 1904K, committed 1920K, reserved 1048576K
}
Event: 2.760 GC heap before
{Heap before GC invocations=22 (full 0):
 def new generation   total 4928K, used 4928K [0x00000000c0000000, 0x00000000c0550000, 0x00000000d5550000)
  eden space 4416K, 100% used [0x00000000c0000000, 0x00000000c0450000, 0x00000000c0450000)
  from space 512K, 100% used [0x00000000c0450000, 0x00000000c04d0000, 0x00000000c04d0000)
  to   space 512K,   0% used [0x00000000c04d0000, 0x00000000c04d0000, 0x00000000c0550000)
 tenured generation   total 10944K, used 3123K [0x00000000d5550000, 0x00000000d6000000, 0x0000000100000000)
   the space 10944K,  28% used [0x00000000d5550000, 0x00000000d585cf40, 0x00000000d585d000, 0x00000000d6000000)
 Metaspace       used 13606K, capacity 13712K, committed 13824K, reserved 1060864K
  class space    used 1919K, capacity 1968K, committed 2048K, reserved 1048576K
Event: 2.762 GC heap after
Heap after GC invocations=23 (full 0):
 def new generation   total 4928K, used 511K [0x00000000c0000000, 0x00000000c0550000, 0x00000000d5550000)
  eden space 4416K,   0% used [0x00000000c0000000, 0x00000000c0000000, 0x00000000c0450000)
  from space 512K,  99% used [0x00000000c04d0000, 0x00000000c054fff0, 0x00000000c0550000)
  to   space 512K,   0% used [0x00000000c0450000, 0x00000000c0450000, 0x00000000c04d0000)
 tenured generation   total 10944K, used 3480K [0x00000000d5550000, 0x00000000d6000000, 0x0000000100000000)
   the space 10944K,  31% used [0x00000000d5550000, 0x00000000d58b6270, 0x00000000d58b6400, 0x00000000d6000000)
 Metaspace       used 13606K, capacity 13712K, committed 13824K, reserved 1060864K
  class space    used 1919K, capacity 1968K, committed 2048K, reserved 1048576K
}
Event: 2.891 GC heap before
{Heap before GC invocations=23 (full 0):
 def new generation   total 4928K, used 4927K [0x00000000c0000000, 0x00000000c0550000, 0x00000000d5550000)
  eden space 4416K, 100% used [0x00000000c0000000, 0x00000000c0450000, 0x00000000c0450000)
  from space 512K,  99% used [0x00000000c04d0000, 0x00000000c054fff0, 0x00000000c0550000)
  to   space 512K,   0% used [0x00000000c0450000, 0x00000000c0450000, 0x00000000c04d0000)
 tenured generation   total 10944K, used 3480K [0x00000000d5550000, 0x00000000d6000000, 0x0000000100000000)
   the space 10944K,  31% used [0x00000000d5550000, 0x00000000d58b6270, 0x00000000d58b6400, 0x00000000d6000000)
 Metaspace       used 14202K, capacity 14352K, committed 14592K, reserved 1062912K
  class space    used 1990K, capacity 2032K, committed 2048K, reserved 1048576K
Event: 2.893 GC heap after
Heap after GC invocations=24 (full 0):
 def new generation   total 4928K, used 440K [0x00000000c0000000, 0x00000000c0550000, 0x00000000d5550000)
  eden space 4416K,   0% used [0x00000000c0000000, 0x00000000c0000000, 0x00000000c0450000)
  from space 512K,  85% used [0x00000000c0450000, 0x00000000c04be100, 0x00000000c04d0000)
  to   space 512K,   0% used [0x00000000c04d0000, 0x00000000c04d0000, 0x00000000c0550000)
 tenured generation   total 10944K, used 3596K [0x00000000d5550000, 0x00000000d6000000, 0x0000000100000000)
   the space 10944K,  32% used [0x00000000d5550000, 0x00000000d58d3070, 0x00000000d58d3200, 0x00000000d6000000)
 Metaspace       used 14202K, capacity 14352K, committed 14592K, reserved 1062912K
  class space    used 1990K, capacity 2032K, committed 2048K, reserved 1048576K
}
Event: 2.941 GC heap before
{Heap before GC invocations=24 (full 0):
 def new generation   total 4928K, used 4856K [0x00000000c0000000, 0x00000000c0550000, 0x00000000d5550000)
  eden space 4416K, 100% used [0x00000000c0000000, 0x00000000c0450000, 0x00000000c0450000)
  from space 512K,  85% used [0x00000000c0450000, 0x00000000c04be100, 0x00000000c04d0000)
  to   space 512K,   0% used [0x00000000c04d0000, 0x00000000c04d0000, 0x00000000c0550000)
 tenured generation   total 10944K, used 3596K [0x00000000d5550000, 0x00000000d6000000, 0x0000000100000000)
   the space 10944K,  32% used [0x00000000d5550000, 0x00000000d58d3070, 0x00000000d58d3200, 0x00000000d6000000)
 Metaspace       used 14447K, capacity 14576K, committed 14720K, reserved 1062912K
  class space    used 2022K, capacity 2064K, committed 2176K, reserved 1048576K
Event: 2.942 GC heap after
Heap after GC invocations=25 (full 0):
 def new generation   total 4928K, used 255K [0x00000000c0000000, 0x00000000c0550000, 0x00000000d5550000)
  eden space 4416K,   0% used [0x00000000c0000000, 0x00000000c0000000, 0x00000000c0450000)
  from space 512K,  49% used [0x00000000c04d0000, 0x00000000c050fd00, 0x00000000c0550000)
  to   space 512K,   0% used [0x00000000c0450000, 0x00000000c0450000, 0x00000000c04d0000)
 tenured generation   total 10944K, used 3734K [0x00000000d5550000, 0x00000000d6000000, 0x0000000100000000)
   the space 10944K,  34% used [0x00000000d5550000, 0x00000000d58f5878, 0x00000000d58f5a00, 0x00000000d6000000)
 Metaspace       used 14447K, capacity 14576K, committed 14720K, reserved 1062912K
  class space    used 2022K, capacity 2064K, committed 2176K, reserved 1048576K
}
Event: 3.052 GC heap before
{Heap before GC invocations=25 (full 0):
 def new generation   total 4928K, used 4671K [0x00000000c0000000, 0x00000000c0550000, 0x00000000d5550000)
  eden space 4416K, 100% used [0x00000000c0000000, 0x00000000c0450000, 0x00000000c0450000)
  from space 512K,  49% used [0x00000000c04d0000, 0x00000000c050fd00, 0x00000000c0550000)
  to   space 512K,   0% used [0x00000000c0450000, 0x00000000c0450000, 0x00000000c04d0000)
 tenured generation   total 10944K, used 3734K [0x00000000d5550000, 0x00000000d6000000, 0x0000000100000000)
   the space 10944K,  34% used [0x00000000d5550000, 0x00000000d58f5878, 0x00000000d58f5a00, 0x00000000d6000000)
 Metaspace       used 14926K, capacity 15024K, committed 15232K, reserved 1062912K
  class space    used 2074K, capacity 2128K, committed 2176K, reserved 1048576K
Event: 3.053 GC heap after
Heap after GC invocations=26 (full 0):
 def new generation   total 4928K, used 307K [0x00000000c0000000, 0x00000000c0550000, 0x00000000d5550000)
  eden space 4416K,   0% used [0x00000000c0000000, 0x00000000c0000000, 0x00000000c0450000)
  from space 512K,  60% used [0x00000000c0450000, 0x00000000c049ccd0, 0x00000000c04d0000)
  to   space 512K,   0% used [0x00000000c04d0000, 0x00000000c04d0000, 0x00000000c0550000)
 tenured generation   total 10944K, used 3734K [0x00000000d5550000, 0x00000000d6000000, 0x0000000100000000)
   the space 10944K,  34% used [0x00000000d5550000, 0x00000000d58f5878, 0x00000000d58f5a00, 0x00000000d6000000)
 Metaspace       used 14926K, capacity 15024K, committed 15232K, reserved 1062912K
  class space    used 2074K, capacity 2128K, committed 2176K, reserved 1048576K
}
Event: 3.141 GC heap before
{Heap before GC invocations=26 (full 0):
 def new generation   total 4928K, used 4723K [0x00000000c0000000, 0x00000000c0550000, 0x00000000d5550000)
  eden space 4416K, 100% used [0x00000000c0000000, 0x00000000c0450000, 0x00000000c0450000)
  from space 512K,  60% used [0x00000000c0450000, 0x00000000c049ccd0, 0x00000000c04d0000)
  to   space 512K,   0% used [0x00000000c04d0000, 0x00000000c04d0000, 0x00000000c0550000)
 tenured generation   total 10944K, used 3734K [0x00000000d5550000, 0x00000000d6000000, 0x0000000100000000)
   the space 10944K,  34% used [0x00000000d5550000, 0x00000000d58f5878, 0x00000000d58f5a00, 0x00000000d6000000)
 Metaspace       used 15075K, capacity 15152K, committed 15232K, reserved 1062912K
  class space    used 2093K, capacity 2128K, committed 2176K, reserved 1048576K
Event: 3.143 GC heap after
Heap after GC invocations=27 (full 0):
 def new generation   total 4928K, used 512K [0x00000000c0000000, 0x00000000c0550000, 0x00000000d5550000)
  eden space 4416K,   0% used [0x00000000c0000000, 0x00000000c0000000, 0x00000000c0450000)
  from space 512K, 100% used [0x00000000c04d0000, 0x00000000c0550000, 0x00000000c0550000)
  to   space 512K,   0% used [0x00000000c0450000, 0x00000000c0450000, 0x00000000c04d0000)
 tenured generation   total 10944K, used 3890K [0x00000000d5550000, 0x00000000d6000000, 0x0000000100000000)
   the space 10944K,  35% used [0x00000000d5550000, 0x00000000d591caf8, 0x00000000d591cc00, 0x00000000d6000000)
 Metaspace       used 15075K, capacity 15152K, committed 15232K, reserved 1062912K
  class space    used 2093K, capacity 2128K, committed 2176K, reserved 1048576K
}
Event: 3.414 GC heap before
{Heap before GC invocations=27 (full 0):
 def new generation   total 4928K, used 4928K [0x00000000c0000000, 0x00000000c0550000, 0x00000000d5550000)
  eden space 4416K, 100% used [0x00000000c0000000, 0x00000000c0450000, 0x00000000c0450000)
  from space 512K, 100% used [0x00000000c04d0000, 0x00000000c0550000, 0x00000000c0550000)
  to   space 512K,   0% used [0x00000000c0450000, 0x00000000c0450000, 0x00000000c04d0000)
 tenured generation   total 10944K, used 3890K [0x00000000d5550000, 0x00000000d6000000, 0x0000000100000000)
   the space 10944K,  35% used [0x00000000d5550000, 0x00000000d591caf8, 0x00000000d591cc00, 0x00000000d6000000)
 Metaspace       used 16374K, capacity 16586K, committed 16768K, reserved 1062912K
  class space    used 2230K, capacity 2307K, committed 2432K, reserved 1048576K
Event: 3.416 GC heap after
Heap after GC invocations=28 (full 0):
 def new generation   total 4928K, used 388K [0x00000000c0000000, 0x00000000c0550000, 0x00000000d5550000)
  eden space 4416K,   0% used [0x00000000c0000000, 0x00000000c0000000, 0x00000000c0450000)
  from space 512K,  75% used [0x00000000c0450000, 0x00000000c04b1010, 0x00000000c04d0000)
  to   space 512K,   0% used [0x00000000c04d0000, 0x00000000c04d0000, 0x00000000c0550000)
 tenured generation   total 10944K, used 3972K [0x00000000d5550000, 0x00000000d6000000, 0x0000000100000000)
   the space 10944K,  36% used [0x00000000d5550000, 0x00000000d59313e8, 0x00000000d5931400, 0x00000000d6000000)
 Metaspace       used 16374K, capacity 16586K, committed 16768K, reserved 1062912K
  class space    used 2230K, capacity 2307K, committed 2432K, reserved 1048576K
}
Event: 3.488 GC heap before
{Heap before GC invocations=28 (full 0):
 def new generation   total 4928K, used 4804K [0x00000000c0000000, 0x00000000c0550000, 0x00000000d5550000)
  eden space 4416K, 100% used [0x00000000c0000000, 0x00000000c0450000, 0x00000000c0450000)
  from space 512K,  75% used [0x00000000c0450000, 0x00000000c04b1010, 0x00000000c04d0000)
  to   space 512K,   0% used [0x00000000c04d0000, 0x00000000c04d0000, 0x00000000c0550000)
 tenured generation   total 10944K, used 3972K [0x00000000d5550000, 0x00000000d6000000, 0x0000000100000000)
   the space 10944K,  36% used [0x00000000d5550000, 0x00000000d59313e8, 0x00000000d5931400, 0x00000000d6000000)
 Metaspace       used 16727K, capacity 16982K, committed 17280K, reserved 1064960K
  class space    used 2271K, capacity 2373K, committed 2432K, reserved 1048576K
Event: 3.491 GC heap after
Heap after GC invocations=29 (full 0):
 def new generation   total 4928K, used 512K [0x00000000c0000000, 0x00000000c0550000, 0x00000000d5550000)
  eden space 4416K,   0% used [0x00000000c0000000, 0x00000000c0000000, 0x00000000c0450000)
  from space 512K, 100% used [0x00000000c04d0000, 0x00000000c0550000, 0x00000000c0550000)
  to   space 512K,   0% used [0x00000000c0450000, 0x00000000c0450000, 0x00000000c04d0000)
 tenured generation   total 10944K, used 4356K [0x00000000d5550000, 0x00000000d6000000, 0x0000000100000000)
   the space 10944K,  39% used [0x00000000d5550000, 0x00000000d5991008, 0x00000000d5991200, 0x00000000d6000000)
 Metaspace       used 16727K, capacity 16982K, committed 17280K, reserved 1064960K
  class space    used 2271K, capacity 2373K, committed 2432K, reserved 1048576K
}
Event: 3.567 GC heap before
{Heap before GC invocations=29 (full 0):
 def new generation   total 4928K, used 4928K [0x00000000c0000000, 0x00000000c0550000, 0x00000000d5550000)
  eden space 4416K, 100% used [0x00000000c0000000, 0x00000000c0450000, 0x00000000c0450000)
  from space 512K, 100% used [0x00000000c04d0000, 0x00000000c0550000, 0x00000000c0550000)
  to   space 512K,   0% used [0x00000000c0450000, 0x00000000c0450000, 0x00000000c04d0000)
 tenured generation   total 10944K, used 4356K [0x00000000d5550000, 0x00000000d6000000, 0x0000000100000000)
   the space 10944K,  39% used [0x00000000d5550000, 0x00000000d5991008, 0x00000000d5991200, 0x00000000d6000000)
 Metaspace       used 16849K, capacity 17110K, committed 17280K, reserved 1064960K
  class space    used 2283K, capacity 2373K, committed 2432K, reserved 1048576K
Event: 3.569 GC heap after
Heap after GC invocations=30 (full 0):
 def new generation   total 4928K, used 289K [0x00000000c0000000, 0x00000000c0550000, 0x00000000d5550000)
  eden space 4416K,   0% used [0x00000000c0000000, 0x00000000c0000000, 0x00000000c0450000)
  from space 512K,  56% used [0x00000000c0450000, 0x00000000c0498690, 0x00000000c04d0000)
  to   space 512K,   0% used [0x00000000c04d0000, 0x00000000c04d0000, 0x00000000c0550000)
 tenured generation   total 10944K, used 4563K [0x00000000d5550000, 0x00000000d6000000, 0x0000000100000000)
   the space 10944K,  41% used [0x00000000d5550000, 0x00000000d59c4ea0, 0x00000000d59c5000, 0x00000000d6000000)
 Metaspace       used 16849K, capacity 17110K, committed 17280K, reserved 1064960K
  class space    used 2283K, capacity 2373K, committed 2432K, reserved 1048576K
}
Event: 3.646 GC heap before
{Heap before GC invocations=30 (full 0):
 def new generation   total 4928K, used 4705K [0x00000000c0000000, 0x00000000c0550000, 0x00000000d5550000)
  eden space 4416K, 100% used [0x00000000c0000000, 0x00000000c0450000, 0x00000000c0450000)
  from space 512K,  56% used [0x00000000c0450000, 0x00000000c0498690, 0x00000000c04d0000)
  to   space 512K,   0% used [0x00000000c04d0000, 0x00000000c04d0000, 0x00000000c0550000)
 tenured generation   total 10944K, used 4563K [0x00000000d5550000, 0x00000000d6000000, 0x0000000100000000)
   the space 10944K,  41% used [0x00000000d5550000, 0x00000000d59c4ea0, 0x00000000d59c5000, 0x00000000d6000000)
 Metaspace       used 17193K, capacity 17398K, committed 17536K, reserved 1064960K
  class space    used 2349K, capacity 2405K, committed 2432K, reserved 1048576K
Event: 3.648 GC heap after
Heap after GC invocations=31 (full 0):
 def new generation   total 4928K, used 288K [0x00000000c0000000, 0x00000000c0550000, 0x00000000d5550000)
  eden space 4416K,   0% used [0x00000000c0000000, 0x00000000c0000000, 0x00000000c0450000)
  from space 512K,  56% used [0x00000000c04d0000, 0x00000000c0518130, 0x00000000c0550000)
  to   space 512K,   0% used [0x00000000c0450000, 0x00000000c0450000, 0x00000000c04d0000)
 tenured generation   total 10944K, used 4733K [0x00000000d5550000, 0x00000000d6000000, 0x0000000100000000)
   the space 10944K,  43% used [0x00000000d5550000, 0x00000000d59ef7c8, 0x00000000d59ef800, 0x00000000d6000000)
 Metaspace       used 17193K, capacity 17398K, committed 17536K, reserved 1064960K
  class space    used 2349K, capacity 2405K, committed 2432K, reserved 1048576K
}
Event: 3.781 GC heap before
{Heap before GC invocations=31 (full 0):
 def new generation   total 4928K, used 4680K [0x00000000c0000000, 0x00000000c0550000, 0x00000000d5550000)
  eden space 4416K,  99% used [0x00000000c0000000, 0x00000000c044a1f0, 0x00000000c0450000)
  from space 512K,  56% used [0x00000000c04d0000, 0x00000000c0518130, 0x00000000c0550000)
  to   space 512K,   0% used [0x00000000c0450000, 0x00000000c0450000, 0x00000000c04d0000)
 tenured generation   total 10944K, used 4733K [0x00000000d5550000, 0x00000000d6000000, 0x0000000100000000)
   the space 10944K,  43% used [0x00000000d5550000, 0x00000000d59ef7c8, 0x00000000d59ef800, 0x00000000d6000000)
 Metaspace       used 17726K, capacity 17952K, committed 18176K, reserved 1064960K
  class space    used 2417K, capacity 2503K, committed 2560K, reserved 1048576K
Event: 3.783 GC heap after
Heap after GC invocations=32 (full 0):
 def new generation   total 4928K, used 449K [0x00000000c0000000, 0x00000000c0550000, 0x00000000d5550000)
  eden space 4416K,   0% used [0x00000000c0000000, 0x00000000c0000000, 0x00000000c0450000)
  from space 512K,  87% used [0x00000000c0450000, 0x00000000c04c0698, 0x00000000c04d0000)
  to   space 512K,   0% used [0x00000000c04d0000, 0x00000000c04d0000, 0x00000000c0550000)
 tenured generation   total 10944K, used 4782K [0x00000000d5550000, 0x00000000d6000000, 0x0000000100000000)
   the space 10944K,  43% used [0x00000000d5550000, 0x00000000d59fbbf8, 0x00000000d59fbc00, 0x00000000d6000000)
 Metaspace       used 17726K, capacity 17952K, committed 18176K, reserved 1064960K
  class space    used 2417K, capacity 2503K, committed 2560K, reserved 1048576K
}
Event: 3.856 GC heap before
{Heap before GC invocations=32 (full 0):
 def new generation   total 4928K, used 4865K [0x00000000c0000000, 0x00000000c0550000, 0x00000000d5550000)
  eden space 4416K, 100% used [0x00000000c0000000, 0x00000000c0450000, 0x00000000c0450000)
  from space 512K,  87% used [0x00000000c0450000, 0x00000000c04c0698, 0x00000000c04d0000)
  to   space 512K,   0% used [0x00000000c04d0000, 0x00000000c04d0000, 0x00000000c0550000)
 tenured generation   total 10944K, used 4782K [0x00000000d5550000, 0x00000000d6000000, 0x0000000100000000)
   the space 10944K,  43% used [0x00000000d5550000, 0x00000000d59fbbf8, 0x00000000d59fbc00, 0x00000000d6000000)
 Metaspace       used 18069K, capacity 18272K, committed 18560K, reserved 1064960K
  class space    used 2489K, capacity 2567K, committed 2688K, reserved 1048576K
Event: 3.858 GC heap after
Heap after GC invocations=33 (full 0):
 def new generation   total 4928K, used 341K [0x00000000c0000000, 0x00000000c0550000, 0x00000000d5550000)
  eden space 4416K,   0% used [0x00000000c0000000, 0x00000000c0000000, 0x00000000c0450000)
  from space 512K,  66% used [0x00000000c04d0000, 0x00000000c0525410, 0x00000000c0550000)
  to   space 512K,   0% used [0x00000000c0450000, 0x00000000c0450000, 0x00000000c04d0000)
 tenured generation   total 10944K, used 4877K [0x00000000d5550000, 0x00000000d6000000, 0x0000000100000000)
   the space 10944K,  44% used [0x00000000d5550000, 0x00000000d5a135d8, 0x00000000d5a13600, 0x00000000d6000000)
 Metaspace       used 18069K, capacity 18272K, committed 18560K, reserved 1064960K
  class space    used 2489K, capacity 2567K, committed 2688K, reserved 1048576K
}
Event: 3.939 GC heap before
{Heap before GC invocations=33 (full 0):
 def new generation   total 4928K, used 4757K [0x00000000c0000000, 0x00000000c0550000, 0x00000000d5550000)
  eden space 4416K, 100% used [0x00000000c0000000, 0x00000000c0450000, 0x00000000c0450000)
  from space 512K,  66% used [0x00000000c04d0000, 0x00000000c0525410, 0x00000000c0550000)
  to   space 512K,   0% used [0x00000000c0450000, 0x00000000c0450000, 0x00000000c04d0000)
 tenured generation   total 10944K, used 4877K [0x00000000d5550000, 0x00000000d6000000, 0x0000000100000000)
   the space 10944K,  44% used [0x00000000d5550000, 0x00000000d5a135d8, 0x00000000d5a13600, 0x00000000d6000000)
 Metaspace       used 18671K, capacity 18848K, committed 19072K, reserved 1064960K
  class space    used 2561K, capacity 2631K, committed 2688K, reserved 1048576K
Event: 3.941 GC heap after
Heap after GC invocations=34 (full 0):
 def new generation   total 4928K, used 505K [0x00000000c0000000, 0x00000000c0550000, 0x00000000d5550000)
  eden space 4416K,   0% used [0x00000000c0000000, 0x00000000c0000000, 0x00000000c0450000)
  from space 512K,  98% used [0x00000000c0450000, 0x00000000c04ce738, 0x00000000c04d0000)
  to   space 512K,   0% used [0x00000000c04d0000, 0x00000000c04d0000, 0x00000000c0550000)
 tenured generation   total 10944K, used 4928K [0x00000000d5550000, 0x00000000d6000000, 0x0000000100000000)
   the space 10944K,  45% used [0x00000000d5550000, 0x00000000d5a203f8, 0x00000000d5a20400, 0x00000000d6000000)
 Metaspace       used 18671K, capacity 18848K, committed 19072K, reserved 1064960K
  class space    used 2561K, capacity 2631K, committed 2688K, reserved 1048576K
}
Event: 4.027 GC heap before
{Heap before GC invocations=34 (full 0):
 def new generation   total 4928K, used 4921K [0x00000000c0000000, 0x00000000c0550000, 0x00000000d5550000)
  eden space 4416K, 100% used [0x00000000c0000000, 0x00000000c0450000, 0x00000000c0450000)
  from space 512K,  98% used [0x00000000c0450000, 0x00000000c04ce738, 0x00000000c04d0000)
  to   space 512K,   0% used [0x00000000c04d0000, 0x00000000c04d0000, 0x00000000c0550000)
 tenured generation   total 10944K, used 4928K [0x00000000d5550000, 0x00000000d6000000, 0x0000000100000000)
   the space 10944K,  45% used [0x00000000d5550000, 0x00000000d5a203f8, 0x00000000d5a20400, 0x00000000d6000000)
 Metaspace       used 19152K, capacity 19328K, committed 19712K, reserved 1067008K
  class space    used 2638K, capacity 2727K, committed 2816K, reserved 1048576K
Event: 4.029 GC heap after
Heap after GC invocations=35 (full 0):
 def new generation   total 4928K, used 475K [0x00000000c0000000, 0x00000000c0550000, 0x00000000d5550000)
  eden space 4416K,   0% used [0x00000000c0000000, 0x00000000c0000000, 0x00000000c0450000)
  from space 512K,  92% used [0x00000000c04d0000, 0x00000000c0546cb0, 0x00000000c0550000)
  to   space 512K,   0% used [0x00000000c0450000, 0x00000000c0450000, 0x00000000c04d0000)
 tenured generation   total 10944K, used 4979K [0x00000000d5550000, 0x00000000d6000000, 0x0000000100000000)
   the space 10944K,  45% used [0x00000000d5550000, 0x00000000d5a2ccf8, 0x00000000d5a2ce00, 0x00000000d6000000)
 Metaspace       used 19152K, capacity 19328K, committed 19712K, reserved 1067008K
  class space    used 2638K, capacity 2727K, committed 2816K, reserved 1048576K
}
Event: 4.133 GC heap before
{Heap before GC invocations=35 (full 0):
 def new generation   total 4928K, used 4891K [0x00000000c0000000, 0x00000000c0550000, 0x00000000d5550000)
  eden space 4416K, 100% used [0x00000000c0000000, 0x00000000c0450000, 0x00000000c0450000)
  from space 512K,  92% used [0x00000000c04d0000, 0x00000000c0546cb0, 0x00000000c0550000)
  to   space 512K,   0% used [0x00000000c0450000, 0x00000000c0450000, 0x00000000c04d0000)
 tenured generation   total 10944K, used 4979K [0x00000000d5550000, 0x00000000d6000000, 0x0000000100000000)
   the space 10944K,  45% used [0x00000000d5550000, 0x00000000d5a2ccf8, 0x00000000d5a2ce00, 0x00000000d6000000)
 Metaspace       used 19816K, capacity 20032K, committed 20224K, reserved 1067008K
  class space    used 2720K, capacity 2791K, committed 2816K, reserved 1048576K
Event: 4.135 GC heap after
Heap after GC invocations=36 (full 0):
 def new generation   total 4928K, used 511K [0x00000000c0000000, 0x00000000c0550000, 0x00000000d5550000)
  eden space 4416K,   0% used [0x00000000c0000000, 0x00000000c0000000, 0x00000000c0450000)
  from space 512K,  99% used [0x00000000c0450000, 0x00000000c04cffd8, 0x00000000c04d0000)
  to   space 512K,   0% used [0x00000000c04d0000, 0x00000000c04d0000, 0x00000000c0550000)
 tenured generation   total 10944K, used 5067K [0x00000000d5550000, 0x00000000d6000000, 0x0000000100000000)
   the space 10944K,  46% used [0x00000000d5550000, 0x00000000d5a42fc8, 0x00000000d5a43000, 0x00000000d6000000)
 Metaspace       used 19816K, capacity 20032K, committed 20224K, reserved 1067008K
  class space    used 2720K, capacity 2791K, committed 2816K, reserved 1048576K
}
Event: 4.222 GC heap before
{Heap before GC invocations=36 (full 0):
 def new generation   total 4928K, used 4923K [0x00000000c0000000, 0x00000000c0550000, 0x00000000d5550000)
  eden space 4416K,  99% used [0x00000000c0000000, 0x00000000c044efc8, 0x00000000c0450000)
  from space 512K,  99% used [0x00000000c0450000, 0x00000000c04cffd8, 0x00000000c04d0000)
  to   space 512K,   0% used [0x00000000c04d0000, 0x00000000c04d0000, 0x00000000c0550000)
 tenured generation   total 10944K, used 5067K [0x00000000d5550000, 0x00000000d6000000, 0x0000000100000000)
   the space 10944K,  46% used [0x00000000d5550000, 0x00000000d5a42fc8, 0x00000000d5a43000, 0x00000000d6000000)
 Metaspace       used 20621K, capacity 20800K, committed 21120K, reserved 1067008K
  class space    used 2850K, capacity 2919K, committed 2944K, reserved 1048576K
Event: 4.224 GC heap after
Heap after GC invocations=37 (full 0):
 def new generation   total 4928K, used 511K [0x00000000c0000000, 0x00000000c0550000, 0x00000000d5550000)
  eden space 4416K,   0% used [0x00000000c0000000, 0x00000000c0000000, 0x00000000c0450000)
  from space 512K,  99% used [0x00000000c04d0000, 0x00000000c054fff8, 0x00000000c0550000)
  to   space 512K,   0% used [0x00000000c0450000, 0x00000000c0450000, 0x00000000c04d0000)
 tenured generation   total 10944K, used 5305K [0x00000000d5550000, 0x00000000d6000000, 0x0000000100000000)
   the space 10944K,  48% used [0x00000000d5550000, 0x00000000d5a7e5e0, 0x00000000d5a7e600, 0x00000000d6000000)
 Metaspace       used 20621K, capacity 20800K, committed 21120K, reserved 1067008K
  class space    used 2850K, capacity 2919K, committed 2944K, reserved 1048576K
}
Event: 4.230 GC heap before
{Heap before GC invocations=37 (full 0):
 def new generation   total 4928K, used 993K [0x00000000c0000000, 0x00000000c0550000, 0x00000000d5550000)
  eden space 4416K,  10% used [0x00000000c0000000, 0x00000000c0078598, 0x00000000c0450000)
  from space 512K,  99% used [0x00000000c04d0000, 0x00000000c054fff8, 0x00000000c0550000)
  to   space 512K,   0% used [0x00000000c0450000, 0x00000000c0450000, 0x00000000c04d0000)
 tenured generation   total 10944K, used 5305K [0x00000000d5550000, 0x00000000d6000000, 0x0000000100000000)
   the space 10944K,  48% used [0x00000000d5550000, 0x00000000d5a7e5e0, 0x00000000d5a7e600, 0x00000000d6000000)
 Metaspace       used 20848K, capacity 21024K, committed 21248K, reserved 1067008K
  class space    used 2865K, capacity 2951K, committed 3072K, reserved 1048576K
Event: 4.253 GC heap after
Heap after GC invocations=38 (full 1):
 def new generation   total 4992K, used 0K [0x00000000c0000000, 0x00000000c0560000, 0x00000000d5550000)
  eden space 4480K,   0% used [0x00000000c0000000, 0x00000000c0000000, 0x00000000c0460000)
  from space 512K,   0% used [0x00000000c0460000, 0x00000000c0460000, 0x00000000c04e0000)
  to   space 512K,   0% used [0x00000000c04e0000, 0x00000000c04e0000, 0x00000000c0560000)
 tenured generation   total 10944K, used 5143K [0x00000000d5550000, 0x00000000d6000000, 0x0000000100000000)
   the space 10944K,  47% used [0x00000000d5550000, 0x00000000d5a55f88, 0x00000000d5a56000, 0x00000000d6000000)
 Metaspace       used 20848K, capacity 21024K, committed 21248K, reserved 1067008K
  class space    used 2865K, capacity 2951K, committed 3072K, reserved 1048576K
}
Event: 4.395 GC heap before
{Heap before GC invocations=38 (full 1):
 def new generation   total 4992K, used 4480K [0x00000000c0000000, 0x00000000c0560000, 0x00000000d5550000)
  eden space 4480K, 100% used [0x00000000c0000000, 0x00000000c0460000, 0x00000000c0460000)
  from space 512K,   0% used [0x00000000c0460000, 0x00000000c0460000, 0x00000000c04e0000)
  to   space 512K,   0% used [0x00000000c04e0000, 0x00000000c04e0000, 0x00000000c0560000)
 tenured generation   total 10944K, used 5143K [0x00000000d5550000, 0x00000000d6000000, 0x0000000100000000)
   the space 10944K,  47% used [0x00000000d5550000, 0x00000000d5a55f88, 0x00000000d5a56000, 0x00000000d6000000)
 Metaspace       used 21933K, capacity 22124K, committed 22400K, reserved 1069056K
  class space    used 3007K, capacity 3081K, committed 3200K, reserved 1048576K
Event: 4.397 GC heap after
Heap after GC invocations=39 (full 1):
 def new generation   total 4992K, used 512K [0x00000000c0000000, 0x00000000c0560000, 0x00000000d5550000)
  eden space 4480K,   0% used [0x00000000c0000000, 0x00000000c0000000, 0x00000000c0460000)
  from space 512K, 100% used [0x00000000c04e0000, 0x00000000c0560000, 0x00000000c0560000)
  to   space 512K,   0% used [0x00000000c0460000, 0x00000000c0460000, 0x00000000c04e0000)
 tenured generation   total 10944K, used 5407K [0x00000000d5550000, 0x00000000d6000000, 0x0000000100000000)
   the space 10944K,  49% used [0x00000000d5550000, 0x00000000d5a97e68, 0x00000000d5a98000, 0x00000000d6000000)
 Metaspace       used 21933K, capacity 22124K, committed 22400K, reserved 1069056K
  class space    used 3007K, capacity 3081K, committed 3200K, reserved 1048576K
}
Event: 4.506 GC heap before
{Heap before GC invocations=39 (full 1):
 def new generation   total 4992K, used 4992K [0x00000000c0000000, 0x00000000c0560000, 0x00000000d5550000)
  eden space 4480K, 100% used [0x00000000c0000000, 0x00000000c0460000, 0x00000000c0460000)
  from space 512K, 100% used [0x00000000c04e0000, 0x00000000c0560000, 0x00000000c0560000)
  to   space 512K,   0% used [0x00000000c0460000, 0x00000000c0460000, 0x00000000c04e0000)
 tenured generation   total 10944K, used 5407K [0x00000000d5550000, 0x00000000d6000000, 0x0000000100000000)
   the space 10944K,  49% used [0x00000000d5550000, 0x00000000d5a97e68, 0x00000000d5a98000, 0x00000000d6000000)
 Metaspace       used 22482K, capacity 22700K, committed 22912K, reserved 1069056K
  class space    used 3084K, capacity 3145K, committed 3200K, reserved 1048576K
Event: 4.509 GC heap after
Heap after GC invocations=40 (full 1):
 def new generation   total 4992K, used 511K [0x00000000c0000000, 0x00000000c0560000, 0x00000000d5550000)
  eden space 4480K,   0% used [0x00000000c0000000, 0x00000000c0000000, 0x00000000c0460000)
  from space 512K,  99% used [0x00000000c0460000, 0x00000000c04dfe80, 0x00000000c04e0000)
  to   space 512K,   0% used [0x00000000c04e0000, 0x00000000c04e0000, 0x00000000c0560000)
 tenured generation   total 10944K, used 5606K [0x00000000d5550000, 0x00000000d6000000, 0x0000000100000000)
   the space 10944K,  51% used [0x00000000d5550000, 0x00000000d5ac9878, 0x00000000d5ac9a00, 0x00000000d6000000)
 Metaspace       used 22482K, capacity 22700K, committed 22912K, reserved 1069056K
  class space    used 3084K, capacity 3145K, committed 3200K, reserved 1048576K
}
Event: 4.616 GC heap before
{Heap before GC invocations=40 (full 1):
 def new generation   total 4992K, used 4991K [0x00000000c0000000, 0x00000000c0560000, 0x00000000d5550000)
  eden space 4480K, 100% used [0x00000000c0000000, 0x00000000c0460000, 0x00000000c0460000)
  from space 512K,  99% used [0x00000000c0460000, 0x00000000c04dfe80, 0x00000000c04e0000)
  to   space 512K,   0% used [0x00000000c04e0000, 0x00000000c04e0000, 0x00000000c0560000)
 tenured generation   total 10944K, used 5606K [0x00000000d5550000, 0x00000000d6000000, 0x0000000100000000)
   the space 10944K,  51% used [0x00000000d5550000, 0x00000000d5ac9878, 0x00000000d5ac9a00, 0x00000000d6000000)
 Metaspace       used 23056K, capacity 23212K, committed 23552K, reserved 1069056K
  class space    used 3160K, capacity 3209K, committed 3328K, reserved 1048576K
Event: 4.618 GC heap after
Heap after GC invocations=41 (full 1):
 def new generation   total 4992K, used 511K [0x00000000c0000000, 0x00000000c0560000, 0x00000000d5550000)
  eden space 4480K,   0% used [0x00000000c0000000, 0x00000000c0000000, 0x00000000c0460000)
  from space 512K,  99% used [0x00000000c04e0000, 0x00000000c055ff50, 0x00000000c0560000)
  to   space 512K,   0% used [0x00000000c0460000, 0x00000000c0460000, 0x00000000c04e0000)
 tenured generation   total 10944K, used 5703K [0x00000000d5550000, 0x00000000d6000000, 0x0000000100000000)
   the space 10944K,  52% used [0x00000000d5550000, 0x00000000d5ae1e80, 0x00000000d5ae2000, 0x00000000d6000000)
 Metaspace       used 23056K, capacity 23212K, committed 23552K, reserved 1069056K
  class space    used 3160K, capacity 3209K, committed 3328K, reserved 1048576K
}
Event: 4.770 GC heap before
{Heap before GC invocations=41 (full 1):
 def new generation   total 4992K, used 4991K [0x00000000c0000000, 0x00000000c0560000, 0x00000000d5550000)
  eden space 4480K, 100% used [0x00000000c0000000, 0x00000000c0460000, 0x00000000c0460000)
  from space 512K,  99% used [0x00000000c04e0000, 0x00000000c055ff50, 0x00000000c0560000)
  to   space 512K,   0% used [0x00000000c0460000, 0x00000000c0460000, 0x00000000c04e0000)
 tenured generation   total 10944K, used 5703K [0x00000000d5550000, 0x00000000d6000000, 0x0000000100000000)
   the space 10944K,  52% used [0x00000000d5550000, 0x00000000d5ae1e80, 0x00000000d5ae2000, 0x00000000d6000000)
 Metaspace       used 23874K, capacity 24100K, committed 24448K, reserved 1071104K
  class space    used 3312K, capacity 3373K, committed 3456K, reserved 1048576K
Event: 4.772 GC heap after
Heap after GC invocations=42 (full 1):
 def new generation   total 4992K, used 511K [0x00000000c0000000, 0x00000000c0560000, 0x00000000d5550000)
  eden space 4480K,   0% used [0x00000000c0000000, 0x00000000c0000000, 0x00000000c0460000)
  from space 512K,  99% used [0x00000000c0460000, 0x00000000c04dfff8, 0x00000000c04e0000)
  to   space 512K,   0% used [0x00000000c04e0000, 0x00000000c04e0000, 0x00000000c0560000)
 tenured generation   total 10944K, used 5948K [0x00000000d5550000, 0x00000000d6000000, 0x0000000100000000)
   the space 10944K,  54% used [0x00000000d5550000, 0x00000000d5b1f390, 0x00000000d5b1f400, 0x00000000d6000000)
 Metaspace       used 23874K, capacity 24100K, committed 24448K, reserved 1071104K
  class space    used 3312K, capacity 3373K, committed 3456K, reserved 1048576K
}
Event: 4.883 GC heap before
{Heap before GC invocations=42 (full 1):
 def new generation   total 4992K, used 4991K [0x00000000c0000000, 0x00000000c0560000, 0x00000000d5550000)
  eden space 4480K, 100% used [0x00000000c0000000, 0x00000000c0460000, 0x00000000c0460000)
  from space 512K,  99% used [0x00000000c0460000, 0x00000000c04dfff8, 0x00000000c04e0000)
  to   space 512K,   0% used [0x00000000c04e0000, 0x00000000c04e0000, 0x00000000c0560000)
 tenured generation   total 10944K, used 5948K [0x00000000d5550000, 0x00000000d6000000, 0x0000000100000000)
   the space 10944K,  54% used [0x00000000d5550000, 0x00000000d5b1f390, 0x00000000d5b1f400, 0x00000000d6000000)
 Metaspace       used 24434K, capacity 24612K, committed 24960K, reserved 1071104K
  class space    used 3379K, capacity 3437K, committed 3456K, reserved 1048576K
Event: 4.885 GC heap after
Heap after GC invocations=43 (full 1):
 def new generation   total 4992K, used 511K [0x00000000c0000000, 0x00000000c0560000, 0x00000000d5550000)
  eden space 4480K,   0% used [0x00000000c0000000, 0x00000000c0000000, 0x00000000c0460000)
  from space 512K,  99% used [0x00000000c04e0000, 0x00000000c055fff0, 0x00000000c0560000)
  to   space 512K,   0% used [0x00000000c0460000, 0x00000000c0460000, 0x00000000c04e0000)
 tenured generation   total 10944K, used 6178K [0x00000000d5550000, 0x00000000d6000000, 0x0000000100000000)
   the space 10944K,  56% used [0x00000000d5550000, 0x00000000d5b58b28, 0x00000000d5b58c00, 0x00000000d6000000)
 Metaspace       used 24434K, capacity 24612K, committed 24960K, reserved 1071104K
  class space    used 3379K, capacity 3437K, committed 3456K, reserved 1048576K
}
Event: 4.995 GC heap before
{Heap before GC invocations=43 (full 1):
 def new generation   total 4992K, used 4991K [0x00000000c0000000, 0x00000000c0560000, 0x00000000d5550000)
  eden space 4480K, 100% used [0x00000000c0000000, 0x00000000c0460000, 0x00000000c0460000)
  from space 512K,  99% used [0x00000000c04e0000, 0x00000000c055fff0, 0x00000000c0560000)
  to   space 512K,   0% used [0x00000000c0460000, 0x00000000c0460000, 0x00000000c04e0000)
 tenured generation   total 10944K, used 6178K [0x00000000d5550000, 0x00000000d6000000, 0x0000000100000000)
   the space 10944K,  56% used [0x00000000d5550000, 0x00000000d5b58b28, 0x00000000d5b58c00, 0x00000000d6000000)
 Metaspace       used 24949K, capacity 25220K, committed 25600K, reserved 1071104K
  class space    used 3436K, capacity 3533K, committed 3584K, reserved 1048576K
Event: 4.998 GC heap after
Heap after GC invocations=44 (full 1):
 def new generation   total 4992K, used 511K [0x00000000c0000000, 0x00000000c0560000, 0x00000000d5550000)
  eden space 4480K,   0% used [0x00000000c0000000, 0x00000000c0000000, 0x00000000c0460000)
  from space 512K,  99% used [0x00000000c0460000, 0x00000000c04dfff0, 0x00000000c04e0000)
  to   space 512K,   0% used [0x00000000c04e0000, 0x00000000c04e0000, 0x00000000c0560000)
 tenured generation   total 10944K, used 6528K [0x00000000d5550000, 0x00000000d6000000, 0x0000000100000000)
   the space 10944K,  59% used [0x00000000d5550000, 0x00000000d5bb03e8, 0x00000000d5bb0400, 0x00000000d6000000)
 Metaspace       used 24949K, capacity 25220K, committed 25600K, reserved 1071104K
  class space    used 3436K, capacity 3533K, committed 3584K, reserved 1048576K
}
Event: 5.175 GC heap before
{Heap before GC invocations=44 (full 1):
 def new generation   total 4992K, used 4991K [0x00000000c0000000, 0x00000000c0560000, 0x00000000d5550000)
  eden space 4480K, 100% used [0x00000000c0000000, 0x00000000c0460000, 0x00000000c0460000)
  from space 512K,  99% used [0x00000000c0460000, 0x00000000c04dfff0, 0x00000000c04e0000)
  to   space 512K,   0% used [0x00000000c04e0000, 0x00000000c04e0000, 0x00000000c0560000)
 tenured generation   total 10944K, used 6528K [0x00000000d5550000, 0x00000000d6000000, 0x0000000100000000)
   the space 10944K,  59% used [0x00000000d5550000, 0x00000000d5bb03e8, 0x00000000d5bb0400, 0x00000000d6000000)
 Metaspace       used 25825K, capacity 26060K, committed 26496K, reserved 1073152K
  class space    used 3553K, capacity 3639K, committed 3712K, reserved 1048576K
Event: 5.179 GC heap after
Heap after GC invocations=45 (full 1):
 def new generation   total 4992K, used 511K [0x00000000c0000000, 0x00000000c0560000, 0x00000000d5550000)
  eden space 4480K,   0% used [0x00000000c0000000, 0x00000000c0000000, 0x00000000c0460000)
  from space 512K,  99% used [0x00000000c04e0000, 0x00000000c055fff8, 0x00000000c0560000)
  to   space 512K,   0% used [0x00000000c0460000, 0x00000000c0460000, 0x00000000c04e0000)
 tenured generation   total 10944K, used 7265K [0x00000000d5550000, 0x00000000d6000000, 0x0000000100000000)
   the space 10944K,  66% used [0x00000000d5550000, 0x00000000d5c68758, 0x00000000d5c68800, 0x00000000d6000000)
 Metaspace       used 25825K, capacity 26060K, committed 26496K, reserved 1073152K
  class space    used 3553K, capacity 3639K, committed 3712K, reserved 1048576K
}
Event: 5.269 GC heap before
{Heap before GC invocations=45 (full 1):
 def new generation   total 4992K, used 4991K [0x00000000c0000000, 0x00000000c0560000, 0x00000000d5550000)
  eden space 4480K, 100% used [0x00000000c0000000, 0x00000000c0460000, 0x00000000c0460000)
  from space 512K,  99% used [0x00000000c04e0000, 0x00000000c055fff8, 0x00000000c0560000)
  to   space 512K,   0% used [0x00000000c0460000, 0x00000000c0460000, 0x00000000c04e0000)
 tenured generation   total 10944K, used 7265K [0x00000000d5550000, 0x00000000d6000000, 0x0000000100000000)
   the space 10944K,  66% used [0x00000000d5550000, 0x00000000d5c68758, 0x00000000d5c68800, 0x00000000d6000000)
 Metaspace       used 25957K, capacity 26142K, committed 26496K, reserved 1073152K
  class space    used 3565K, capacity 3642K, committed 3712K, reserved 1048576K
Event: 5.272 GC heap after
Heap after GC invocations=46 (full 1):
 def new generation   total 4992K, used 291K [0x00000000c0000000, 0x00000000c0560000, 0x00000000d5550000)
  eden space 4480K,   0% used [0x00000000c0000000, 0x00000000c0000000, 0x00000000c0460000)
  from space 512K,  56% used [0x00000000c0460000, 0x00000000c04a8f38, 0x00000000c04e0000)
  to   space 512K,   0% used [0x00000000c04e0000, 0x00000000c04e0000, 0x00000000c0560000)
 tenured generation   total 10944K, used 7757K [0x00000000d5550000, 0x00000000d6000000, 0x0000000100000000)
   the space 10944K,  70% used [0x00000000d5550000, 0x00000000d5ce3660, 0x00000000d5ce3800, 0x00000000d6000000)
 Metaspace       used 25957K, capacity 26142K, committed 26496K, reserved 1073152K
  class space    used 3565K, capacity 3642K, committed 3712K, reserved 1048576K
}
Event: 5.333 GC heap before
{Heap before GC invocations=46 (full 1):
 def new generation   total 4992K, used 4771K [0x00000000c0000000, 0x00000000c0560000, 0x00000000d5550000)
  eden space 4480K, 100% used [0x00000000c0000000, 0x00000000c0460000, 0x00000000c0460000)
  from space 512K,  56% used [0x00000000c0460000, 0x00000000c04a8f38, 0x00000000c04e0000)
  to   space 512K,   0% used [0x00000000c04e0000, 0x00000000c04e0000, 0x00000000c0560000)
 tenured generation   total 10944K, used 7757K [0x00000000d5550000, 0x00000000d6000000, 0x0000000100000000)
   the space 10944K,  70% used [0x00000000d5550000, 0x00000000d5ce3660, 0x00000000d5ce3800, 0x00000000d6000000)
 Metaspace       used 25981K, capacity 26206K, committed 26496K, reserved 1073152K
  class space    used 3566K, capacity 3642K, committed 3712K, reserved 1048576K
Event: 5.335 GC heap after
Heap after GC invocations=47 (full 1):
 def new generation   total 4992K, used 132K [0x00000000c0000000, 0x00000000c0560000, 0x00000000d5550000)
  eden space 4480K,   0% used [0x00000000c0000000, 0x00000000c0000000, 0x00000000c0460000)
  from space 512K,  25% used [0x00000000c04e0000, 0x00000000c05011b8, 0x00000000c0560000)
  to   space 512K,   0% used [0x00000000c0460000, 0x00000000c0460000, 0x00000000c04e0000)
 tenured generation   total 10944K, used 7848K [0x00000000d5550000, 0x00000000d6000000, 0x0000000100000000)
   the space 10944K,  71% used [0x00000000d5550000, 0x00000000d5cfa2e8, 0x00000000d5cfa400, 0x00000000d6000000)
 Metaspace       used 25981K, capacity 26206K, committed 26496K, reserved 1073152K
  class space    used 3566K, capacity 3642K, committed 3712K, reserved 1048576K
}
Event: 5.407 GC heap before
{Heap before GC invocations=47 (full 1):
 def new generation   total 4992K, used 4589K [0x00000000c0000000, 0x00000000c0560000, 0x00000000d5550000)
  eden space 4480K,  99% used [0x00000000c0000000, 0x00000000c045a530, 0x00000000c0460000)
  from space 512K,  25% used [0x00000000c04e0000, 0x00000000c05011b8, 0x00000000c0560000)
  to   space 512K,   0% used [0x00000000c0460000, 0x00000000c0460000, 0x00000000c04e0000)
 tenured generation   total 10944K, used 7848K [0x00000000d5550000, 0x00000000d6000000, 0x0000000100000000)
   the space 10944K,  71% used [0x00000000d5550000, 0x00000000d5cfa2e8, 0x00000000d5cfa400, 0x00000000d6000000)
 Metaspace       used 26085K, capacity 26366K, committed 26752K, reserved 1073152K
  class space    used 3586K, capacity 3674K, committed 3712K, reserved 1048576K
Event: 5.409 GC heap after
Heap after GC invocations=48 (full 1):
 def new generation   total 4992K, used 321K [0x00000000c0000000, 0x00000000c0560000, 0x00000000d5550000)
  eden space 4480K,   0% used [0x00000000c0000000, 0x00000000c0000000, 0x00000000c0460000)
  from space 512K,  62% used [0x00000000c0460000, 0x00000000c04b07e8, 0x00000000c04e0000)
  to   space 512K,   0% used [0x00000000c04e0000, 0x00000000c04e0000, 0x00000000c0560000)
 tenured generation   total 10944K, used 7848K [0x00000000d5550000, 0x00000000d6000000, 0x0000000100000000)
   the space 10944K,  71% used [0x00000000d5550000, 0x00000000d5cfa2e8, 0x00000000d5cfa400, 0x00000000d6000000)
 Metaspace       used 26085K, capacity 26366K, committed 26752K, reserved 1073152K
  class space    used 3586K, capacity 3674K, committed 3712K, reserved 1048576K
}
Event: 5.484 GC heap before
{Heap before GC invocations=48 (full 1):
 def new generation   total 4992K, used 4801K [0x00000000c0000000, 0x00000000c0560000, 0x00000000d5550000)
  eden space 4480K, 100% used [0x00000000c0000000, 0x00000000c0460000, 0x00000000c0460000)
  from space 512K,  62% used [0x00000000c0460000, 0x00000000c04b07e8, 0x00000000c04e0000)
  to   space 512K,   0% used [0x00000000c04e0000, 0x00000000c04e0000, 0x00000000c0560000)
 tenured generation   total 10944K, used 7848K [0x00000000d5550000, 0x00000000d6000000, 0x0000000100000000)
   the space 10944K,  71% used [0x00000000d5550000, 0x00000000d5cfa2e8, 0x00000000d5cfa400, 0x00000000d6000000)
 Metaspace       used 26461K, capacity 26686K, committed 27136K, reserved 1073152K
  class space    used 3660K, capacity 3738K, committed 3840K, reserved 1048576K
Event: 5.487 GC heap after
Heap after GC invocations=49 (full 1):
 def new generation   total 4992K, used 314K [0x00000000c0000000, 0x00000000c0560000, 0x00000000d5550000)
  eden space 4480K,   0% used [0x00000000c0000000, 0x00000000c0000000, 0x00000000c0460000)
  from space 512K,  61% used [0x00000000c04e0000, 0x00000000c052e898, 0x00000000c0560000)
  to   space 512K,   0% used [0x00000000c0460000, 0x00000000c0460000, 0x00000000c04e0000)
 tenured generation   total 10944K, used 7991K [0x00000000d5550000, 0x00000000d6000000, 0x0000000100000000)
   the space 10944K,  73% used [0x00000000d5550000, 0x00000000d5d1df58, 0x00000000d5d1e000, 0x00000000d6000000)
 Metaspace       used 26461K, capacity 26686K, committed 27136K, reserved 1073152K
  class space    used 3660K, capacity 3738K, committed 3840K, reserved 1048576K
}
Event: 5.601 GC heap before
{Heap before GC invocations=49 (full 1):
 def new generation   total 4992K, used 4794K [0x00000000c0000000, 0x00000000c0560000, 0x00000000d5550000)
  eden space 4480K, 100% used [0x00000000c0000000, 0x00000000c0460000, 0x00000000c0460000)
  from space 512K,  61% used [0x00000000c04e0000, 0x00000000c052e898, 0x00000000c0560000)
  to   space 512K,   0% used [0x00000000c0460000, 0x00000000c0460000, 0x00000000c04e0000)
 tenured generation   total 10944K, used 7991K [0x00000000d5550000, 0x00000000d6000000, 0x0000000100000000)
   the space 10944K,  73% used [0x00000000d5550000, 0x00000000d5d1df58, 0x00000000d5d1e000, 0x00000000d6000000)
 Metaspace       used 26991K, capacity 27230K, committed 27392K, reserved 1073152K
  class space    used 3745K, capacity 3834K, committed 3840K, reserved 1048576K
Event: 5.603 GC heap after
Heap after GC invocations=50 (full 1):
 def new generation   total 4992K, used 442K [0x00000000c0000000, 0x00000000c0560000, 0x00000000d5550000)
  eden space 4480K,   0% used [0x00000000c0000000, 0x00000000c0000000, 0x00000000c0460000)
  from space 512K,  86% used [0x00000000c0460000, 0x00000000c04ceab8, 0x00000000c04e0000)
  to   space 512K,   0% used [0x00000000c04e0000, 0x00000000c04e0000, 0x00000000c0560000)
 tenured generation   total 10944K, used 8032K [0x00000000d5550000, 0x00000000d6000000, 0x0000000100000000)
   the space 10944K,  73% used [0x00000000d5550000, 0x00000000d5d282d0, 0x00000000d5d28400, 0x00000000d6000000)
 Metaspace       used 26991K, capacity 27230K, committed 27392K, reserved 1073152K
  class space    used 3745K, capacity 3834K, committed 3840K, reserved 1048576K
}
Event: 5.659 GC heap before
{Heap before GC invocations=50 (full 1):
 def new generation   total 4992K, used 4922K [0x00000000c0000000, 0x00000000c0560000, 0x00000000d5550000)
  eden space 4480K, 100% used [0x00000000c0000000, 0x00000000c0460000, 0x00000000c0460000)
  from space 512K,  86% used [0x00000000c0460000, 0x00000000c04ceab8, 0x00000000c04e0000)
  to   space 512K,   0% used [0x00000000c04e0000, 0x00000000c04e0000, 0x00000000c0560000)
 tenured generation   total 10944K, used 8032K [0x00000000d5550000, 0x00000000d6000000, 0x0000000100000000)
   the space 10944K,  73% used [0x00000000d5550000, 0x00000000d5d282d0, 0x00000000d5d28400, 0x00000000d6000000)
 Metaspace       used 27317K, capacity 27582K, committed 28032K, reserved 1073152K
  class space    used 3795K, capacity 3866K, committed 3968K, reserved 1048576K
Event: 5.661 GC heap after
Heap after GC invocations=51 (full 1):
 def new generation   total 4992K, used 511K [0x00000000c0000000, 0x00000000c0560000, 0x00000000d5550000)
  eden space 4480K,   0% used [0x00000000c0000000, 0x00000000c0000000, 0x00000000c0460000)
  from space 512K,  99% used [0x00000000c04e0000, 0x00000000c055fee8, 0x00000000c0560000)
  to   space 512K,   0% used [0x00000000c0460000, 0x00000000c0460000, 0x00000000c04e0000)
 tenured generation   total 10944K, used 8124K [0x00000000d5550000, 0x00000000d6000000, 0x0000000100000000)
   the space 10944K,  74% used [0x00000000d5550000, 0x00000000d5d3f278, 0x00000000d5d3f400, 0x00000000d6000000)
 Metaspace       used 27317K, capacity 27582K, committed 28032K, reserved 1073152K
  class space    used 3795K, capacity 3866K, committed 3968K, reserved 1048576K
}
Event: 5.746 GC heap before
{Heap before GC invocations=51 (full 1):
 def new generation   total 4992K, used 4991K [0x00000000c0000000, 0x00000000c0560000, 0x00000000d5550000)
  eden space 4480K, 100% used [0x00000000c0000000, 0x00000000c0460000, 0x00000000c0460000)
  from space 512K,  99% used [0x00000000c04e0000, 0x00000000c055fee8, 0x00000000c0560000)
  to   space 512K,   0% used [0x00000000c0460000, 0x00000000c0460000, 0x00000000c04e0000)
 tenured generation   total 10944K, used 8124K [0x00000000d5550000, 0x00000000d6000000, 0x0000000100000000)
   the space 10944K,  74% used [0x00000000d5550000, 0x00000000d5d3f278, 0x00000000d5d3f400, 0x00000000d6000000)
 Metaspace       used 27906K, capacity 28158K, committed 28544K, reserved 1073152K
  class space    used 3852K, capacity 3930K, committed 3968K, reserved 1048576K
Event: 5.748 GC heap after
Heap after GC invocations=52 (full 1):
 def new generation   total 4992K, used 504K [0x00000000c0000000, 0x00000000c0560000, 0x00000000d5550000)
  eden space 4480K,   0% used [0x00000000c0000000, 0x00000000c0000000, 0x00000000c0460000)
  from space 512K,  98% used [0x00000000c0460000, 0x00000000c04de078, 0x00000000c04e0000)
  to   space 512K,   0% used [0x00000000c04e0000, 0x00000000c04e0000, 0x00000000c0560000)
 tenured generation   total 10944K, used 8375K [0x00000000d5550000, 0x00000000d6000000, 0x0000000100000000)
   the space 10944K,  76% used [0x00000000d5550000, 0x00000000d5d7dc78, 0x00000000d5d7de00, 0x00000000d6000000)
 Metaspace       used 27906K, capacity 28158K, committed 28544K, reserved 1073152K
  class space    used 3852K, capacity 3930K, committed 3968K, reserved 1048576K
}

